0
100
47 96
7 96
23 57
66 96
54 96
49 96
89 96
27 96
59 57
34 96
57 96
66 54
14 96
29 96
45 96
49 77
50 96
33 96
66 39
41 96
39 77
42 77
37 77
63 96
19 77
8 96
67 87
83 20
87 77
10 77
40 77
49 67
60 96
30 77
60 28
52 77
66 82
66 15
70 96
76 42
31 77
40 20
85 96
20 96
67 77
23 96
19 96
69 96
76 77
47 77
32 96
62 64
28 77
30 64
53 96
15 77
88 96
88 51
64 96
83 96
27 77
88 77
95 12
21 96
51 77
35 96
60 77
38 96
28 96
59 16
58 96
78 77
16 96
47 17
9 96
52 12
76 96
71 96
36 77
9 77
42 96
4 77
47 87
17 96
55 77
87 96
74 12
37 96
66 4
40 96
6 96
5 96
45 4
88 12
24 12
94 4
7 93
12 96
56 77
30 4
