0
100
29 79
62 79
69 79
25 21
45 47
43 55
36 79
17 55
10 55
77 63
57 47
31 21
58 21
62 47
59 21
32 5
21 79
5 47
45 32
49 55
36 34
16 9
18 9
19 67
3 9
16 67
62 67
25 67
52 67
22 67
59 67
60 67
2 33
19 33
45 20
3 20
10 71
20 22
71 22
37 22
10 22
19 17
2 17
35 17
19 8
42 17
0 4
71 8
45 8
4 8
5 42
30 56
29 42
43 42
54 42
56 66
1 64
48 1
18 64
6 76
3 53
76 5
2 53
64 5
70 5
1 5
16 53
18 53
24 5
58 53
59 63
58 63
48 32
77 32
32 63
25 57
24 57
44 20
12 28
44 28
4 20
10 61
65 64
59 64
65 43
16 43
48 43
59 43
77 43
75 43
7 3
6 10
3 18
7 68
29 10
68 18
65 24
37 4
13 4
27 65
