0
100
68 99
89 99
83 99
38 99
8 99
90 99
43 99
87 34
21 99
85 98
2 79
59 95
95 99
9 99
43 34
26 96
79 99
59 99
21 98
17 14
8 98
95 98
98 99
45 99
22 11
8 34
68 34
55 34
42 34
63 34
13 99
11 99
22 34
62 99
53 10
28 99
26 99
25 99
32 10
34 99
29 99
76 57
31 99
21 16
16 99
17 88
27 99
53 96
75 88
74 99
59 72
91 99
75 54
96 99
42 49
47 72
6 57
88 99
57 99
41 72
59 77
77 99
75 99
70 47
92 67
35 47
54 99
89 49
53 49
52 20
36 49
12 20
18 67
64 38
20 99
83 93
59 93
35 93
71 99
71 4
38 49
37 49
86 99
7 72
56 72
87 72
49 99
82 99
76 78
53 38
73 99
67 99
53 99
66 99
50 78
74 72
24 78
12 44
87 12
88 72
