0
100
42 99
80 99
49 99
97 99
85 99
50 99
71 99
78 99
67 99
1 99
41 99
57 2
25 99
9 5
38 99
92 2
55 36
23 99
5 99
8 86
2 99
75 99
87 99
57 36
56 99
36 99
13 99
76 99
61 99
66 99
90 99
43 99
93 99
79 99
57 99
62 15
18 15
77 99
52 99
6 15
24 99
58 99
14 15
14 99
92 99
15 99
35 99
46 89
89 99
45 99
56 82
6 99
22 99
32 99
82 99
20 59
55 59
47 99
61 17
7 59
59 99
37 99
17 99
98 99
51 99
20 99
96 99
21 99
9 86
93 86
86 99
74 99
95 99
34 99
9 99
72 29
29 99
87 40
40 99
50 62
81 16
18 99
23 83
83 99
28 99
12 27
27 99
94 99
62 99
88 99
54 99
33 99
4 99
54 60
18 65
30 99
84 99
31 16
87 16
72 65
