0
100
24 99
68 99
63 99
65 99
89 99
62 99
12 99
20 53
26 99
54 53
98 99
7 99
9 99
46 99
3 53
89 53
1 99
54 99
60 99
20 99
82 99
34 53
25 99
53 99
45 99
18 99
15 99
13 99
84 99
87 99
41 99
93 99
31 99
67 99
77 99
21 72
21 99
79 57
80 99
48 99
72 99
42 78
78 99
80 57
42 99
61 57
36 99
19 57
52 99
14 99
83 99
40 57
88 99
75 99
67 57
6 57
37 57
85 99
22 99
6 99
88 57
29 99
21 57
38 57
97 99
5 57
95 57
91 57
41 57
79 99
47 57
64 57
35 36
50 57
33 99
74 99
64 99
59 99
26 57
30 57
34 99
18 57
15 57
19 36
28 57
10 99
45 76
70 99
89 76
11 55
76 57
37 99
58 99
29 57
11 99
63 36
90 99
13 36
0 57
55 36
