0
100
34 77
77 96
27 96
89 96
53 96
33 96
14 57
39 96
20 96
57 96
58 96
24 96
43 96
70 29
76 29
95 96
1 96
25 37
41 29
81 96
0 36
6 19
6 12
26 29
14 66
75 29
92 29
1 29
6 92
36 37
14 30
75 96
2 56
66 29
79 29
27 13
25 21
12 96
29 96
58 37
37 96
15 96
3 64
94 34
69 96
70 96
95 64
34 96
64 96
36 96
6 96
2 86
30 96
94 96
74 96
71 47
51 96
92 96
27 47
90 96
86 96
15 47
76 96
6 48
7 96
67 96
46 96
73 96
14 96
6 47
70 46
53 47
47 96
48 96
71 96
9 96
40 21
42 5
56 96
23 96
6 25
61 17
44 96
58 5
85 5
17 96
84 96
0 39
49 5
54 96
71 25
68 96
88 25
78 5
2 96
80 25
94 18
45 25
68 21
1 31
