0
100
48 99
78 99
69 99
95 99
40 99
35 99
95 93
11 99
69 12
72 99
40 93
78 12
24 99
91 99
96 99
12 99
77 93
33 93
15 93
33 99
80 20
96 93
20 93
49 93
7 60
13 93
58 72
27 99
70 87
38 93
73 99
60 93
87 93
40 44
85 99
2 93
66 99
15 77
30 99
52 99
71 72
7 99
72 93
90 99
58 77
24 77
41 77
36 99
8 77
14 29
23 93
2 99
54 93
31 93
8 97
41 99
48 77
79 99
19 12
42 44
8 28
97 29
95 19
57 12
57 73
95 5
19 93
30 36
56 93
29 99
73 12
6 99
57 93
58 36
67 99
43 99
60 99
32 44
97 77
88 93
76 35
49 37
97 36
90 93
79 36
37 99
94 99
28 36
49 48
50 9
6 84
6 65
12 93
1 77
84 44
59 77
3 36
92 99
22 99
44 93
