0
100
43 90
41 28
59 90
51 90
23 90
29 28
51 60
3 90
24 75
77 28
25 28
72 28
68 60
12 57
36 49
11 90
12 31
2 90
60 90
21 39
2 14
9 39
28 90
52 90
21 64
62 75
82 84
64 90
59 14
77 84
36 90
82 39
46 84
85 90
27 90
27 84
65 58
22 75
69 84
66 14
55 14
84 90
78 90
78 39
16 75
66 39
43 27
75 90
50 90
79 47
18 14
82 90
67 39
1 47
51 39
23 24
39 90
51 14
69 63
17 14
16 88
59 33
51 63
38 14
61 14
58 14
3 14
51 89
29 80
87 63
70 88
66 88
3 88
9 24
41 88
15 63
19 10
24 90
14 90
18 90
26 90
68 33
9 90
1 90
48 90
15 10
5 90
80 90
62 10
34 90
20 90
8 10
4 90
70 90
62 33
10 90
17 33
0 90
56 25
20 33
