0
100
0 50
0 47
0 44
0 40
0 33
0 23
0 22
0 20
0 11
3 50
48 47
48 44
48 42
48 34
48 30
48 29
48 20
48 11
2 50
46 40
46 33
46 11
7 50
45 34
45 30
45 29
45 23
22 50
41 47
41 43
41 33
41 24
23 50
35 34
35 33
20 50
31 44
31 43
31 42
31 33
11 50
16 44
16 42
34 50
10 43
10 33
30 50
9 47
9 43
9 29
24 50
4 47
4 44
29 50
3 47
3 44
3 42
0 3
1 47
33 50
39 44
48 39
36 42
48 36
21 47
21 44
42 50
19 43
48 19
44 50
2 47
2 40
46 17
15 47
46 15
14 47
46 14
8 47
46 8
7 43
45 38
45 36
45 28
45 27
45 25
45 22
45 19
45 17
6 47
6 40
41 39
41 28
41 26
41 23
41 22
41 19
41 15
41 14
13 47
41 13
