0
100
46 99
33 99
59 99
64 99
12 46
68 67
9 67
22 67
11 46
92 73
26 73
15 16
45 73
31 94
2 19
49 94
28 16
64 19
94 16
38 19
52 39
45 39
47 39
36 76
64 76
55 29
79 90
14 29
77 10
66 76
30 76
90 32
21 10
75 29
78 10
96 10
34 78
18 78
92 1
43 1
22 65
7 1
81 65
93 65
52 41
5 3
36 5
95 41
3 7
5 7
35 98
98 41
40 43
23 43
9 71
59 71
63 71
81 90
13 3
6 98
97 27
52 27
57 13
4 27
72 13
69 80
86 80
84 88
88 80
62 60
91 96
11 96
31 54
25 54
87 54
84 79
58 38
89 38
17 38
68 20
21 20
84 20
0 53
11 77
60 77
59 53
81 53
69 72
14 72
97 74
4 88
28 74
69 6
21 74
15 6
82 30
17 30
15 50
56 50
18 50
