0
100
50 99
88 99
86 99
78 81
81 99
57 99
78 99
56 99
50 65
90 99
59 65
78 55
82 99
83 99
76 99
77 99
54 99
51 99
74 55
58 74
94 99
94 55
95 65
93 89
59 99
79 99
59 55
58 55
80 99
86 92
54 89
58 66
81 89
95 83
74 99
71 65
68 99
58 99
92 99
69 73
96 55
69 65
70 99
59 84
77 89
72 99
55 99
85 99
67 65
84 65
65 99
93 99
61 99
89 99
98 99
58 62
91 99
94 62
59 62
81 52
62 99
73 99
69 52
68 52
52 99
75 99
80 67
50 67
68 67
77 67
69 88
91 67
60 67
70 67
87 67
88 67
81 67
69 67
76 67
71 67
82 67
70 89
57 89
96 67
54 67
64 72
59 67
94 97
74 67
51 67
92 89
78 67
93 67
58 89
56 89
92 67
82 89
97 89
87 76
94 90
