5
75
30
48
34
58
100
79 99
20 99
54 45
65 4
39 99
96 99
89 99
87 99
4 99
25 99
12 45
10 99
83 99
73 99
6 99
28 45
24 99
41 45
59 99
65 5
53 99
32 45
73 5
51 99
31 45
21 45
60 45
96 22
42 99
0 99
82 5
36 5
60 5
51 5
25 45
87 5
1 45
25 32
42 77
90 99
40 77
71 45
55 99
21 99
78 77
22 99
1 5
43 99
40 5
81 45
6 45
11 45
41 32
19 77
63 45
33 32
65 41
12 73
7 5
35 5
7 99
86 77
32 5
44 45
41 99
10 45
94 5
71 77
65 74
71 99
78 5
96 5
85 73
94 45
38 77
15 99
81 99
73 45
93 80
72 77
74 45
1 80
28 5
33 45
6 80
31 99
44 80
91 80
31 80
64 45
91 5
47 99
67 5
68 1
19 99
89 5
82 45
17 5
23 99
32 99
