5
57
6
25
93
4
100
19 94
26 84
92 46
23 94
51 94
84 94
65 94
30 94
70 53
41 94
46 94
36 79
67 94
68 94
24 94
79 94
85 94
53 94
90 94
23 92
34 5
17 94
92 94
56 94
27 5
32 87
33 94
85 5
37 58
30 38
18 94
18 47
28 94
38 5
70 5
29 94
17 47
87 94
58 5
56 5
47 94
42 94
42 5
80 5
35 5
38 94
90 5
83 94
1 5
77 5
52 5
27 59
63 5
7 5
21 59
27 33
5 94
88 94
60 94
71 94
91 69
55 94
48 94
12 94
85 11
67 75
18 69
37 11
89 69
18 75
21 94
33 69
10 69
0 94
75 94
37 94
62 94
44 94
34 72
27 81
74 94
46 72
78 72
84 69
58 69
22 94
81 94
27 69
74 72
2 94
89 72
14 94
70 69
58 72
58 43
11 94
23 40
92 69
72 94
74 69
