0
87
78 98
79 98
97 98
97 96
94 95
91 93
92 93
77 85
78 85
78 97
91 92
90 89
88 89
66 80
80 81
82 86
82 81
83 88
83 82
67 75
66 75
70 76
68 76
67 76
77 76
73 77
73 79
54 56
63 74
71 72
72 73
53 54
45 54
55 54
55 56
40 45
39 45
51 45
53 61
51 61
70 61
71 70
47 69
58 69
58 68
65 68
64 67
47 58
42 47
47 46
32 41
33 42
30 32
43 42
30 33
31 34
35 34
35 48
44 48
49 48
44 49
36 50
52 50
36 40
37 40
37 39
24 29
23 24
28 36
29 37
24 36
27 31
30 31
11 22
23 28
11 28
14 16
15 17
15 16
0 10
11 23
10 22
1 10
2 30
2 9
2 7
3 6
