0
100
44 38
38 99
26 99
17 99
98 99
59 99
90 88
0 99
18 88
88 99
53 99
9 99
56 99
91 99
94 99
53 72
72 99
77 99
3 99
5 99
85 99
43 99
60 99
2 99
1 99
45 99
29 99
61 99
34 99
40 99
48 99
73 99
39 99
64 99
80 99
20 99
98 15
28 99
15 99
79 99
62 99
32 99
46 99
19 30
44 30
57 99
49 99
89 99
29 30
42 99
54 99
30 99
41 99
43 36
78 99
36 99
96 99
67 99
63 99
8 21
23 71
8 71
21 99
90 4
77 71
71 99
7 99
87 99
75 99
44 51
65 99
51 99
84 99
28 11
77 11
17 11
17 82
82 11
24 11
2 11
76 11
70 11
47 11
53 11
8 11
71 11
59 11
46 11
92 11
12 11
74 11
44 11
80 11
4 11
37 11
10 11
69 11
55 11
67 11
23 11
