0
100
30 37
42 14
51 74
30 42
30 52
12 30
14 74
57 74
42 74
73 74
37 74
20 74
25 74
0 74
24 74
61 18
66 74
49 74
9 39
31 18
47 34
32 74
9 74
2 34
50 74
39 74
28 50
41 18
25 18
35 34
18 74
64 74
12 74
62 74
8 74
43 74
43 34
64 34
41 74
34 74
48 74
71 74
4 74
58 74
44 74
71 40
64 40
64 66
46 54
10 74
9 40
66 17
42 17
1 74
47 56
3 54
70 40
51 1
47 74
19 17
73 40
71 52
47 40
49 17
16 52
40 74
13 17
56 74
60 74
15 74
9 17
16 54
28 54
54 74
13 64
15 17
6 74
30 23
10 17
3 74
23 17
33 74
67 17
31 74
52 74
44 17
59 74
21 74
13 27
27 17
16 74
28 17
24 17
65 74
45 74
46 74
27 74
35 74
13 74
28 74
