0
100
38 82
80 82
23 44
29 82
56 82
12 13
61 62
74 82
52 53
53 82
74 72
64 24
56 24
41 44
79 24
23 82
23 24
53 44
61 80
48 62
1 72
62 13
17 24
50 82
17 51
47 44
7 24
24 82
65 44
16 82
41 82
31 81
7 51
75 44
0 82
43 44
6 13
51 44
12 44
42 80
9 44
54 82
54 55
75 82
38 13
54 80
4 3
4 55
12 77
0 13
81 82
77 72
16 13
1 82
17 72
79 80
5 80
48 80
63 80
30 45
7 82
21 82
70 49
55 13
10 44
22 72
64 82
78 82
22 80
49 80
7 80
45 80
58 44
3 44
76 44
71 72
5 13
64 13
10 80
61 25
72 82
12 80
11 25
45 44
7 44
62 80
14 13
78 13
11 80
64 80
65 80
30 70
60 80
34 80
12 20
60 20
17 69
2 73
52 20
25 80
