0
100
51 54
38 49
22 49
41 49
14 49
20 49
18 16
7 49
46 36
9 49
33 49
6 49
50 53
51 52
28 42
16 49
42 49
28 49
17 27
8 49
6 27
31 49
11 49
45 27
2 49
38 27
4 27
3 27
4 49
40 49
7 27
30 27
43 27
1 49
25 49
14 27
29 27
46 27
39 27
0 27
18 49
26 27
39 49
41 48
6 13
23 13
22 27
44 49
0 49
18 47
41 13
17 13
48 27
12 27
38 22
23 27
47 49
36 27
18 27
46 13
15 27
15 49
8 27
43 13
36 13
30 13
20 13
26 49
11 13
18 13
34 49
34 27
10 47
9 10
2 27
24 13
33 13
28 27
38 13
41 10
12 32
2 48
40 10
32 27
19 49
37 27
36 49
20 44
42 47
20 4
25 27
42 27
29 47
12 49
44 13
43 49
7 47
48 49
16 10
1 27
