0
100
42 99
40 99
24 99
75 13
88 64
53 13
27 99
54 99
64 13
78 13
10 13
92 13
37 13
16 99
6 99
19 99
38 99
68 99
20 99
20 38
6 94
90 13
66 46
78 99
94 99
12 46
85 13
61 99
64 99
32 93
78 15
79 93
46 99
81 99
2 62
2 99
23 62
7 13
62 99
66 41
0 9
15 99
77 13
17 14
86 13
51 14
8 93
60 41
66 93
82 93
65 13
7 41
8 13
56 14
65 99
17 99
14 13
47 13
40 44
81 13
60 99
82 13
79 13
9 13
67 93
34 32
88 32
51 99
71 80
46 41
20 13
77 41
80 99
32 44
88 13
39 13
44 99
26 93
42 93
55 99
52 63
35 41
97 93
71 18
35 11
34 11
87 13
6 18
19 13
7 11
1 41
76 41
1 99
81 11
28 11
6 69
17 41
42 41
90 99
12 41
