0
100
45 99
46 99
17 99
15 99
44 99
67 99
80 99
62 60
22 60
67 69
26 69
52 60
10 60
3 86
30 88
88 60
86 60
25 60
79 60
53 66
32 66
61 56
66 60
38 60
27 97
67 97
30 60
30 97
82 60
97 60
87 60
51 85
30 85
61 39
26 39
39 85
81 85
5 85
31 85
36 85
3 66
30 56
45 14
19 66
50 66
56 66
46 68
83 66
57 66
61 66
41 68
12 68
90 66
80 66
65 68
83 68
61 68
48 66
49 42
1 42
55 42
3 42
87 42
62 71
12 42
90 71
56 71
70 71
15 23
26 84
2 23
4 23
35 23
16 23
25 84
11 23
33 84
8 77
30 84
77 84
59 23
38 84
21 23
48 84
3 84
67 23
58 69
49 69
52 69
10 69
35 69
22 92
90 69
3 92
24 92
96 92
5 69
76 92
62 69
90 92
