0
100
98 99
97 99
94 96
95 99
96 99
93 99
92 99
91 99
90 99
94 99
87 99
88 99
89 99
85 99
86 99
82 99
82 84
83 99
84 99
79 81
78 99
81 99
78 80
75 99
77 99
80 99
77 79
74 99
76 99
79 99
71 99
71 73
70 99
73 99
70 72
65 99
69 99
72 99
67 99
66 99
66 68
64 99
68 99
63 99
58 99
62 99
57 99
61 99
56 99
60 99
51 99
55 99
59 99
50 99
54 99
49 99
53 99
48 99
52 99
43 99
47 99
42 99
46 99
41 99
45 99
31 99
40 99
44 99
39 99
36 99
35 99
34 99
38 99
33 99
37 99
32 99
29 99
30 99
27 99
28 99
24 99
25 99
26 99
22 99
23 99
20 99
21 99
17 99
18 99
19 99
15 99
16 99
13 99
14 99
10 99
11 99
12 99
8 99
9 99
6 99
