0
95
91 99
17 46
86 46
7 19
7 67
17 19
17 73
1 20
27 20
44 19
2 5
1 21
70 19
57 19
4 5
12 5
5 61
18 40
24 83
40 42
7 16
7 28
39 28
1 11
87 11
2 11
7 10
12 1
2 1
2 48
33 1
2 94
0 81
30 10
2 15
4 1
10 1
6 1
2 74
14 23
66 1
3 90
13 17
7 60
24 17
62 27
4 54
72 17
54 17
14 26
14 38
27 17
84 38
26 17
7 35
7 22
14 22
80 54
93 54
76 54
53 64
24 95
7 4
2 4
2 9
32 55
25 14
30 14
2 78
2 14
21 85
2 21
18 31
2 29
3 24
45 32
13 7
59 91
2 7
33 7
2 34
18 7
8 7
80 7
50 52
69 7
59 68
2 41
0 3
2 3
59 30
18 37
0 2
13 2
18 2
