0
100
66 99
81 99
20 99
23 99
93 35
1 96
71 77
12 99
22 77
96 77
45 80
36 35
80 35
53 99
77 99
31 35
36 99
74 95
76 99
89 99
87 60
46 59
87 35
95 99
63 99
78 35
66 60
9 59
47 35
19 35
6 99
52 35
43 9
58 10
11 10
68 50
43 59
69 35
1 35
8 59
26 60
44 55
51 44
17 35
44 60
75 60
84 15
55 60
64 59
53 60
92 99
9 99
47 99
50 35
48 35
12 45
10 35
71 99
71 35
11 51
76 80
20 60
87 59
2 60
70 60
30 59
3 35
8 35
2 35
22 99
6 80
45 99
33 60
51 99
86 35
44 35
40 99
7 60
94 60
37 94
52 99
2 59
94 59
37 99
97 99
82 7
51 38
91 99
80 60
51 60
3 59
58 72
96 35
22 59
5 99
93 59
93 85
74 60
98 35
1 59
