0
100
46 98
44 98
47 98
48 98
43 98
34 45
38 45
26 45
8 45
42 45
6 28
30 45
22 45
14 45
58 45
88 45
28 45
48 45
78 45
64 45
84 45
18 45
26 68
7 68
33 68
6 38
14 68
4 21
4 71
6 21
33 38
83 38
42 22
34 38
32 21
42 47
46 38
4 20
17 38
22 38
42 72
32 71
2 21
97 38
28 38
32 96
16 21
16 71
18 38
44 23
36 47
44 21
23 38
44 47
26 43
29 96
48 47
8 43
21 38
19 72
30 43
44 71
34 95
26 93
44 96
26 95
96 38
8 93
20 47
32 43
43 38
48 11
15 72
72 38
10 71
42 95
95 38
32 93
34 70
47 38
14 93
13 20
29 20
30 19
26 20
30 44
79 20
19 20
30 54
30 69
30 94
69 20
9 20
3 20
6 42
5 20
39 20
33 20
59 20
63 20
