0
100
0 99
85 57
0 85
19 99
23 57
53 99
23 99
86 33
57 99
87 99
87 31
42 2
37 31
85 99
92 2
89 99
44 99
6 2
31 99
76 2
71 99
2 99
38 99
0 55
90 99
4 99
30 99
58 99
10 99
74 99
86 99
33 99
67 99
41 99
37 99
59 52
17 99
52 99
43 99
88 99
51 99
54 99
7 99
80 99
79 99
77 99
48 99
3 99
83 99
20 99
42 96
55 99
96 99
87 29
35 99
93 99
68 99
36 99
6 99
26 99
36 29
12 99
42 21
29 99
21 99
96 65
67 65
42 65
88 65
86 65
85 65
74 65
1 15
94 65
1 41
40 65
15 65
39 65
6 8
38 65
8 65
42 77
10 65
94 14
14 65
5 65
77 65
23 50
50 65
6 65
37 65
63 65
28 65
0 65
35 65
19 80
19 65
1 81
20 65
73 65
