5
11
32
49
23
96
100
2 99
70 99
0 99
75 99
91 99
76 99
10 99
63 99
47 79
79 99
41 99
95 98
48 98
33 98
4 98
13 97
97 98
16 98
71 98
17 27
88 27
27 98
35 82
20 98
76 10
16 10
74 82
65 82
78 31
65 31
87 82
71 19
10 98
19 82
55 82
20 82
47 75
7 75
91 75
76 75
84 75
4 75
40 75
21 75
78 75
70 75
67 75
31 75
8 97
66 97
69 97
83 97
2 12
95 97
48 12
54 12
52 12
7 12
80 12
88 12
33 12
1 12
89 12
76 92
69 12
35 12
50 12
92 12
17 12
0 19
25 19
58 19
89 19
46 59
54 19
39 19
43 19
22 19
17 19
68 19
18 19
85 19
53 19
80 19
87 19
53 92
68 92
0 92
44 92
76 94
94 92
25 92
87 92
79 92
13 92
91 16
46 16
8 47
91 37
30 16
