5
49
69
23
90
58
100
97 99
92 40
18 99
17 99
5 99
53 83
2 99
66 99
83 99
22 99
41 15
36 99
66 3
6 77
32 77
27 99
3 99
40 99
31 15
77 14
36 41
97 29
62 10
42 15
61 41
27 15
92 99
26 99
10 14
73 43
72 15
45 41
81 41
62 94
43 99
0 15
6 15
94 99
59 14
75 14
12 99
11 99
66 59
50 41
84 14
76 41
50 99
4 14
62 15
96 59
79 41
44 15
97 15
1 41
25 59
77 41
53 14
86 14
45 99
97 41
7 14
95 14
0 14
22 14
3 41
28 15
9 99
24 99
39 15
59 15
74 99
10 41
51 99
11 14
37 15
95 54
66 14
66 48
61 48
28 14
62 99
91 14
61 15
86 15
0 99
83 14
11 15
92 54
35 14
71 15
96 41
98 86
13 99
35 99
18 41
19 99
94 14
64 54
1 54
57 99
