0
100
42 97
4 32
18 97
23 97
2 97
24 32
10 87
69 97
59 97
91 87
12 32
23 32
14 97
71 32
60 32
87 97
24 97
41 38
47 1
30 32
19 15
9 97
30 97
26 45
34 38
95 50
86 1
15 32
14 45
77 32
57 47
90 97
56 97
90 38
3 97
32 97
62 97
0 45
30 38
76 97
42 81
5 97
5 38
47 63
36 97
23 38
51 17
4 16
72 38
18 81
47 97
4 97
29 38
63 45
90 45
57 25
85 45
91 38
7 45
16 97
41 45
3 45
40 61
86 81
33 81
24 38
35 81
41 25
90 81
77 45
22 43
43 38
69 61
57 61
40 75
75 25
96 38
18 25
23 61
84 45
70 61
86 97
58 97
93 45
81 97
25 38
49 97
61 97
79 38
42 38
91 30
4 38
10 38
71 97
60 38
23 45
8 6
86 45
19 45
77 38
