5
54
50
46
88
27
100
17 95
16 95
48 81
33 95
2 95
63 95
26 95
18 95
71 95
83 95
81 95
57 95
10 95
40 95
12 82
25 95
33 70
7 95
70 95
29 95
23 95
62 20
87 95
67 20
43 95
68 95
59 63
5 95
85 21
36 35
5 20
16 20
91 21
43 8
32 73
79 95
59 73
64 20
35 95
37 73
59 85
10 20
89 37
36 73
31 30
12 63
82 8
37 95
91 95
31 53
2 20
43 53
94 63
73 95
31 2
58 20
21 95
69 95
51 20
82 13
47 85
32 63
91 31
43 20
85 63
2 63
49 20
8 95
72 63
63 20
13 95
90 95
6 20
72 20
82 92
92 20
49 76
59 95
59 89
12 80
19 95
25 20
69 19
74 20
24 95
11 95
45 20
89 95
93 95
19 20
9 95
94 95
84 65
47 95
12 76
26 20
32 95
85 20
17 20
60 95
