0
100
0 91
74 91
9 13
29 91
46 91
2 34
42 91
2 82
13 91
38 27
54 88
18 91
25 91
88 91
74 77
34 91
82 91
77 91
3 27
22 76
9 91
25 47
83 91
29 47
27 91
76 91
12 87
70 91
51 47
73 47
80 11
19 7
66 7
59 87
85 91
8 47
47 91
14 91
68 5
79 37
87 91
61 91
65 7
12 80
7 91
80 91
56 91
52 91
60 37
12 91
62 37
84 37
79 91
60 91
54 37
82 37
87 37
46 40
84 91
4 37
89 91
40 91
80 37
38 37
78 37
27 37
35 91
55 37
44 91
15 37
48 91
35 86
10 86
81 37
73 86
80 86
59 86
59 71
28 91
42 85
85 86
76 37
14 90
90 91
53 63
2 42
89 52
37 91
63 91
66 91
19 91
22 36
51 91
60 36
43 91
36 91
62 91
58 91
78 91
6 16
