0
100
23 84
25 84
71 84
3 43
83 84
21 48
11 84
31 84
31 43
17 84
54 48
1 84
78 15
51 31
68 48
31 61
15 84
60 84
21 84
36 84
5 61
48 84
61 84
75 84
20 84
80 43
73 64
11 74
68 84
64 84
74 43
7 24
25 82
42 43
33 84
80 84
26 43
12 43
63 84
23 82
24 84
7 82
65 43
76 84
69 43
72 82
64 43
34 43
45 43
29 50
13 84
53 43
63 82
7 79
40 43
27 43
56 84
79 43
18 43
3 84
43 84
55 84
49 50
72 84
79 84
62 50
7 28
54 84
74 50
24 50
28 84
27 84
49 22
6 84
51 22
44 59
27 32
75 50
69 84
22 84
19 84
14 50
59 50
44 84
58 50
78 84
40 50
55 50
47 32
44 50
12 50
50 84
9 41
65 84
73 41
52 41
40 41
24 41
27 41
53 41
