0
100
97 98
97 91
97 84
97 77
97 70
97 63
97 56
97 49
97 42
97 35
97 28
97 21
97 14
97 7
90 98
90 91
90 84
90 77
90 70
90 63
90 56
90 49
90 42
90 35
90 28
90 21
90 14
90 7
83 98
83 91
83 84
83 77
83 70
83 63
83 56
83 49
83 42
83 35
83 28
83 21
83 14
83 7
76 98
76 91
76 84
76 77
76 70
76 63
76 56
76 49
76 42
76 35
76 28
76 21
76 14
76 7
69 98
69 91
69 84
69 77
69 70
69 63
69 56
69 49
69 42
69 35
69 28
69 21
69 14
69 7
62 98
62 91
62 84
62 77
62 70
62 63
62 56
62 49
62 42
62 35
62 28
62 21
62 14
62 7
55 98
55 91
55 84
55 77
55 70
55 63
55 56
55 49
55 42
55 35
55 28
55 21
55 14
55 7
48 98
48 91
