0
96
94 99
50 99
38 99
86 99
52 99
79 99
53 25
10 85
68 25
65 74
89 95
73 95
88 51
28 40
86 51
30 14
97 28
98 19
27 28
73 28
82 19
42 19
81 67
23 62
81 62
27 62
97 54
82 48
65 48
87 75
84 75
8 16
45 75
8 11
56 93
68 11
88 93
83 93
39 93
49 47
96 71
29 20
50 31
77 66
18 83
26 66
7 66
21 83
17 21
15 37
3 37
65 37
56 37
82 37
63 37
46 38
9 38
58 80
8 63
96 42
58 42
6 43
2 42
50 43
70 63
7 33
59 22
29 26
30 26
7 4
84 44
91 10
0 98
29 69
84 98
69 98
72 78
58 59
87 72
23 1
53 92
45 76
3 18
8 87
36 9
84 64
12 56
15 61
30 61
53 90
0 29
55 97
35 6
0 3
5 3
35 34
