0
100
0 99
0 90
0 89
0 88
0 87
86 99
85 99
84 99
83 99
82 99
81 99
0 75
0 74
0 73
0 72
0 71
85 90
85 89
85 88
0 85
84 90
84 89
84 88
0 84
83 90
83 89
83 88
0 83
82 90
82 89
82 88
0 82
81 90
81 89
81 88
0 81
80 75
80 74
80 73
80 72
0 80
79 75
79 74
79 73
79 72
0 79
78 75
78 74
78 73
78 72
0 78
77 75
77 74
77 73
77 72
0 77
76 75
76 74
76 73
76 72
0 76
86 85
86 84
86 83
86 82
87 99
70 75
70 74
70 73
70 72
35 70
69 75
69 74
69 73
69 72
35 69
68 75
68 74
68 73
68 72
35 68
67 75
67 74
67 73
67 72
35 67
66 75
66 74
66 73
66 72
35 66
65 75
65 74
65 73
65 72
35 65
64 75
64 74
64 73
64 72
