0
100
8 99
47 99
62 22
63 22
59 22
87 99
22 99
71 99
48 99
57 99
9 99
6 99
89 99
3 99
28 1
16 99
28 99
26 99
66 99
0 99
1 99
88 99
75 99
78 38
27 40
40 99
92 99
14 99
64 99
31 30
82 99
97 99
44 30
61 38
8 38
73 99
11 54
96 38
82 38
54 99
96 23
38 99
17 30
42 30
41 30
8 24
43 99
37 99
34 99
24 99
17 99
68 99
71 30
0 61
35 99
35 30
84 99
13 99
37 30
44 51
72 29
69 29
62 99
21 30
85 56
92 30
15 83
56 99
69 99
31 83
13 83
51 30
67 45
35 83
88 30
25 99
0 78
45 99
29 99
32 99
25 30
79 83
61 83
19 83
74 57
73 83
7 83
41 99
68 30
61 30
63 20
57 83
33 83
90 99
30 99
66 4
42 99
72 20
2 25
14 18
