0
93
94 99
93 95
90 92
85 90
92 97
85 83
81 83
86 88
83 88
91 93
91 96
89 94
80 82
85 87
82 87
86 91
86 84
79 84
75 77
72 77
74 79
69 71
69 74
71 76
72 74
73 78
70 75
68 73
56 61
64 66
63 61
54 59
68 66
57 59
62 64
62 67
70 72
58 63
62 60
55 60
51 56
53 58
49 54
50 52
47 52
50 55
46 51
48 53
44 49
37 42
44 42
40 42
43 45
50 45
35 40
33 38
36 38
48 43
39 41
36 41
24 29
34 39
32 37
33 35
32 30
23 28
25 30
16 21
26 28
27 29
26 31
34 29
22 27
18 23
20 25
19 21
22 24
17 19
16 14
12 14
4 9
11 9
0 2
5 7
10 12
17 12
1 6
11 6
10 8
3 8
15 13
18 13
15 20
