5
34
63
44
48
64
100
83 88
84 88
64 88
15 88
56 30
35 88
74 88
40 88
23 88
3 88
40 53
53 88
75 88
35 30
87 88
10 88
6 88
28 88
81 30
16 88
67 30
29 30
42 88
28 30
77 88
56 66
70 30
78 30
67 88
76 88
57 30
2 88
27 88
46 88
3 66
84 75
86 88
66 88
21 30
50 88
17 88
18 88
55 88
6 30
54 88
79 30
31 88
56 31
22 30
80 88
12 79
68 30
4 59
29 59
29 14
46 68
72 30
60 4
47 30
86 30
60 59
31 30
79 88
11 30
36 88
42 30
59 88
39 88
5 30
85 30
6 14
71 30
4 30
32 14
8 14
68 88
83 30
21 14
51 14
9 14
41 30
35 14
10 30
27 30
38 14
21 45
7 45
26 14
61 43
66 30
79 14
72 14
36 14
50 14
43 45
40 30
53 45
77 45
53 14
6 45
