5
55
43
60
35
34
100
22 99
34 99
34 95
52 90
71 99
7 99
95 99
90 99
84 99
40 99
9 99
20 99
51 99
16 99
87 99
3 99
19 99
69 99
74 18
31 67
59 67
8 99
74 99
15 99
21 99
51 94
76 99
57 99
63 99
18 99
17 99
67 99
32 99
94 99
77 99
80 99
77 24
33 99
1 24
24 99
14 99
77 48
98 99
48 99
81 99
16 49
56 99
64 99
36 99
78 99
5 99
39 99
49 99
79 99
16 25
45 99
72 99
1 99
6 99
31 25
75 28
91 86
53 13
54 99
52 13
28 99
25 99
23 99
46 99
86 99
5 37
91 13
13 99
30 99
51 47
74 27
37 99
59 4
89 99
50 99
52 99
41 27
47 99
65 99
82 99
27 99
92 99
96 99
62 97
4 99
26 99
85 99
52 97
59 40
5 2
40 97
78 97
91 97
14 97
29 97
