0
93
2 1
0 99
4 99
0 1
3 1
97 99
21 1
0 98
96 98
19 96
94 96
25 95
92 94
21 20
90 92
47 45
91 93
44 45
18 20
29 20
56 90
89 91
87 91
7 82
89 88
35 87
84 86
38 85
87 86
83 84
81 83
80 82
80 81
80 79
76 75
76 77
78 77
74 75
73 75
36 38
13 38
36 37
56 39
42 41
19 43
62 42
46 44
31 33
35 33
32 33
68 70
9 10
12 11
9 11
10 70
69 70
69 71
54 53
73 71
53 71
74 72
23 50
78 76
49 50
47 48
49 48
52 51
18 54
9 56
23 24
22 24
58 57
25 24
25 27
29 27
28 26
25 26
29 28
6 34
30 29
2 4
5 6
7 8
9 8
15 14
14 12
13 12
10 8
15 13
18 16
17 15
19 17
0 23
