0
100
69 99
78 99
81 99
71 99
33 99
94 99
72 34
59 41
75 99
60 9
5 99
35 38
72 38
37 34
57 34
73 41
22 9
84 61
3 41
71 9
33 9
37 9
34 99
17 9
56 41
92 79
41 99
85 99
38 99
51 9
9 99
49 99
53 99
37 73
73 99
51 99
72 35
35 99
84 99
70 99
54 99
86 99
66 99
88 99
57 42
43 99
42 99
76 99
59 99
61 99
27 99
28 99
37 99
2 99
95 99
96 99
18 99
94 23
12 99
30 99
87 99
35 14
58 99
14 99
44 99
3 23
32 23
39 99
22 99
23 99
92 99
78 19
19 99
26 4
72 4
90 99
64 99
4 99
97 99
67 99
68 99
56 99
62 99
55 99
93 99
89 99
16 99
60 13
17 99
51 13
83 13
7 13
72 13
17 13
45 99
18 8
8 99
6 99
40 25
40 99
