0
100
0 99
64 20
69 99
86 20
26 65
20 99
54 99
80 65
96 65
65 99
23 68
28 99
96 99
26 90
37 68
10 68
30 68
77 99
52 99
57 99
55 75
81 90
11 90
84 99
74 68
13 99
10 38
93 90
59 90
77 75
48 90
87 90
39 75
38 99
29 90
23 7
58 90
24 75
14 68
58 20
48 99
34 90
90 99
25 68
0 68
2 99
29 68
23 2
18 68
57 20
77 20
24 20
87 99
39 66
9 68
92 99
14 2
81 20
87 20
92 66
80 2
46 66
7 41
87 66
97 20
93 66
65 20
7 66
34 66
41 99
68 99
79 53
86 31
64 11
67 66
55 83
53 42
38 66
54 31
79 11
67 31
11 3
3 42
61 42
53 66
7 99
10 42
37 41
17 31
17 99
31 99
26 73
79 66
89 42
17 66
57 89
92 42
10 59
79 33
19 99
