5
13
36
50
2
15
100
35 60
40 60
22 57
14 60
59 60
16 57
11 60
44 57
21 57
9 57
16 43
32 57
44 43
46 57
38 57
18 57
24 57
54 57
33 57
35 57
43 57
26 57
6 57
9 10
30 57
37 57
34 57
8 57
44 10
19 57
11 57
3 57
59 57
41 57
44 48
1 57
29 57
10 57
52 57
28 57
53 57
20 57
51 57
5 57
4 57
27 57
44 40
47 57
39 57
48 57
49 57
45 57
12 57
42 57
25 57
17 57
23 57
14 57
55 57
7 57
58 57
21 40
22 56
40 57
56 57
22 31
44 31
9 31
16 31
21 31
37 31
16 26
35 31
54 31
30 31
11 31
45 31
24 31
4 31
52 31
47 31
18 31
38 31
9 17
6 31
46 31
17 31
44 3
34 31
43 31
1 31
27 31
20 31
32 31
5 31
12 31
28 31
25 31
41 31
26 31
