0
100
57 99
0 57
39 75
0 39
6 85
6 62
60 62
16 10
85 99
48 13
48 82
75 99
63 99
51 62
6 51
6 47
5 10
56 99
56 10
52 62
52 13
62 99
36 99
10 99
16 82
48 26
40 13
48 40
24 99
13 99
38 82
6 14
6 17
5 82
5 14
42 99
98 35
70 26
95 84
32 14
17 99
61 84
61 82
81 84
60 67
9 82
16 14
92 82
92 35
16 92
22 26
75 26
82 99
51 35
50 99
65 14
92 14
80 84
7 99
89 84
43 99
43 26
19 35
14 99
56 84
58 35
52 34
84 99
26 99
61 81
46 99
35 99
16 30
22 99
24 67
24 64
28 99
67 99
97 99
29 99
95 93
61 93
61 90
30 99
93 99
38 92
1 99
96 80
92 99
98 99
70 99
69 90
73 80
61 46
25 99
80 99
90 99
33 99
74 99
52 31
