0
100
92 98
56 98
38 98
92 47
87 98
10 89
89 98
3 98
47 98
32 98
26 98
15 98
58 98
36 40
21 40
75 98
16 98
64 40
63 98
63 40
65 40
42 98
78 98
26 73
45 98
82 98
40 98
57 98
2 98
24 98
46 98
88 98
35 98
58 61
96 98
28 98
91 98
32 61
95 98
52 98
86 61
39 98
19 93
97 61
85 61
22 98
65 61
9 61
93 61
49 67
55 98
54 98
26 18
67 61
18 98
44 61
74 98
46 16
16 61
93 98
37 98
5 98
70 98
29 98
17 61
29 61
85 98
0 90
26 61
23 98
49 61
17 98
94 3
87 5
33 61
10 5
43 61
70 5
37 3
14 98
65 98
42 5
34 5
32 3
29 5
36 46
90 61
5 61
76 98
67 98
31 61
9 3
25 3
37 61
35 61
60 61
46 61
76 89
87 79
70 89
