0
100
64 27
20 99
13 36
35 99
16 27
0 25
36 99
70 27
45 99
33 99
51 99
84 27
9 27
27 99
15 99
1 26
29 99
32 99
10 99
77 99
25 99
64 99
90 79
98 99
45 79
46 99
7 99
39 99
93 79
92 99
73 79
13 79
50 99
90 57
21 95
95 79
97 79
57 79
0 79
73 99
3 79
21 79
24 99
4 79
28 99
22 71
10 79
26 32
70 86
75 5
75 6
76 18
57 99
34 47
91 79
32 79
33 47
82 79
22 99
86 79
42 99
48 40
71 99
53 18
90 22
50 36
47 99
50 40
73 5
23 18
89 5
53 79
79 99
0 99
41 40
75 38
76 40
54 40
21 99
38 99
72 40
95 40
78 40
77 40
13 40
56 99
61 99
9 40
54 99
97 40
89 99
3 5
36 5
81 40
76 99
40 99
0 26
49 6
97 99
42 65
