0
100
98 2
18 99
23 99
69 99
2 99
31 87
34 99
43 99
57 87
12 99
92 99
29 99
10 87
36 99
67 99
64 87
83 99
20 99
25 99
51 99
63 87
18 87
23 87
52 87
91 99
24 87
4 99
5 99
30 87
84 99
60 99
72 87
7 70
62 87
54 87
70 87
22 99
95 99
85 87
9 85
9 94
28 99
25 87
31 94
48 99
90 87
85 99
22 87
13 99
78 88
88 87
73 94
68 87
53 87
93 99
64 94
59 99
83 94
0 99
63 17
7 99
32 94
56 99
58 87
71 6
93 87
0 87
65 6
23 65
17 99
56 94
84 65
6 99
31 99
50 19
15 99
97 87
65 94
96 87
50 99
7 19
26 52
35 99
94 87
69 87
15 19
2 87
41 19
47 87
44 87
52 99
76 87
68 99
2 19
71 17
98 87
24 75
18 19
93 17
78 19
