0
100
37 82
54 82
60 82
15 82
52 82
62 82
72 82
18 82
73 82
43 17
4 82
35 82
22 23
14 82
17 82
70 82
8 23
26 82
43 2
51 82
65 23
72 65
71 82
37 23
53 82
56 24
77 82
62 65
17 23
2 82
24 23
44 82
42 82
63 82
55 6
7 64
77 5
6 82
71 13
67 82
22 5
64 82
77 33
71 23
54 46
9 23
0 13
57 82
72 1
9 82
32 10
38 23
56 10
77 46
36 44
36 32
5 23
6 23
1 23
49 33
8 49
60 13
51 23
16 32
74 33
68 33
33 82
81 32
60 23
62 13
35 23
10 23
43 23
73 23
20 49
68 13
13 82
21 49
41 49
44 23
79 49
17 49
19 49
42 49
34 49
50 49
63 45
44 45
6 49
81 49
51 49
73 45
36 49
3 49
9 49
16 49
54 49
69 45
44 49
42 45
