0
100
88 31
55 99
38 99
89 99
32 99
31 99
30 99
45 99
10 99
29 99
86 99
85 4
54 99
4 99
59 61
51 99
6 16
61 99
6 25
40 34
24 16
75 99
79 34
9 99
46 99
14 60
21 99
60 99
76 16
0 14
85 99
16 99
40 25
71 99
34 99
71 14
66 99
55 42
42 99
72 40
47 99
11 99
87 99
54 40
77 14
40 99
59 99
25 99
35 14
76 89
1 99
49 99
22 99
81 99
41 74
10 47
30 14
14 99
76 99
54 36
66 36
47 36
83 99
0 3
67 36
56 99
19 36
63 36
88 44
57 99
4 50
6 99
46 39
21 52
0 80
98 99
46 82
2 82
33 99
35 99
88 37
62 39
0 43
44 99
39 99
15 50
46 36
87 82
37 97
15 99
4 36
2 99
70 99
50 99
0 99
97 36
84 78
3 99
37 99
41 43
