0
100
0 21
52 99
78 99
50 99
21 63
63 99
28 73
3 62
72 73
10 73
19 62
56 62
16 62
38 3
93 83
15 74
97 9
97 11
23 49
9 49
38 6
18 25
87 58
77 58
86 58
46 10
56 10
12 98
19 98
78 86
98 86
8 86
61 69
23 75
94 75
15 33
24 75
16 69
40 28
90 28
42 55
50 55
90 54
88 90
61 90
95 55
52 34
17 18
79 18
94 16
98 16
37 35
52 43
92 97
22 97
88 97
22 41
89 97
45 97
88 12
11 31
52 31
40 44
93 45
8 45
88 50
37 84
95 80
21 80
81 87
0 76
61 85
17 76
64 76
8 11
17 24
77 24
32 24
71 93
64 32
22 32
57 26
7 32
77 39
91 56
60 39
56 32
15 47
68 47
92 17
38 17
81 17
0 46
42 46
70 7
38 96
77 1
15 40
95 40
15 95
