0
95
55 99
66 19
33 19
83 99
19 99
2 95
54 95
78 34
68 13
27 34
27 5
89 5
14 48
79 48
6 66
6 80
96 80
40 77
7 78
92 86
1 86
17 78
15 16
83 16
11 71
75 71
49 61
50 40
63 61
35 94
1 85
62 85
21 94
57 93
18 97
33 14
79 93
76 97
96 67
30 32
62 32
39 10
53 74
63 74
39 60
58 10
65 46
46 60
91 28
20 3
53 62
9 28
76 28
24 29
2 52
98 52
54 29
22 88
89 88
68 70
65 70
42 23
75 23
24 15
41 35
54 9
26 7
59 75
57 7
42 59
81 13
36 51
69 55
12 55
73 6
58 25
41 37
36 37
73 72
31 72
8 21
11 50
87 82
17 82
90 12
91 49
8 11
30 20
92 69
0 18
91 56
81 58
45 43
84 81
45 47
