0
100
50 98
5 98
89 98
12 98
21 35
55 98
35 98
69 71
8 98
58 98
3 71
70 98
68 98
69 30
37 98
84 71
83 71
42 91
30 98
0 79
42 98
21 94
88 98
82 98
1 90
33 98
9 10
12 21
6 61
95 71
76 71
76 2
77 94
13 10
13 90
85 61
37 79
77 71
20 71
58 79
79 98
87 48
71 98
39 24
26 98
90 10
35 10
37 40
28 24
6 98
31 40
33 47
24 10
31 57
12 34
40 10
86 98
47 10
43 98
26 10
54 98
70 10
76 98
12 10
31 94
81 10
0 1
86 94
84 94
19 10
95 10
34 98
85 10
6 10
94 10
33 64
41 10
64 10
73 98
69 10
60 98
41 98
95 98
52 10
48 98
59 10
50 1
12 67
75 98
20 98
20 10
89 10
19 1
42 10
82 10
61 98
71 10
31 10
8 10
14 98
