0
100
0 99
68 99
60 99
2 99
29 99
59 99
19 99
74 99
41 99
49 99
61 77
31 99
69 99
90 99
81 77
22 99
7 57
73 99
57 99
81 40
62 99
59 77
58 77
83 66
50 77
52 77
52 27
49 91
11 77
0 7
80 77
66 77
61 87
39 99
91 99
30 77
60 77
31 87
68 27
17 77
52 99
40 27
54 99
27 77
62 77
0 77
56 77
37 99
72 87
90 71
58 8
22 72
56 7
16 99
36 71
36 55
88 77
7 77
20 99
60 55
22 66
4 8
92 29
76 99
45 77
12 99
84 8
10 66
51 77
87 77
29 77
25 8
89 77
88 99
39 77
74 72
66 99
52 23
84 94
55 77
94 99
79 77
72 99
36 8
6 99
97 77
8 77
73 77
34 99
70 99
86 99
82 77
3 77
63 77
9 14
83 93
20 67
35 67
61 99
56 99
