0
100
53 60
54 60
59 60
56 58
57 58
56 57
49 55
38 44
54 49
43 44
53 50
47 50
53 51
52 48
47 48
40 46
40 41
47 46
39 37
42 37
36 32
42 46
35 32
40 32
28 30
27 30
10 12
30 31
39 33
47 33
38 33
39 38
36 39
39 43
47 43
40 39
0 3
2 29
28 29
1 29
27 29
3 29
30 29
27 26
26 29
24 21
17 21
20 21
19 21
14 18
21 25
20 22
19 22
30 26
22 25
22 26
20 19
23 25
27 25
24 25
24 26
23 26
28 25
0 2
1 28
1 27
1 2
5 2
24 28
23 27
3 2
4 2
24 27
0 6
0 8
5 6
7 6
10 6
4 8
1 3
5 8
7 9
7 8
9 6
7 3
10 8
4 6
8 6
5 3
0 4
7 4
1 4
0 5
0 1
7 5
10 9
11 9
10 13
8 9
12 9
