0
100
15 99
3 99
29 99
53 99
3 14
29 7
15 74
62 99
4 90
59 99
7 99
4 99
91 79
38 99
3 52
90 99
58 50
52 99
20 16
64 96
50 99
43 96
56 96
36 96
16 96
92 30
44 13
25 13
40 30
23 13
18 85
46 13
15 30
22 30
5 13
18 30
65 30
8 13
88 30
35 30
32 78
11 13
78 30
80 42
4 42
57 47
37 42
78 42
48 47
47 42
11 42
55 42
82 94
94 1
12 1
86 1
66 1
88 1
45 1
23 72
86 72
68 72
35 72
65 72
88 72
29 81
35 81
37 63
82 81
94 81
73 81
37 81
86 63
63 81
7 81
3 40
95 2
26 69
36 40
91 40
20 40
2 40
53 40
5 89
66 69
68 69
82 40
23 89
83 69
19 69
98 69
51 69
35 93
89 40
55 93
31 93
27 97
33 68
15 68
15 97
