0
100
0 99
84 99
39 99
76 67
68 99
64 99
10 99
94 99
15 99
92 99
14 67
34 67
17 67
97 67
11 98
39 98
97 99
76 45
24 98
7 99
56 98
87 98
11 28
28 77
79 77
84 49
27 49
40 49
47 5
56 5
4 5
89 49
59 49
39 36
53 36
80 36
85 36
22 36
41 70
34 79
55 36
84 70
79 70
8 47
47 70
66 70
0 71
1 71
32 71
52 34
39 34
74 34
54 34
62 34
83 34
10 34
14 43
12 34
56 43
83 60
60 43
52 24
23 24
15 24
29 35
12 35
4 24
91 24
9 31
53 33
31 35
89 35
7 35
33 35
84 35
61 35
32 35
41 35
27 35
89 42
1 42
68 42
40 47
2 47
74 47
83 47
22 47
42 47
1 59
84 59
12 82
14 16
82 59
93 50
61 59
12 50
33 59
15 59
3 16
76 65
