0
100
82 36
0 99
57 99
67 99
12 20
77 36
36 99
20 99
72 99
61 99
35 99
92 3
0 22
88 3
82 92
2 3
83 30
74 99
12 30
12 43
90 22
24 99
37 99
2 30
7 43
32 3
12 99
84 69
4 3
92 99
69 99
22 99
50 99
33 3
54 44
83 44
34 99
95 99
40 53
83 99
38 53
77 99
44 99
50 3
85 53
49 99
14 42
42 99
53 3
75 99
97 66
38 26
43 99
88 26
98 99
23 3
26 99
54 39
39 3
57 3
5 99
28 3
45 99
53 99
13 99
78 99
49 3
82 6
18 99
83 6
22 3
12 6
27 21
4 26
85 99
39 21
86 26
56 3
23 21
78 3
1 99
21 99
66 99
63 13
13 3
2 99
38 3
76 3
41 26
59 99
6 26
39 26
74 89
57 26
97 3
19 99
94 99
46 3
75 16
56 99
