0
100
84 99
0 94
25 99
46 40
93 99
40 99
17 94
38 28
78 53
28 99
46 94
3 94
63 94
14 94
35 94
17 55
59 99
2 99
78 99
55 99
65 61
65 21
66 99
28 94
74 57
61 94
43 94
0 99
29 94
77 87
86 81
83 26
6 21
21 94
23 94
81 94
6 57
11 47
0 76
79 57
42 39
90 47
83 84
69 94
86 99
96 47
85 94
29 39
3 47
31 94
0 82
76 57
86 85
57 99
11 94
38 9
3 40
7 99
78 18
40 94
93 26
46 26
50 99
89 99
4 99
96 82
78 60
4 94
11 38
62 39
87 18
48 9
39 99
70 94
87 47
26 99
8 47
41 94
84 94
62 30
74 99
76 94
91 99
66 9
30 99
6 60
37 47
68 94
56 15
25 47
42 9
73 99
29 88
17 60
60 99
96 38
89 88
23 19
15 94
74 94
