0
100
93 99
80 99
49 99
21 99
11 99
66 99
54 99
26 29
26 48
55 99
33 48
24 67
88 99
1 67
14 48
57 48
65 48
0 67
32 99
36 67
17 67
50 48
72 48
36 48
36 99
9 48
64 48
8 99
4 44
38 99
41 44
89 99
44 48
3 83
9 70
13 99
63 67
20 67
49 48
75 27
83 67
40 67
19 67
57 67
70 99
73 67
60 63
52 48
37 67
7 48
69 63
33 5
86 73
15 99
64 99
5 74
92 63
96 67
54 63
28 63
61 67
92 48
65 22
97 63
22 48
81 74
74 99
33 63
23 63
61 63
44 63
50 74
40 74
93 74
18 74
42 74
47 74
26 46
96 46
84 74
47 46
8 46
55 46
83 74
27 46
98 76
17 46
9 46
29 85
38 86
27 91
93 85
86 46
96 91
43 91
40 46
66 85
33 90
35 46
3 91
