5
44
25
70
27
61
100
5 99
18 99
35 28
35 99
28 99
77 37
98 99
19 99
93 99
41 99
37 99
54 99
73 2
39 99
68 2
35 2
40 99
67 99
96 99
84 26
2 99
15 99
74 99
69 26
13 99
54 26
22 99
43 58
58 26
11 26
57 26
3 12
98 12
42 26
12 26
0 1
49 1
46 1
92 88
75 1
35 88
8 88
82 88
92 1
67 1
40 1
43 88
87 88
3 88
48 1
34 1
66 88
8 1
94 1
43 1
98 88
83 88
39 1
62 1
6 1
89 1
42 1
85 1
80 60
35 51
51 1
30 60
11 33
58 88
33 88
7 60
35 81
60 1
92 81
7 81
4 20
4 80
41 81
8 81
35 56
90 56
48 81
2 81
21 53
72 81
4 77
84 6
80 81
56 81
14 81
53 81
9 78
83 81
6 81
21 46
72 60
78 20
67 60
6 56
20 81
