0
100
0 99
33 99
54 20
46 99
17 99
20 99
81 99
74 47
47 99
49 99
81 60
66 99
16 45
82 60
9 3
60 99
35 99
25 32
27 32
87 32
29 32
75 32
34 32
19 32
86 99
74 57
55 99
53 3
16 56
36 14
40 14
75 42
3 99
10 32
28 99
82 32
10 37
57 32
14 99
62 32
30 32
25 99
75 56
97 89
74 50
72 44
10 76
54 56
50 99
72 89
37 32
73 99
40 89
13 89
32 99
98 99
51 99
16 1
13 99
53 59
82 99
51 89
59 89
27 66
12 99
33 89
24 99
43 99
79 89
26 99
96 99
48 99
70 89
22 99
57 99
11 89
40 99
18 89
78 89
58 89
47 89
72 67
42 89
24 2
38 56
82 45
7 89
36 7
52 7
69 63
26 83
59 99
67 89
9 89
11 56
15 56
7 99
53 56
72 56
87 69
