0
100
75 99
68 51
16 99
1 15
61 4
7 12
15 99
12 99
21 84
32 99
4 99
98 37
84 99
89 51
37 99
36 99
98 29
51 99
96 5
97 99
61 5
91 5
37 5
86 5
23 99
80 99
39 99
5 99
92 99
6 95
2 99
89 30
13 9
30 99
37 9
67 95
42 99
67 9
95 99
27 99
54 99
9 99
55 99
6 99
17 99
20 99
58 99
26 99
83 87
56 99
57 24
87 99
94 82
76 99
78 99
82 99
11 14
64 99
91 99
14 99
33 99
69 45
7 40
71 99
83 40
6 47
84 45
69 47
43 99
59 40
94 45
47 99
68 99
41 40
55 40
96 99
2 40
45 99
59 99
90 99
40 99
98 8
72 99
61 99
29 99
92 38
8 99
38 99
21 22
93 99
69 99
49 99
79 34
22 99
83 13
63 99
83 99
13 99
34 99
60 99
