0
100
96 99
95 99
98 99
87 97
3 92
3 97
96 97
89 97
90 97
29 97
64 97
67 10
65 97
92 97
19 97
53 97
60 97
62 97
67 97
98 49
10 97
54 97
90 74
48 97
93 97
25 97
49 97
84 45
78 97
85 97
90 18
74 97
35 97
81 97
27 97
18 97
84 70
75 97
17 97
1 70
46 88
91 88
88 97
22 31
90 70
23 97
50 97
31 97
9 97
2 86
52 70
98 70
94 70
82 70
61 70
95 70
19 70
24 70
45 70
44 70
53 70
86 70
55 70
75 70
87 71
60 70
8 70
71 70
47 70
34 70
23 70
17 70
85 70
66 57
85 57
63 57
90 57
22 57
95 57
87 89
11 57
59 57
49 57
54 57
89 57
64 57
92 57
1 67
90 37
87 36
89 37
67 37
3 26
98 37
49 37
64 37
90 21
92 37
36 37
20 37
