0
100
66 97
3 99
41 99
23 99
66 24
40 64
42 97
76 99
11 35
59 39
48 39
75 99
97 99
57 35
6 64
52 35
24 35
91 35
57 64
42 39
98 35
47 64
54 64
22 35
5 64
46 64
22 39
56 39
20 99
84 64
60 64
90 99
82 35
20 35
26 64
33 35
36 35
1 4
46 1
65 64
4 39
14 84
14 1
90 35
1 39
44 35
23 39
14 99
8 64
48 35
98 99
92 19
73 64
16 39
13 99
71 64
40 8
46 84
19 35
11 99
82 84
61 39
98 17
95 84
72 77
40 25
24 64
77 35
59 25
74 25
48 84
30 39
66 99
80 86
17 64
52 64
9 25
67 39
44 39
36 83
20 39
55 15
28 2
50 17
83 99
80 38
85 39
73 2
25 99
40 99
68 35
94 64
17 39
11 8
13 64
39 99
0 45
34 64
51 28
94 29
