5
1
36
47
33
43
100
48 51
47 50
48 50
48 49
45 51
46 49
44 48
45 50
46 50
46 51
45 49
41 48
42 48
44 45
39 44
41 45
38 41
42 45
40 42
39 42
34 39
38 42
40 41
35 39
37 41
37 42
34 40
35 38
34 38
32 34
31 34
35 40
27 32
30 34
29 35
27 31
26 32
25 32
25 29
25 31
27 29
35 37
22 28
17 22
23 28
24 28
21 28
17 23
17 24
26 29
21 27
21 25
26 30
31 28
24 25
30 28
31 35
19 24
22 27
23 27
19 22
20 22
18 22
20 23
18 23
27 30
23 25
21 26
23 26
15 20
16 20
18 24
10 14
6 10
12 13
9 14
5 10
8 12
8 9
7 12
5 12
11 13
7 10
13 20
14 20
16 17
16 18
15 18
15 17
19 21
14 18
17 21
4 7
4 5
2 8
4 8
0 4
2 7
2 5
6 9
