0
100
55 99
25 99
24 99
81 53
78 99
53 99
4 99
14 19
23 99
49 99
40 99
72 99
59 99
70 99
42 99
25 76
67 19
19 99
11 76
7 99
15 99
81 75
82 76
86 76
55 76
75 76
72 21
48 99
37 76
4 76
28 99
21 99
30 76
33 99
2 99
91 99
89 76
0 50
45 84
5 87
74 25
11 99
84 76
33 76
58 87
82 99
87 99
36 50
49 50
25 50
67 15
17 76
88 99
95 76
14 42
74 41
65 99
7 41
15 76
17 50
66 41
36 76
58 76
78 34
30 34
78 50
87 76
3 50
53 50
20 99
75 50
24 41
98 76
70 41
6 76
42 76
72 22
82 34
34 99
91 96
82 41
96 41
79 76
25 65
64 41
4 50
25 37
58 1
8 76
36 41
20 50
62 21
44 76
20 35
70 35
43 76
79 21
85 76
56 50
37 41
