0
93
95 99
96 97
94 93
98 99
87 86
97 99
90 93
10 92
96 91
82 91
88 91
87 91
88 89
94 89
59 60
51 61
4 61
31 30
30 61
32 61
64 63
79 62
3 63
22 57
58 57
32 56
55 56
95 94
94 76
75 76
20 76
78 77
95 77
66 65
73 72
47 81
82 81
80 81
6 5
34 43
5 71
94 71
45 71
15 71
55 70
70 71
8 2
2 44
45 44
42 43
74 46
47 46
73 78
88 80
15 16
7 17
48 16
3 18
59 58
59 19
52 19
21 20
10 47
49 48
97 41
42 41
50 49
39 40
97 86
67 84
38 85
88 85
94 69
69 84
82 83
96 98
67 68
95 74
73 74
53 74
66 38
36 37
26 73
12 59
9 10
11 10
2 3
54 55
24 25
26 25
27 28
1 67
31 52
