0
100
49 95
19 16
83 95
57 53
30 95
82 95
16 95
31 95
56 59
59 95
24 76
36 95
58 73
93 76
84 95
74 95
57 92
81 76
49 76
77 73
58 76
44 95
22 73
78 76
22 76
92 95
63 73
45 71
85 71
20 95
76 95
55 73
38 71
1 95
0 95
19 73
2 73
49 73
56 95
19 71
69 77
5 71
54 73
78 95
84 73
77 95
53 71
30 71
35 95
78 73
54 95
66 71
80 8
74 73
89 95
46 95
6 20
68 6
52 95
11 46
69 71
11 79
42 87
31 8
56 23
10 73
6 73
5 20
48 71
50 73
32 95
58 27
87 73
53 51
19 12
5 95
69 18
5 73
64 23
20 71
93 95
89 71
75 95
0 12
32 71
37 8
11 6
36 71
75 73
10 51
49 71
24 12
81 61
32 73
64 79
17 95
78 33
66 95
15 73
80 95
