0
100
0 99
16 99
8 99
41 99
17 99
25 57
57 99
42 99
60 99
82 99
2 99
39 23
31 99
83 39
22 99
45 99
21 23
39 99
11 99
23 99
81 99
29 99
14 84
14 99
44 99
93 99
56 99
37 99
33 74
66 99
84 99
94 99
25 79
33 99
49 99
77 99
39 79
53 99
38 79
52 99
86 99
35 99
72 55
92 99
95 74
7 55
16 55
85 74
41 55
45 74
85 80
70 81
65 99
97 99
79 99
83 74
22 55
94 55
18 99
80 99
85 99
21 55
45 55
6 55
77 55
98 99
44 55
14 74
94 74
44 19
26 74
9 99
37 55
8 27
96 99
58 74
51 99
56 27
19 99
89 99
18 74
70 74
63 99
28 99
4 74
27 55
58 99
30 99
87 55
83 2
6 74
49 55
8 78
54 2
11 74
75 55
9 43
20 74
73 74
93 55
