0
100
0 99
24 99
23 34
23 14
98 90
25 99
90 99
60 34
75 14
81 99
62 99
44 91
14 99
32 99
39 34
22 99
6 34
34 99
12 46
55 67
37 99
42 93
67 99
46 99
70 99
47 99
0 79
53 66
44 54
76 49
1 99
44 86
71 95
80 73
58 99
75 99
66 99
73 99
84 31
38 99
88 99
89 99
39 99
23 99
72 99
31 79
79 99
71 99
2 3
35 54
58 54
40 99
39 3
49 99
64 99
83 99
41 59
17 54
8 54
41 54
59 54
3 99
96 13
40 54
15 99
84 99
79 54
12 99
93 99
64 54
72 54
41 4
59 13
80 99
45 54
77 99
59 99
16 13
4 99
8 13
6 54
55 54
19 54
28 54
60 52
69 99
52 99
7 99
41 99
42 99
62 13
24 54
16 99
10 13
7 13
42 80
12 80
0 54
27 13
29 54
