0
100
14 99
81 99
53 99
11 99
57 99
5 99
41 99
15 99
40 99
75 99
50 99
17 99
60 99
32 99
38 99
70 99
47 99
91 99
65 99
79 99
67 99
16 99
59 99
72 99
97 52
9 99
48 99
0 99
37 99
89 99
92 99
49 99
56 99
4 52
20 52
79 52
61 99
89 52
43 69
84 52
11 52
73 99
52 99
69 99
27 99
35 99
83 99
62 99
30 99
42 99
58 99
86 99
55 99
54 99
97 99
23 99
3 99
28 99
84 99
44 99
43 99
24 99
29 99
39 99
68 66
26 99
31 99
8 99
96 99
94 99
92 33
7 99
22 66
39 33
42 66
34 99
21 99
83 78
47 33
46 66
33 99
92 66
6 99
65 66
51 99
64 93
88 99
37 66
59 66
93 66
74 99
13 99
36 99
66 99
45 99
46 99
2 99
64 99
49 76
85 99
