0
100
98 99
52 99
24 36
24 53
19 99
76 83
53 99
83 99
36 99
75 99
79 50
13 50
73 50
98 50
76 99
80 50
75 50
87 50
79 63
50 99
70 99
63 99
82 99
20 99
21 99
41 89
26 89
87 99
20 51
73 29
29 99
18 89
79 89
73 51
44 51
88 99
64 51
67 51
89 99
17 80
22 99
69 99
51 99
4 73
14 7
8 99
14 80
5 99
7 99
42 99
18 99
87 80
80 99
85 99
57 99
61 99
32 99
39 99
92 99
82 91
91 99
93 99
71 99
44 99
66 99
0 40
81 99
24 99
45 99
54 99
63 16
54 40
34 99
71 16
83 16
27 40
67 99
29 40
57 54
17 99
22 40
10 99
9 99
90 99
53 40
40 99
25 16
23 16
56 99
2 99
19 1
10 16
90 25
97 16
95 99
11 99
92 1
38 1
54 16
41 99
