0
100
63 99
17 99
68 99
6 99
3 99
20 34
0 43
34 99
56 11
93 11
2 99
29 46
12 99
11 99
56 99
93 99
89 10
97 99
20 89
93 10
38 25
25 89
68 10
48 52
46 99
43 99
89 58
95 99
68 52
56 10
21 58
45 64
96 99
92 10
50 10
52 99
68 64
42 99
58 99
72 99
75 64
40 23
71 1
10 99
92 99
23 99
93 13
72 76
69 99
36 64
13 99
40 18
54 99
90 64
61 64
75 5
83 64
45 31
70 64
36 99
93 55
31 99
16 64
79 64
19 5
80 5
55 64
38 30
0 5
95 85
96 64
20 30
41 99
49 64
1 64
95 30
54 64
45 9
80 99
15 99
34 64
71 64
5 99
52 64
85 64
71 99
6 30
35 64
30 64
25 37
8 37
98 99
59 99
1 37
31 37
27 37
54 37
83 37
90 99
95 87
