0
100
21 99
97 99
41 99
70 99
56 99
2 99
78 4
52 49
74 99
24 99
4 99
49 99
37 99
33 99
81 99
9 99
35 72
8 99
34 99
27 99
1 52
72 52
33 52
72 86
59 72
36 58
30 99
8 28
92 99
52 99
82 99
66 22
73 28
15 86
66 73
22 99
45 28
7 99
41 78
83 99
28 99
53 99
0 99
60 99
90 86
2 85
3 99
45 86
66 41
21 18
82 86
78 99
15 99
59 51
66 71
32 99
93 71
98 71
96 16
97 2
46 99
14 97
38 99
43 18
86 99
61 99
79 31
71 99
66 97
97 16
19 55
23 99
33 19
47 99
91 99
63 99
31 99
48 99
64 99
5 55
15 55
93 99
64 26
50 99
36 99
35 99
68 16
29 99
40 99
55 99
26 99
73 99
80 99
8 25
90 69
76 99
77 16
89 99
16 99
33 44
