0
100
65 99
4 99
67 99
43 99
18 99
49 6
57 99
83 99
8 99
56 12
68 6
84 12
12 99
34 9
41 53
97 6
36 6
53 6
9 6
31 6
83 6
26 6
78 14
25 50
13 50
35 50
27 50
81 5
14 50
79 50
15 50
10 50
59 50
33 30
38 5
95 5
78 73
53 5
16 3
42 5
3 5
17 5
17 27
51 27
16 27
18 27
52 27
44 27
47 58
89 27
58 27
34 55
55 3
86 3
68 3
40 3
63 3
9 3
30 42
73 42
92 42
81 42
15 42
56 42
2 42
59 42
71 43
48 39
83 43
44 43
84 85
15 43
85 43
39 43
17 22
34 22
59 22
54 22
44 22
10 22
86 22
71 39
32 39
51 39
33 74
51 74
14 74
98 74
92 74
34 74
96 74
86 74
7 74
25 15
30 15
87 93
73 15
93 15
72 61
61 15
