0
100
84 95
91 95
10 95
9 95
67 95
44 95
70 95
12 95
72 95
27 95
80 95
88 95
53 95
22 95
5 95
25 95
56 95
82 95
66 95
15 93
74 95
45 95
61 93
81 95
83 21
17 95
52 95
84 93
25 14
42 93
0 95
14 95
67 93
5 94
91 60
86 93
86 71
83 95
94 93
40 95
7 95
7 86
60 93
84 48
47 73
28 95
49 95
21 71
13 64
85 95
5 71
91 93
2 95
3 93
48 95
16 95
93 95
71 95
86 95
9 18
6 63
21 18
18 95
62 1
37 95
11 95
26 95
19 95
40 63
21 95
26 63
94 95
89 63
59 63
61 95
67 63
16 63
64 95
31 63
52 81
79 95
68 63
88 91
69 95
82 63
1 95
37 30
22 55
3 95
57 95
13 85
91 30
13 95
57 30
41 70
32 95
22 62
7 4
41 48
34 63
