5
26
21
46
33
13
100
41 78
23 95
78 95
27 95
79 36
36 95
44 95
17 95
28 95
66 95
49 95
86 95
45 95
22 95
84 95
60 5
9 95
80 95
68 95
62 95
56 59
19 95
5 95
57 59
64 95
42 59
90 10
20 64
48 62
0 95
39 59
60 95
66 59
56 90
89 95
45 90
35 59
62 10
16 10
79 90
10 95
18 95
79 95
71 59
6 95
57 95
59 95
91 63
56 63
6 4
4 95
75 63
55 77
67 95
18 75
55 63
6 77
34 95
34 77
15 95
47 95
68 77
76 95
56 65
58 75
65 95
56 64
51 64
9 63
77 95
92 64
76 63
50 63
69 75
93 95
42 95
36 63
48 83
24 64
38 95
67 75
83 75
63 95
69 95
29 22
3 95
60 92
41 43
60 75
51 95
1 75
57 23
39 2
76 43
24 95
87 95
87 2
92 95
36 2
48 95
