0
97
55 99
7 43
2 43
56 21
63 86
83 21
97 32
72 77
39 13
77 45
13 45
91 76
26 32
51 76
68 32
83 76
97 23
54 50
72 23
26 23
4 44
1 25
61 12
12 25
15 41
56 87
27 87
91 41
26 53
88 53
16 62
1 33
9 62
9 24
62 33
79 82
14 82
94 12
0 15
40 68
36 66
22 15
63 98
10 98
93 98
59 98
79 72
7 67
67 39
74 95
34 60
90 60
80 60
1 60
65 81
74 57
16 89
89 4
84 4
2 5
40 5
91 64
51 7
89 7
70 7
51 92
56 30
93 30
96 22
70 22
11 3
59 3
97 75
83 38
97 17
51 17
8 54
83 54
34 71
27 35
90 37
0 70
28 70
65 70
48 70
59 70
79 20
56 36
34 28
34 47
49 47
63 69
78 69
31 11
6 8
0 34
0 85
