0
100
22 29
47 59
23 13
27 59
29 59
31 59
12 59
13 59
40 5
25 5
30 13
45 13
26 13
20 13
30 1
23 8
3 8
14 42
45 8
42 1
53 1
20 8
12 8
26 2
50 2
57 2
3 46
10 46
56 46
56 9
55 9
47 9
19 41
14 21
10 52
29 21
56 21
40 21
12 52
41 21
30 21
20 43
23 24
34 43
26 4
44 43
37 28
24 43
57 43
27 28
31 28
15 7
57 28
22 52
52 41
3 56
17 56
51 56
27 53
58 56
52 56
12 53
32 53
49 53
27 58
36 53
40 58
44 58
19 58
6 42
32 30
22 30
6 37
19 37
47 30
44 37
36 49
29 37
49 37
16 37
34 11
11 15
38 15
12 31
12 15
29 31
49 31
25 50
20 50
49 50
6 51
51 36
14 36
44 36
34 36
32 36
20 35
16 35
44 35
6 25
