0
100
77 94
0 94
61 94
44 94
13 94
85 94
89 94
39 94
84 94
25 94
5 94
62 94
25 87
65 94
47 94
12 94
51 94
30 94
91 94
90 87
31 87
23 94
11 87
34 94
83 94
67 81
81 94
46 87
24 87
31 94
9 46
40 87
5 87
21 49
80 87
52 80
8 94
1 54
21 26
25 3
41 94
64 94
34 46
89 3
40 46
23 87
51 3
81 87
18 46
46 94
91 3
14 87
52 66
26 94
8 3
3 94
82 94
0 35
69 84
84 87
88 94
61 15
14 94
56 94
31 66
56 57
74 87
37 35
79 94
47 87
60 15
67 87
66 87
26 87
53 94
59 16
42 94
78 28
93 28
83 60
57 94
39 35
49 48
73 94
78 87
79 3
54 87
16 94
75 87
49 94
35 87
78 48
6 15
50 94
50 48
30 49
63 94
32 15
70 60
83 22
