0
100
76 99
0 87
22 99
62 99
18 99
83 99
42 55
35 99
92 99
87 99
55 99
52 99
78 99
51 99
91 99
94 2
67 99
72 2
10 73
82 99
2 99
3 99
38 99
54 99
50 99
57 99
71 99
72 99
97 65
76 98
0 49
54 65
63 49
88 11
75 65
73 65
34 99
88 99
65 99
45 49
18 49
59 49
54 49
94 78
19 99
94 49
31 99
37 99
23 40
81 99
25 99
22 40
69 47
0 99
61 99
76 7
76 16
32 99
39 49
35 49
41 99
40 99
95 99
8 99
22 15
78 49
7 49
13 49
14 99
23 99
69 49
75 49
62 15
5 49
15 49
56 99
77 49
98 49
76 18
60 99
10 16
66 46
33 49
9 49
22 16
98 46
38 49
98 29
13 99
83 49
85 49
73 99
29 99
52 8
66 49
24 16
14 49
14 46
1 4
16 99
