0
100
74 99
56 99
63 96
96 99
59 99
40 64
85 64
15 64
63 48
64 99
7 99
58 99
48 99
95 80
80 52
60 99
21 99
46 52
48 52
81 52
49 52
79 52
29 52
17 52
82 41
36 52
19 52
41 52
74 84
97 84
92 84
77 84
32 84
87 68
10 84
62 84
12 84
95 16
78 84
80 68
14 16
13 16
17 84
80 84
40 84
60 16
51 68
79 28
97 28
71 16
97 30
87 66
85 68
85 30
28 68
30 16
96 68
29 68
37 16
46 2
75 66
31 16
86 2
46 66
3 66
61 16
57 39
36 16
59 33
21 66
7 16
72 91
60 66
48 16
94 2
66 16
10 2
97 2
62 2
25 2
17 90
74 2
90 2
64 2
74 5
95 5
23 2
63 2
11 5
72 5
30 2
87 5
53 5
17 5
20 40
23 5
78 5
40 5
59 5
4 5
