0
100
66 17
71 99
34 17
71 44
26 44
60 17
17 99
7 44
95 44
21 99
4 99
46 44
76 99
80 99
36 44
30 99
64 99
88 74
6 99
32 44
35 74
51 99
19 79
14 1
34 99
11 79
74 44
75 29
2 38
47 79
65 44
23 99
68 28
30 79
55 44
89 1
62 88
27 79
16 1
23 79
34 79
80 44
42 99
31 1
71 79
30 1
44 99
61 75
19 75
75 79
50 79
3 79
34 5
21 79
33 79
5 79
52 58
14 79
84 79
34 20
9 79
93 58
20 58
0 18
33 58
55 86
96 58
43 86
86 58
68 58
2 40
66 58
15 58
68 40
61 10
28 40
10 18
27 17
27 40
17 58
26 40
71 91
22 91
97 40
40 58
37 18
96 18
55 18
43 84
53 18
43 18
61 36
84 18
17 18
47 36
52 36
95 36
77 36
25 36
31 36
