0
100
12 54
54 89
28 89
66 87
87 89
19 89
27 89
64 89
81 89
40 89
60 86
1 89
43 89
70 89
86 89
44 89
59 89
62 89
35 89
16 89
32 89
71 89
50 39
44 39
66 39
62 39
15 39
52 39
35 39
36 39
60 39
73 39
55 39
73 11
58 39
79 84
58 3
38 39
19 11
56 39
3 39
86 84
76 84
59 84
31 11
9 11
12 68
43 38
20 57
61 11
64 11
68 39
24 84
76 57
2 11
67 57
35 38
65 84
50 57
36 38
52 66
33 57
36 84
12 11
12 84
60 84
7 73
88 11
70 37
37 11
53 57
8 57
38 11
50 11
51 11
74 84
64 84
66 57
47 11
27 84
23 11
25 57
63 84
5 84
51 84
20 84
15 84
48 57
2 57
44 84
82 57
62 45
30 45
31 57
68 11
22 57
18 11
9 10
25 84
64 45
