0
100
70 99
32 99
33 99
10 47
8 99
8 90
37 47
72 56
94 12
16 69
41 99
36 80
94 35
12 80
90 99
22 80
64 99
57 47
1 80
74 99
14 54
22 99
26 99
3 80
3 47
32 54
1 54
72 52
9 46
81 54
36 35
80 99
72 11
45 54
9 99
93 11
86 99
51 69
29 11
95 47
1 69
81 47
41 54
47 99
70 77
18 56
14 65
29 54
29 91
69 99
15 99
38 56
3 84
56 99
65 54
68 34
34 54
32 36
8 59
72 82
55 59
23 99
58 99
46 54
53 87
77 99
70 21
48 84
16 99
87 54
59 54
95 1
53 38
50 17
41 84
3 21
1 17
52 84
9 52
21 84
26 47
63 84
3 86
4 99
8 52
72 99
28 84
48 17
85 90
86 54
4 52
98 38
39 90
13 99
38 54
79 84
50 99
68 47
1 47
47 54
