0
100
36 99
52 85
46 85
12 85
76 11
50 85
1 99
29 11
11 99
9 85
45 25
20 25
50 99
13 85
85 99
25 99
9 93
96 75
54 99
93 99
75 99
64 99
9 99
8 18
18 99
43 31
23 31
21 31
60 77
13 99
28 31
24 99
20 77
38 77
92 31
13 41
9 41
65 41
4 99
89 41
10 31
56 77
59 99
62 99
36 77
36 39
80 32
8 77
9 14
65 58
16 99
25 41
44 41
82 77
71 19
26 31
27 99
44 77
30 39
42 41
32 31
89 94
47 31
57 78
69 99
87 41
21 99
0 14
71 84
76 14
35 39
55 99
8 94
64 39
92 99
58 77
12 31
23 39
36 43
19 99
41 99
86 77
94 77
60 31
80 72
45 99
62 72
40 31
30 31
76 33
73 49
48 84
52 45
66 84
96 77
63 31
19 72
1 77
3 99
33 31
