5
14
17
5
79
24
100
88 99
86 26
65 99
69 90
36 99
87 99
77 15
30 99
91 15
26 99
7 99
9 99
66 99
63 15
72 73
73 15
75 90
60 90
21 15
90 15
70 15
67 15
82 15
91 13
77 78
31 53
31 78
13 34
90 34
40 78
58 34
40 71
56 34
70 78
39 78
33 78
47 78
46 53
38 71
11 95
46 34
95 71
8 94
35 3
34 15
94 53
20 53
9 53
70 3
67 3
20 3
28 7
7 3
63 74
67 74
98 25
52 74
46 74
75 74
25 74
94 74
21 74
31 48
41 48
92 48
86 55
91 54
85 48
55 48
47 16
16 48
97 48
54 48
90 48
67 48
47 48
41 44
47 44
88 61
83 61
44 48
69 48
35 61
16 61
91 61
72 61
66 61
13 61
43 46
68 46
67 87
67 46
59 46
83 76
22 46
60 46
89 87
54 46
21 76
76 46
