0
100
15 3
3 99
16 99
32 99
17 99
21 99
0 6
0 26
62 8
23 8
6 59
4 8
6 8
54 8
5 88
19 8
17 59
70 8
15 8
49 8
5 8
67 8
78 8
15 22
81 8
7 43
18 8
73 8
10 8
95 76
9 8
24 8
7 8
23 43
45 64
34 43
14 64
2 8
22 8
19 77
42 43
71 77
16 8
3 64
56 8
10 77
15 43
34 76
26 64
10 83
4 50
5 64
3 8
34 42
7 88
42 8
67 85
34 8
5 61
60 8
40 76
67 59
1 61
28 59
61 88
1 88
64 8
2 85
57 43
12 89
33 76
3 59
0 83
75 85
13 83
78 88
33 47
43 8
67 83
9 76
3 47
0 72
73 89
37 83
7 47
1 89
76 8
92 72
7 61
3 72
84 61
4 72
34 47
16 47
89 8
7 51
33 72
27 38
6 38
4 51
