0
100
16 99
71 99
91 99
25 99
23 99
11 38
74 99
73 99
0 99
35 70
70 99
38 99
62 99
96 99
2 99
36 99
35 99
95 99
68 99
97 99
87 99
9 17
76 99
51 99
17 99
89 99
57 99
91 48
44 99
16 3
63 46
91 3
77 48
73 46
79 99
43 46
3 99
61 99
59 99
46 99
9 12
80 99
98 99
43 61
54 37
57 61
48 99
6 99
27 99
54 99
66 99
72 99
75 99
30 99
14 99
85 99
65 99
77 99
45 41
88 99
78 99
18 41
82 26
82 99
10 99
26 99
41 99
49 99
96 40
40 99
7 99
55 99
93 99
56 99
34 99
58 99
43 99
1 99
85 83
54 15
84 99
76 74
4 21
21 99
11 99
55 74
83 99
15 99
20 99
92 99
31 99
63 99
19 99
9 99
4 99
18 99
42 99
94 99
13 99
66 52
