5
19
37
87
31
22
100
86 96
61 96
80 96
56 96
60 96
71 96
88 96
47 96
91 96
0 96
73 52
49 96
79 96
16 96
52 96
32 96
64 96
21 96
95 96
28 96
75 96
85 78
73 96
46 96
69 96
78 96
6 96
5 96
1 96
10 96
2 96
70 96
65 96
35 96
34 96
68 96
89 96
24 96
72 96
57 96
93 96
94 96
74 96
11 96
60 53
50 53
69 53
30 53
8 96
17 96
23 53
28 53
62 53
66 53
17 53
73 53
34 53
14 96
17 44
64 53
84 33
18 53
86 53
11 53
9 96
84 53
89 29
68 77
15 53
44 96
52 53
29 53
72 53
79 53
92 33
24 53
92 96
33 96
70 25
82 96
81 96
64 25
80 45
94 53
7 53
24 25
86 38
18 96
66 25
38 96
69 25
29 96
57 53
7 96
67 96
45 53
13 96
42 96
72 25
62 25
