0
100
0 59
26 49
20 59
38 59
49 59
52 59
40 10
29 10
20 10
51 8
30 10
36 10
56 43
7 10
15 8
45 43
57 43
40 8
42 48
1 43
7 8
41 43
23 8
19 48
13 43
51 58
29 58
19 58
22 58
22 55
20 15
21 42
17 58
33 58
6 42
36 42
12 58
23 58
36 58
15 58
57 58
16 55
2 55
47 9
22 4
50 55
22 52
21 52
36 52
28 52
45 52
32 34
16 34
45 34
7 3
30 27
38 27
22 41
23 41
32 41
46 41
5 41
16 37
7 37
30 37
16 24
38 37
44 37
28 24
22 50
57 53
40 50
17 21
49 21
45 21
29 36
17 36
45 36
56 16
44 57
5 57
16 57
45 31
28 31
23 31
17 13
28 13
33 13
5 13
15 31
47 16
49 16
23 16
22 39
51 12
54 44
54 23
1 23
44 23
35 23
