0
100
0 23
0 84
59 98
4 98
72 98
14 98
18 98
71 98
23 98
60 98
0 21
27 98
27 68
91 98
77 98
90 98
0 22
0 61
26 29
6 98
92 98
60 15
96 98
9 98
84 98
68 98
71 74
17 98
7 98
5 98
48 98
30 28
25 85
21 98
43 95
0 58
65 98
36 95
94 50
43 20
0 28
17 46
38 98
10 15
0 56
46 98
89 8
10 98
22 98
54 98
55 20
61 98
0 79
33 98
0 3
0 43
85 98
81 58
63 98
0 35
27 81
15 98
0 95
75 98
87 98
30 98
26 98
72 8
83 98
82 98
48 56
36 79
94 98
0 50
0 74
36 98
97 81
63 79
76 98
73 98
75 21
17 22
1 98
54 56
0 89
48 28
0 48
0 8
43 98
78 98
40 98
17 95
93 98
0 53
26 8
70 65
25 98
0 29
36 56
52 98
