0
100
57 85
98 99
3 45
16 99
85 99
7 33
87 33
65 45
5 60
45 99
0 72
57 99
3 99
51 67
33 99
28 99
32 99
60 99
94 38
38 99
50 99
50 44
65 99
32 10
10 99
56 99
63 6
95 99
6 99
81 99
11 99
73 99
72 44
39 99
44 99
46 99
76 99
22 86
86 99
64 5
27 99
72 99
29 99
80 84
5 99
84 99
37 99
40 99
51 80
66 99
71 99
52 99
22 59
4 99
57 80
8 99
59 99
51 91
51 63
16 49
88 99
32 42
22 70
70 99
7 99
49 99
42 99
95 80
80 99
61 99
28 9
9 99
43 25
37 34
62 99
25 99
48 58
55 99
63 99
58 99
64 34
23 77
23 47
23 26
77 34
62 34
7 26
23 34
50 26
56 34
26 34
29 34
51 16
84 34
75 34
97 34
11 64
11 16
57 16
35 34
