0
100
5 79
41 79
49 79
38 29
73 45
24 79
45 26
47 26
71 79
29 79
31 79
46 79
48 26
24 8
3 26
57 79
43 79
58 79
69 79
23 8
26 79
76 8
2 79
58 8
65 79
33 8
36 79
4 67
21 8
17 79
35 39
6 8
17 77
74 8
31 39
77 79
73 79
73 39
33 27
19 67
27 8
46 39
4 45
45 67
25 8
69 8
15 79
8 79
16 79
1 79
64 79
61 78
44 79
3 78
30 78
49 78
5 78
15 78
73 72
2 78
31 78
18 72
25 72
37 78
21 78
51 78
1 32
37 59
24 59
32 72
5 59
45 78
19 59
75 72
48 59
13 78
35 78
59 78
30 50
6 72
62 72
27 78
9 10
77 78
68 72
49 72
60 78
46 72
51 72
20 78
75 50
56 72
15 72
56 10
30 40
10 78
15 52
52 72
51 50
15 50
