0
100
66 99
53 99
65 99
61 99
60 99
81 99
73 99
67 99
82 99
80 99
75 99
87 99
58 99
62 99
86 99
79 99
85 99
72 99
68 99
78 99
84 99
64 99
83 99
90 99
89 99
76 99
88 99
60 97
97 99
93 99
94 99
92 99
98 99
95 99
28 72
45 91
27 70
63 91
73 91
60 91
79 91
38 70
53 91
66 91
47 91
51 91
69 91
72 91
80 91
75 91
48 91
70 91
81 91
74 91
58 91
87 91
71 91
78 91
59 91
76 91
86 91
84 91
89 91
90 91
83 91
88 91
92 91
98 91
93 91
55 97
79 97
94 91
97 91
61 95
66 95
26 65
74 95
65 95
79 95
56 95
80 95
82 95
78 95
55 95
84 95
60 95
81 95
69 95
62 95
86 95
58 95
53 95
59 95
85 95
72 95
71 95
75 95
88 95
70 95
87 95
