0
100
35 98
44 5
92 98
5 98
64 98
69 98
83 98
21 82
30 50
61 98
18 98
46 98
7 98
29 98
41 6
21 95
81 93
11 98
79 98
76 98
13 98
1 93
59 98
3 93
29 6
14 98
6 98
90 98
68 95
69 33
95 98
34 2
16 33
15 94
91 2
47 98
97 2
93 98
32 98
62 33
41 22
22 33
17 98
50 98
2 98
65 98
79 33
60 98
30 33
77 49
92 33
88 33
21 98
63 98
86 12
16 38
49 33
17 33
30 23
31 23
12 33
78 98
82 78
73 98
9 98
26 33
44 33
3 7
80 98
51 78
84 78
29 23
26 98
85 22
83 33
27 98
12 98
91 22
44 36
23 33
11 78
41 98
62 78
39 33
70 98
84 57
55 22
22 98
79 49
49 78
40 78
0 98
28 78
57 98
31 67
1 98
46 78
75 55
68 98
67 98
