0
100
64 79
67 79
32 28
15 79
28 79
13 79
5 79
44 8
48 79
58 79
44 79
8 79
2 79
10 79
0 59
60 59
38 19
25 59
40 59
77 19
65 19
19 59
8 59
74 59
17 72
72 59
29 59
20 59
2 59
50 59
9 42
20 42
10 42
7 42
67 42
21 42
76 6
75 42
65 42
4 42
6 42
2 18
18 66
37 35
78 58
9 66
33 66
17 23
58 66
55 35
31 23
44 66
21 57
54 70
45 66
76 77
31 35
13 35
69 23
24 62
78 25
38 49
28 66
75 35
74 66
76 35
62 35
38 23
67 49
76 73
57 66
13 23
55 66
49 66
34 23
20 39
73 70
11 23
14 35
18 35
13 70
12 35
34 70
54 22
76 30
77 35
63 35
44 35
51 23
74 35
45 16
0 70
16 35
64 70
24 22
57 23
43 51
23 66
56 51
14 51
