0
100
46 99
5 99
20 99
91 99
14 99
20 62
14 62
6 99
62 99
41 99
39 99
45 93
85 93
29 93
56 93
61 93
59 93
89 93
61 35
59 35
35 93
89 83
12 83
35 83
85 83
56 83
28 83
28 43
43 83
86 83
67 41
94 41
2 41
53 41
86 41
43 41
6 41
39 41
91 62
6 62
46 62
94 62
39 62
91 5
50 5
11 5
20 5
10 37
10 13
37 5
46 5
14 5
67 39
6 39
50 39
14 39
20 39
94 46
91 46
20 46
50 14
50 46
14 46
28 6
67 6
43 6
14 6
94 20
91 20
50 20
94 14
95 91
53 91
1 50
82 50
38 50
82 91
81 52
97 52
18 52
38 52
1 52
82 52
11 52
13 52
97 37
13 37
26 37
47 69
90 69
69 37
15 37
97 11
38 11
38 37
10 26
1 11
26 11
10 11
82 11
