0
100
24 99
1 80
80 99
98 81
81 99
83 99
15 99
18 10
66 59
91 99
59 99
5 99
79 99
35 99
4 99
52 99
10 99
14 99
18 78
53 99
45 99
16 99
78 21
2 99
18 99
21 99
56 99
30 99
15 92
85 99
94 99
64 99
6 40
51 40
90 99
76 99
26 40
40 99
28 99
96 99
43 99
16 92
41 99
73 99
68 99
39 99
6 99
92 99
97 99
20 99
83 31
7 99
47 19
93 27
49 99
75 99
27 99
2 72
19 99
72 99
67 99
93 99
13 99
36 99
78 34
42 34
20 59
20 34
38 59
66 34
38 34
50 59
82 54
83 9
58 34
43 34
13 34
2 9
96 34
9 34
31 59
60 59
56 59
79 59
50 32
5 34
76 59
86 59
7 59
1 59
23 12
6 34
65 34
68 59
63 12
71 12
92 34
76 12
70 34
78 12
