0
100
0 89
4 89
42 89
43 66
66 89
65 89
24 54
43 52
78 56
35 56
2 56
67 56
4 38
31 38
76 87
23 87
3 87
57 38
48 38
6 53
24 87
43 75
6 36
9 36
37 75
77 38
16 53
75 38
43 87
1 36
24 15
26 53
19 59
18 36
9 46
76 36
58 20
60 33
27 53
23 15
20 38
87 38
43 53
10 14
65 53
53 38
31 85
10 85
0 85
69 85
11 85
71 85
1 85
33 85
77 85
22 36
86 84
84 36
60 55
74 36
71 55
71 36
48 36
4 55
24 36
50 36
16 55
78 55
36 85
1 51
19 51
60 51
2 55
42 51
26 51
1 59
73 54
54 51
25 8
67 8
81 8
73 8
16 8
48 8
74 8
48 5
28 5
52 79
68 5
52 5
13 5
24 79
82 79
73 79
4 79
14 5
86 61
50 53
30 53
4 53
