0
100
18 95
67 70
12 70
89 34
79 70
34 95
71 95
47 70
62 95
90 70
89 95
56 66
66 95
35 56
83 95
35 70
1 95
5 95
31 95
10 95
33 95
11 95
9 70
28 95
66 40
59 75
85 70
47 7
59 95
58 70
65 40
6 95
15 93
25 70
40 95
90 56
56 95
23 95
92 48
5 70
38 70
55 95
7 95
10 17
72 95
55 35
15 13
29 70
44 95
61 95
53 17
29 60
82 70
84 35
57 17
88 13
66 17
82 60
61 13
94 70
18 17
41 95
46 17
40 70
60 95
75 13
90 95
56 70
13 95
84 95
21 70
0 95
85 69
26 95
53 70
91 95
35 95
10 70
23 54
94 54
86 32
43 54
55 51
32 95
90 69
86 69
69 17
89 70
4 93
94 86
17 95
71 54
13 70
15 54
23 51
64 8
51 95
61 93
86 93
94 63
