0
100
0 99
0 59
65 99
38 99
71 99
63 99
48 99
94 99
27 99
9 99
12 99
60 99
41 99
3 99
31 99
16 99
98 99
67 99
23 99
91 99
19 99
15 99
80 99
73 99
14 99
86 99
18 99
33 99
44 99
82 99
85 99
40 99
45 99
39 99
32 99
64 99
21 99
90 99
68 99
6 99
20 99
66 99
8 99
34 99
49 99
96 99
1 99
46 99
51 99
61 99
89 99
52 99
33 59
54 37
27 59
2 59
59 99
37 99
12 93
25 99
28 99
83 99
98 87
4 99
87 99
33 10
84 99
98 75
97 99
75 99
24 99
72 93
71 93
58 99
2 7
98 88
56 99
55 93
2 93
54 93
79 99
36 7
48 7
98 93
29 99
78 99
10 99
80 88
36 93
38 93
42 99
47 93
9 93
16 93
77 93
88 99
98 7
12 11
44 11
33 11
