0
100
91 99
93 99
87 95
96 99
86 90
86 95
85 95
88 95
88 98
81 98
83 90
81 95
83 95
89 98
87 90
89 95
86 98
97 99
87 98
83 98
84 98
81 90
82 95
85 98
85 92
85 90
84 95
88 90
94 99
84 90
82 98
83 92
82 90
88 92
87 92
86 92
82 92
84 92
89 90
81 92
74 89
83 91
87 91
87 80
80 89
87 94
79 89
85 91
96 89
81 91
84 91
86 91
76 89
85 94
93 89
86 94
97 89
72 89
88 91
81 94
84 94
82 91
75 89
73 89
77 89
82 94
88 94
78 89
83 94
78 68
85 71
67 59
83 71
55 69
63 54
54 68
74 62
53 68
55 62
67 71
82 71
75 68
63 71
75 62
62 71
55 68
66 71
79 68
86 71
73 68
87 71
65 71
69 71
70 71
54 64
80 68
79 64
74 68
46 52
47 51
