0
100
97 4
85 99
42 99
84 23
97 32
56 23
2 99
73 50
66 18
89 4
9 99
7 23
21 44
22 99
50 23
2 23
55 99
28 44
32 44
91 57
88 23
56 44
23 99
18 99
55 44
57 44
32 99
5 44
61 4
14 44
82 4
49 99
21 4
34 99
58 44
70 44
54 99
8 4
68 4
25 85
67 39
15 99
91 4
86 99
41 99
61 22
60 4
39 99
85 44
71 99
22 4
73 4
9 4
3 4
69 44
29 44
74 4
48 43
25 4
58 4
45 86
72 96
65 4
20 44
83 4
72 99
71 44
5 86
98 4
63 43
8 96
96 4
2 86
1 44
91 81
31 43
86 44
50 44
47 44
75 4
39 4
72 43
94 44
29 99
20 43
83 99
80 44
17 31
69 99
16 99
42 16
48 62
64 43
21 62
13 21
68 62
34 4
47 99
47 4
38 4
