5
2
45
28
94
42
100
56 95
75 84
9 95
41 84
20 95
85 84
90 84
22 95
31 64
30 95
75 64
44 88
4 84
32 18
84 95
32 95
87 92
79 95
77 92
18 95
19 95
32 92
47 92
62 95
74 95
48 95
80 92
90 92
77 95
37 95
20 92
70 93
92 95
50 95
24 44
63 95
26 44
58 95
25 44
65 44
30 59
74 13
32 15
48 44
63 44
4 44
13 95
53 44
49 44
6 72
72 95
44 95
71 15
4 95
75 59
61 95
74 15
50 15
49 59
31 95
79 5
63 15
81 59
53 59
36 33
19 15
48 77
24 73
81 38
77 59
23 73
51 59
15 95
78 48
52 59
48 59
47 95
71 39
47 8
1 5
80 95
66 73
74 59
10 95
82 39
37 38
74 5
74 39
47 39
19 59
29 95
7 95
53 95
8 95
52 38
66 38
51 39
56 5
59 95
39 95
