0
100
38 99
11 99
94 99
90 99
6 99
55 99
66 99
10 99
17 99
84 99
71 99
75 99
98 99
74 99
21 99
68 99
73 99
41 99
65 99
34 99
32 99
60 99
28 79
83 79
79 99
63 99
86 99
56 99
87 99
48 99
2 99
84 30
34 85
19 99
74 9
30 99
83 53
6 95
53 99
95 9
65 64
4 36
28 9
64 99
1 99
17 9
45 9
10 9
66 9
83 9
69 9
20 51
29 99
51 9
94 9
21 16
16 99
21 9
59 9
34 9
88 9
41 9
47 99
32 9
0 99
39 9
91 9
18 99
82 29
40 99
92 9
20 9
15 9
8 78
27 9
86 29
3 29
37 78
0 9
57 9
11 29
31 9
37 99
28 99
63 9
46 29
78 99
89 14
67 9
5 99
35 9
48 26
68 9
46 26
41 29
29 9
3 13
11 9
86 7
22 9
