0
100
79 99
55 13
53 99
6 70
62 70
70 99
46 66
1 33
33 13
78 49
47 66
30 66
49 66
80 56
19 56
95 88
35 50
32 56
10 56
94 61
46 61
30 56
11 61
50 61
54 52
6 73
59 61
34 73
54 33
14 73
44 52
63 52
2 87
42 87
46 33
62 87
37 33
19 39
79 87
87 73
39 33
64 50
14 50
97 87
85 87
34 30
55 29
46 29
77 30
32 18
1 98
94 98
78 98
96 91
49 91
4 27
48 27
15 76
54 28
86 82
28 82
90 82
12 82
36 82
42 62
58 62
37 62
85 62
94 38
65 62
93 84
49 38
42 84
20 84
44 84
43 75
48 84
68 53
41 53
7 53
42 53
96 28
93 76
19 76
51 57
93 57
20 57
94 21
21 47
58 47
88 47
72 9
55 47
42 9
15 9
54 9
4 43
22 77
12 43
32 77
