0
100
25 93
84 93
2 93
65 57
79 77
42 93
26 93
55 93
37 77
90 77
67 77
77 93
90 93
62 93
21 93
68 57
62 35
31 3
78 35
88 57
57 93
81 93
43 69
69 93
18 82
82 93
54 93
43 93
8 93
10 22
58 4
76 93
4 93
22 93
23 93
52 93
11 93
86 93
14 93
25 70
41 93
92 93
58 39
59 93
70 93
91 28
60 39
66 93
28 93
41 39
30 39
17 39
18 39
14 19
25 39
55 19
46 39
53 39
79 39
68 39
49 19
90 39
24 19
67 16
50 39
6 19
8 39
63 39
45 39
83 22
22 19
78 83
75 16
2 39
62 83
87 74
13 16
73 19
85 19
5 16
69 16
19 93
22 39
41 3
90 3
11 3
33 39
6 39
26 39
74 39
69 3
86 39
37 72
29 3
3 39
31 39
65 39
88 39
4 39
62 39
