0
100
98 99
93 94
91 99
94 99
96 99
84 92
98 92
83 92
90 99
85 92
93 92
93 99
90 92
87 92
95 99
87 86
91 92
85 86
87 89
97 92
82 86
96 92
86 92
85 89
91 89
97 99
88 92
89 92
95 92
90 97
90 94
88 94
98 94
96 94
97 94
91 94
87 94
98 95
89 94
97 95
86 94
85 94
89 95
91 95
88 95
93 95
87 95
86 95
91 93
96 95
87 91
87 90
82 90
84 91
89 90
91 90
84 90
85 90
81 90
89 93
88 90
87 93
83 90
97 93
84 93
85 93
88 93
96 90
86 93
98 90
86 90
98 93
98 96
83 87
89 96
87 96
97 96
91 96
75 83
79 88
87 88
84 88
85 88
83 88
80 88
89 88
80 86
91 88
97 88
81 88
82 88
78 86
77 86
79 86
81 86
91 86
84 86
83 86
72 80
77 80
