0
100
17 97
3 97
19 97
11 97
55 97
92 97
4 68
17 64
68 97
70 81
81 97
76 12
17 60
17 35
30 97
79 97
82 64
3 12
63 97
49 97
52 97
0 25
51 12
80 97
0 64
45 64
56 12
84 64
11 5
49 30
92 12
0 14
86 64
30 64
83 97
41 5
76 64
12 97
84 97
24 64
14 5
54 5
70 97
85 64
95 5
3 64
2 5
1 5
39 97
21 64
50 5
47 97
3 5
16 97
16 5
41 64
80 26
89 5
26 14
80 74
49 10
68 96
16 64
33 64
17 49
32 14
68 14
15 96
61 5
95 96
9 91
96 64
56 72
71 97
80 56
92 14
10 97
53 97
20 76
2 64
78 64
44 91
57 14
33 5
48 97
31 87
16 13
91 64
57 74
61 74
64 97
56 97
56 14
35 52
17 14
35 96
4 13
42 5
14 97
58 96
