5
55
18
79
2
67
100
21 99
29 99
49 99
80 99
5 99
64 99
9 99
54 3
34 99
49 3
15 3
0 99
17 99
96 3
72 99
10 99
58 99
14 99
3 99
29 63
42 41
32 99
13 99
60 99
41 99
15 56
15 99
11 99
56 99
30 99
40 78
92 76
76 99
1 99
46 78
9 95
78 99
62 99
46 99
68 99
98 99
42 99
96 99
43 82
22 95
65 99
8 99
82 99
95 99
31 99
11 74
87 74
34 35
66 99
35 99
44 99
12 99
91 99
74 99
45 99
97 99
69 99
85 99
57 99
7 99
92 99
75 99
88 99
94 99
87 99
12 61
47 99
7 61
75 61
40 99
33 99
61 99
9 81
59 99
70 99
16 99
81 99
43 99
51 99
26 99
63 99
58 52
57 52
40 52
51 52
37 52
68 52
78 52
76 52
53 52
5 52
13 52
38 52
64 52
9 52
