0
100
90 97
51 97
59 97
82 97
1 97
7 97
78 88
23 88
41 25
29 40
58 48
9 48
40 97
37 15
58 88
31 97
85 88
15 88
42 97
43 65
3 97
50 54
60 76
18 97
65 88
51 76
88 97
48 97
14 75
9 97
90 10
76 97
21 97
10 97
85 91
33 97
44 97
59 24
18 64
96 97
9 91
25 97
23 15
74 62
16 97
16 53
81 91
14 24
34 53
71 61
78 91
15 97
24 97
59 53
62 91
29 53
53 97
61 97
32 62
14 91
37 97
90 91
42 62
65 91
32 97
76 91
42 91
44 91
47 97
37 64
62 97
1 91
7 64
12 64
66 97
73 64
29 91
64 91
48 91
10 91
36 91
7 91
43 91
83 91
0 91
49 91
42 6
16 80
88 91
72 91
59 6
51 2
15 91
66 63
84 2
33 2
2 91
6 91
69 30
29 30
