5
25
94
55
89
49
100
30 96
92 96
10 96
83 96
62 96
81 96
21 22
59 96
22 45
39 45
45 96
61 96
77 96
76 96
72 96
40 96
53 96
66 67
69 96
67 96
36 54
66 3
78 96
43 96
23 54
31 96
47 96
71 96
21 96
50 96
0 96
3 96
66 86
54 96
34 96
64 96
17 96
87 96
75 96
86 96
18 96
32 96
51 96
26 95
92 95
74 95
80 96
39 95
33 96
86 95
95 96
8 96
70 84
70 96
30 23
60 96
84 96
92 5
13 96
5 96
26 38
76 38
35 96
38 96
23 96
79 96
44 52
59 82
2 96
42 96
82 96
19 96
26 96
52 96
22 96
16 96
74 96
14 96
63 96
46 96
20 96
28 96
73 96
30 85
76 7
24 96
31 1
68 96
26 1
91 7
76 1
32 7
66 85
21 39
39 96
88 91
53 85
2 48
7 96
57 91
