5
49
32
85
5
2
100
47 99
90 99
98 70
70 99
6 99
47 55
82 99
55 99
42 58
10 24
58 99
95 99
24 99
69 99
22 99
60 99
66 99
48 99
93 99
0 99
74 99
63 99
61 99
98 99
71 99
51 99
30 99
23 99
38 99
28 99
27 75
75 99
56 99
57 99
86 20
17 20
29 20
39 20
31 20
37 20
91 20
96 20
93 88
28 20
94 20
36 26
87 88
87 20
0 20
88 20
21 20
84 20
56 26
27 68
79 20
80 20
15 20
56 20
18 20
27 72
78 26
43 20
48 20
48 68
11 20
98 72
75 20
77 26
72 20
26 20
46 20
23 20
7 20
3 20
69 20
98 20
76 20
41 20
25 20
6 20
50 20
40 20
46 24
44 24
34 24
81 24
29 24
88 24
42 14
56 24
9 24
97 38
97 24
58 24
48 24
38 24
14 24
93 24
95 24
33 24
