5
71
28
98
66
57
100
41 92
13 99
92 99
36 99
38 99
9 99
59 99
18 82
82 99
10 1
33 99
84 33
23 99
1 99
86 99
83 85
85 99
54 99
19 99
0 99
48 99
7 99
22 99
68 99
87 99
69 99
84 99
44 40
31 40
78 99
89 40
3 99
20 99
80 99
24 99
16 40
32 99
72 40
30 40
87 40
38 40
64 99
19 34
10 99
19 25
25 99
24 40
34 40
94 99
55 99
20 40
97 99
59 26
94 26
79 99
86 40
80 43
84 81
31 99
49 99
54 26
74 40
76 81
37 40
74 26
44 43
93 99
77 99
29 40
21 43
13 26
87 43
81 99
83 43
67 21
43 99
40 99
14 63
70 99
76 99
80 77
46 26
47 26
19 26
21 99
41 90
90 99
41 26
27 99
91 26
53 99
39 26
73 26
11 99
20 77
75 26
64 77
63 26
22 77
56 99
