0
100
0 99
0 98
0 97
0 95
0 94
0 93
0 92
0 91
0 90
0 89
0 87
0 86
0 85
0 84
0 83
0 82
0 81
0 80
0 78
0 76
0 75
0 73
0 71
0 70
0 68
0 66
0 64
0 63
0 62
0 61
0 60
0 56
0 55
0 52
0 51
0 50
0 49
0 47
0 46
0 45
0 44
0 42
0 40
0 39
0 37
0 35
0 34
0 32
0 31
0 30
0 27
0 26
0 23
0 22
0 21
0 20
0 19
0 18
0 17
0 15
0 11
0 10
0 9
0 8
0 6
0 4
0 3
1 99
96 98
96 97
96 94
96 93
96 92
96 91
96 89
96 87
96 86
96 85
96 84
96 83
96 81
96 80
96 79
96 78
96 77
96 76
96 75
96 73
96 72
96 70
96 67
96 66
96 64
96 63
96 61
96 60
96 58
96 56
96 55
96 53
