0
100
59 99
92 99
86 99
21 99
53 99
66 99
49 42
16 12
44 12
56 99
58 46
88 42
66 12
63 42
27 10
29 99
30 99
1 12
83 99
77 99
46 99
13 75
16 81
51 12
54 12
18 42
96 99
8 75
28 42
60 75
98 81
60 52
29 75
91 75
93 42
18 12
85 42
52 99
58 75
3 12
86 12
18 65
91 42
61 38
21 42
29 12
40 81
94 42
43 81
7 34
43 12
75 99
78 69
44 81
69 81
89 81
29 81
38 42
24 82
14 81
79 81
46 42
82 42
62 81
9 81
52 81
23 81
58 22
24 22
78 10
29 22
74 20
10 22
36 38
87 97
85 38
19 22
36 22
61 20
29 38
85 20
23 22
35 20
54 38
97 22
57 22
79 22
40 38
89 38
92 47
47 20
35 22
31 20
19 38
69 22
97 38
10 20
11 20
67 38
19 52
