0
100
38 99
14 99
53 99
60 99
0 99
33 99
37 99
21 99
23 99
98 99
65 99
63 99
59 99
87 99
93 99
13 99
28 99
9 99
29 99
48 99
1 99
41 99
88 99
74 99
43 99
58 99
51 99
74 22
97 99
81 99
4 99
80 99
94 99
66 99
72 99
7 85
82 99
22 99
35 85
16 77
97 85
12 99
72 73
95 85
11 99
80 85
73 85
74 85
17 99
4 85
8 99
76 25
83 77
57 47
64 85
68 99
5 18
92 99
55 99
69 99
82 85
61 99
91 85
18 99
90 99
76 99
59 85
20 77
38 77
47 99
60 25
16 85
68 85
10 99
10 25
63 77
87 85
61 46
5 77
54 77
9 85
15 85
39 25
6 99
97 63
59 23
53 25
48 77
24 99
25 99
33 85
23 77
16 99
96 97
19 77
86 77
63 85
3 99
46 77
12 77
