5
96
69
48
68
39
100
48 60
71 29
60 99
29 99
57 99
62 64
72 64
64 99
82 99
72 99
28 99
8 27
18 27
77 59
59 27
74 27
66 27
34 7
62 56
66 7
40 7
88 7
37 56
18 51
42 2
65 7
56 7
2 7
98 85
74 85
95 85
34 85
89 85
40 22
34 22
72 22
88 22
37 17
15 22
45 22
98 17
74 22
53 16
30 22
4 17
2 17
87 16
0 76
73 50
19 58
25 76
58 76
90 59
54 47
59 76
46 70
47 70
5 76
84 5
9 70
91 5
49 5
41 5
58 5
29 5
87 5
84 83
53 57
84 1
84 57
62 1
81 1
40 57
9 28
62 28
89 52
41 52
13 57
33 28
44 57
9 1
28 57
67 57
9 57
1 57
77 30
81 30
71 30
95 30
89 30
91 63
13 30
73 63
34 30
37 63
2 63
36 63
14 63
84 63
15 63
