0
100
43 70
0 70
61 70
14 70
28 34
11 49
22 70
32 34
63 70
18 49
55 35
60 21
31 34
50 51
59 49
55 69
69 51
27 40
66 49
42 45
45 70
28 44
17 34
26 70
42 60
46 6
60 34
41 51
3 6
0 49
9 49
33 34
64 70
29 21
51 70
53 44
18 70
65 4
21 70
15 49
46 49
4 34
20 34
32 9
43 34
68 49
3 70
15 70
45 34
23 4
53 9
11 16
8 44
63 49
9 44
17 49
27 4
43 58
55 70
65 44
42 57
8 49
54 70
34 70
23 1
33 4
42 26
33 68
8 33
9 58
46 4
38 57
25 58
33 44
2 4
39 49
21 49
65 68
14 44
7 4
8 58
11 58
46 57
0 26
25 26
4 49
54 13
64 26
59 44
30 41
27 53
0 57
37 58
30 5
3 48
67 44
8 65
46 58
32 49
29 16
