0
100
93 99
32 79
19 11
79 99
67 11
11 99
19 99
50 49
43 49
32 62
42 49
82 99
49 99
56 87
22 99
69 99
26 99
68 62
69 62
13 62
25 62
13 12
19 13
58 99
88 62
57 13
83 62
63 99
23 13
84 13
68 70
64 99
92 70
18 70
41 13
72 13
70 62
74 13
30 13
56 99
37 13
10 13
24 62
47 13
95 62
91 13
16 13
30 99
57 44
9 13
60 13
88 44
39 13
43 62
68 99
26 13
57 99
42 13
21 13
67 44
83 13
6 13
35 13
52 62
53 44
80 13
75 13
49 13
7 75
37 62
69 75
50 13
8 62
6 75
55 3
44 13
84 62
78 62
90 62
5 3
19 9
17 13
32 13
86 85
34 85
7 85
68 1
6 3
92 89
0 62
23 99
75 99
92 85
89 3
64 3
3 13
27 62
12 62
68 85
88 85
