0
100
70 89
83 89
69 7
7 89
82 89
10 58
71 44
65 44
72 44
16 37
69 37
66 37
42 37
28 37
27 64
52 59
12 64
25 46
46 59
56 59
61 64
43 88
51 61
0 88
12 61
43 54
76 88
28 61
42 88
35 88
27 72
72 88
39 27
53 35
34 27
11 27
3 35
40 27
38 21
25 6
21 27
29 24
52 6
19 24
68 24
80 72
48 72
11 72
41 6
33 31
47 31
18 57
17 42
71 42
69 80
80 57
65 57
1 4
36 57
50 4
85 57
63 4
19 4
49 57
14 57
82 49
81 40
1 40
75 40
83 49
2 49
47 32
13 32
17 40
12 40
86 49
67 45
46 85
21 85
73 82
63 45
23 86
73 65
30 45
83 71
71 14
2 8
66 14
55 8
69 14
80 8
7 56
70 62
78 26
13 26
62 26
25 36
87 36
23 46
15 26
