0
100
18 99
8 99
22 88
46 99
86 99
32 66
3 88
95 99
22 54
16 60
47 88
88 99
60 99
50 99
10 99
64 99
66 99
0 99
23 99
29 13
13 99
56 99
68 99
85 99
69 99
37 99
50 86
27 99
12 99
9 99
48 99
4 99
28 99
4 83
77 61
3 99
17 61
78 99
20 99
80 61
53 83
26 61
17 83
83 99
23 61
53 61
21 61
71 55
91 61
76 98
53 99
57 61
24 55
28 61
58 99
59 99
28 25
98 61
54 99
25 55
9 55
92 61
87 99
67 99
70 61
89 99
9 61
40 55
20 55
14 55
0 55
92 55
91 99
8 76
36 99
27 44
31 99
77 34
26 99
49 99
1 99
48 34
41 61
34 55
22 99
76 99
42 99
6 61
44 61
56 61
80 94
71 4
84 61
17 99
42 55
16 68
86 55
38 99
16 61
4 61
