0
100
41 99
18 58
32 64
31 36
78 99
45 68
38 58
64 99
77 68
44 68
50 63
71 63
56 63
20 22
1 22
11 72
38 73
45 56
37 56
80 33
31 30
87 33
21 30
11 48
57 64
67 86
95 62
17 86
15 2
16 62
28 62
51 2
31 90
71 90
65 90
74 29
59 29
52 78
23 78
57 78
53 78
70 93
45 91
19 91
8 91
87 69
80 5
84 39
45 74
32 74
55 74
92 39
28 94
4 77
8 77
0 7
83 70
53 70
31 70
55 28
76 79
42 92
38 92
97 92
59 60
19 97
8 97
38 97
85 46
81 46
51 44
85 44
14 83
98 14
45 82
25 14
95 41
18 41
50 54
12 54
71 49
18 27
50 27
67 13
34 13
40 25
3 51
17 12
12 51
16 61
21 61
71 61
85 76
10 15
15 11
96 24
42 24
3 43
17 96
1 35
