0
100
95 96
9 96
11 96
0 22
62 96
51 95
40 96
15 96
61 21
89 96
28 96
4 96
10 96
65 96
19 56
22 96
89 56
55 96
70 56
82 20
64 96
74 96
78 27
67 30
60 95
36 56
77 20
85 56
87 67
34 56
49 96
67 96
37 27
30 96
20 96
71 56
51 33
95 56
28 56
27 96
47 56
60 96
33 96
17 20
13 56
31 20
58 56
40 57
83 96
12 57
57 96
59 72
13 66
51 20
50 56
72 96
3 56
64 20
19 20
93 66
42 56
46 13
14 78
55 34
12 96
7 20
79 14
18 66
69 20
39 56
19 74
41 4
13 20
54 66
56 96
32 78
66 96
78 96
84 96
80 96
34 26
51 87
23 14
45 26
59 14
31 14
0 96
0 14
25 59
44 26
29 26
41 26
42 25
44 14
86 23
82 26
17 96
64 91
80 14
7 26
