0
100
30 10
33 44
10 51
44 51
35 51
38 51
1 7
18 51
7 51
33 51
20 51
31 11
39 51
42 16
12 25
10 25
30 3
40 25
33 34
23 16
29 16
6 16
20 25
32 51
15 25
15 3
9 3
29 51
40 16
49 51
25 51
37 16
15 49
19 21
35 49
49 16
39 16
13 16
21 51
18 43
15 43
48 16
9 43
12 16
20 43
40 51
43 16
22 16
28 16
5 51
13 33
19 16
10 16
13 51
20 16
3 16
0 16
50 51
31 16
33 16
28 51
1 16
1 51
31 51
38 16
30 16
45 16
18 24
44 16
22 51
35 24
36 16
42 51
9 16
5 16
4 16
11 16
31 47
30 26
35 16
9 51
49 24
30 24
33 27
10 26
37 24
42 2
46 2
29 26
3 51
46 24
23 24
42 24
27 16
22 2
21 16
20 47
26 16
46 16
1 24
