0
100
81 99
61 99
69 99
27 47
33 12
20 47
27 33
19 33
88 99
62 99
83 99
91 51
60 12
42 12
82 99
27 12
47 99
10 99
25 99
83 12
60 99
17 99
45 99
82 12
48 99
1 12
86 99
95 11
4 12
22 12
69 12
73 64
62 11
16 99
78 11
86 11
75 99
2 64
50 11
3 11
10 29
29 99
13 99
54 80
32 12
73 51
41 12
86 24
17 80
26 80
15 80
11 99
66 51
35 77
26 97
30 12
77 99
57 51
12 99
49 97
10 97
27 97
44 99
58 99
65 97
58 97
21 24
93 24
15 99
57 99
35 24
72 24
95 18
69 4
24 99
62 97
41 99
95 26
19 90
21 99
18 99
26 99
90 97
35 50
2 5
27 98
44 97
49 46
74 46
44 50
49 4
59 97
5 99
54 97
50 97
48 94
3 99
16 46
42 46
43 97
