0
99
22 99
29 99
10 99
57 99
59 99
46 85
36 85
35 98
89 53
15 98
30 68
2 68
16 68
32 38
95 43
4 38
65 23
93 95
37 66
62 23
49 66
17 46
34 46
12 6
54 1
45 1
41 74
74 1
30 40
33 40
13 40
41 18
11 18
29 18
77 18
67 18
21 18
17 92
13 33
12 57
12 89
86 89
24 81
4 89
71 30
75 30
52 17
69 26
64 26
75 26
11 91
50 2
84 31
94 31
69 20
52 20
55 20
8 49
10 49
19 49
93 70
97 49
63 49
39 4
45 88
9 88
54 96
73 96
76 97
25 27
48 27
93 27
61 34
10 27
90 78
65 78
28 35
37 35
58 71
79 52
47 56
58 65
69 48
13 48
64 84
28 84
37 84
25 28
58 69
60 69
79 7
82 7
90 60
55 24
10 59
64 22
42 94
0 42
5 76
