0
100
90 95
7 95
89 95
68 95
60 66
44 66
19 95
66 95
62 95
37 95
61 95
45 95
1 95
65 95
29 95
64 95
35 95
33 95
17 95
90 75
38 95
24 75
19 75
56 95
94 95
75 95
67 95
2 95
41 95
48 95
34 95
48 79
0 95
85 95
79 95
29 60
52 95
24 60
60 95
78 91
15 95
47 95
93 95
18 46
12 95
18 10
64 91
91 95
20 95
22 95
77 46
10 95
46 95
21 95
71 11
11 95
53 95
28 95
85 72
44 72
92 95
17 72
58 72
87 95
24 45
80 9
32 95
41 9
73 80
44 45
16 83
70 95
73 40
28 72
92 83
18 95
83 95
6 95
40 95
9 95
50 95
92 80
58 80
58 4
1 56
57 72
37 72
50 80
72 95
41 31
31 95
59 95
8 95
28 55
51 95
57 95
38 55
81 95
73 95
18 55
