5
14
53
50
94
5
100
83 55
26 49
55 99
72 75
77 75
48 96
78 75
49 99
44 99
15 75
4 99
35 99
2 11
38 72
11 99
25 40
75 99
27 7
18 7
7 99
86 99
31 93
93 99
77 99
9 99
80 99
42 99
87 99
70 99
64 99
92 99
88 99
60 99
74 99
38 99
31 99
78 99
23 59
10 99
45 99
26 59
45 59
67 99
32 99
24 59
38 15
15 59
38 12
16 37
29 22
30 99
48 59
12 99
37 99
97 59
97 99
23 52
7 59
87 34
73 59
21 59
82 59
52 59
55 59
87 59
29 33
92 59
62 59
6 59
33 59
89 59
25 98
10 36
26 66
56 59
61 59
89 98
0 59
54 98
61 98
4 71
23 71
67 59
68 59
16 22
71 59
36 59
58 59
22 98
39 59
30 98
68 98
41 59
31 57
90 59
3 59
88 98
47 59
11 59
65 98
