0
100
44 99
16 72
69 99
86 99
50 99
51 5
9 39
59 99
25 72
72 99
65 10
5 99
12 30
83 34
52 99
30 99
31 10
83 62
7 10
39 99
10 99
8 99
54 48
80 48
81 99
83 48
47 48
35 99
2 41
20 16
48 99
14 99
0 99
67 99
66 99
23 41
57 99
23 99
16 79
47 99
28 41
78 99
20 99
58 41
51 99
53 41
11 28
88 79
79 99
11 93
87 99
40 99
28 99
41 99
84 99
15 99
96 99
58 99
36 99
64 99
9 1
57 46
6 1
12 46
1 99
46 99
55 99
70 99
43 99
65 99
25 99
17 99
22 99
54 99
18 99
13 99
31 99
77 99
40 73
43 73
32 91
7 73
12 99
56 99
47 91
19 91
2 73
70 73
91 99
9 12
57 73
88 99
74 24
23 73
27 73
73 99
9 99
50 24
27 68
15 90
