0
100
0 99
97 98
4 98
89 90
45 46
48 47
91 90
59 80
81 80
55 80
32 80
4 5
5 80
69 80
24 72
73 72
76 77
97 96
30 71
70 71
96 71
14 71
24 23
67 68
4 70
31 68
52 17
35 16
17 16
54 15
13 14
91 61
49 48
67 48
93 48
60 61
49 62
91 64
65 64
96 37
38 37
33 34
91 58
31 35
59 58
26 34
87 86
73 57
85 86
3 57
56 57
60 57
23 67
65 66
93 94
29 95
18 17
1 75
1 51
75 51
91 51
84 51
53 52
11 81
29 52
75 52
84 82
13 12
11 12
84 83
83 82
23 22
87 23
10 9
20 21
6 7
73 74
2 3
75 74
91 3
41 42
76 43
42 43
24 25
56 45
40 25
84 26
27 26
13 33
20 75
31 32
0 41
97 41
53 31
13 97
59 18
10 89
56 89
87 88
1 2
