0
100
91 92
83 92
77 92
1 92
0 92
73 92
66 92
34 92
60 92
56 92
46 92
71 92
70 92
38 18
28 92
18 92
36 92
26 92
37 92
52 41
86 12
11 92
8 41
16 41
43 7
12 92
56 43
51 92
41 92
88 74
80 74
49 92
55 92
74 92
2 92
70 81
32 92
36 6
68 81
50 6
81 92
66 6
89 92
87 92
6 92
35 80
25 92
14 92
38 92
4 35
4 88
80 92
35 92
22 92
44 69
32 69
0 69
13 69
44 92
10 92
90 92
75 92
64 69
47 92
42 69
51 69
60 69
48 92
58 69
67 69
61 92
7 69
61 69
73 69
42 7
39 69
8 69
17 7
85 69
30 69
62 92
80 91
40 92
43 92
7 92
5 92
79 69
52 92
5 69
59 69
84 92
70 69
23 92
76 69
17 69
77 69
82 92
88 69
20 69
58 92
