0
100
0 99
75 99
51 99
0 18
0 91
0 21
0 24
0 19
0 15
13 24
19 91
32 25
25 95
75 95
25 91
75 91
25 87
75 87
25 83
75 83
25 79
0 23
0 22
0 20
0 17
0 16
0 14
0 13
0 12
0 11
0 10
0 9
0 8
0 7
0 6
0 5
0 4
6 75
4 75
7 75
24 75
1 23
1 22
1 21
20 75
19 75
1 18
1 17
16 75
15 75
1 14
13 75
1 12
1 11
1 10
1 9
1 8
1 5
24 82
48 75
15 82
38 75
32 75
20 26
20 14
48 53
38 53
6 34
31 75
6 12
48 56
16 48
44 75
4 8
25 75
14 75
10 75
24 12
32 40
32 26
40 75
34 75
16 8
15 30
13 26
33 75
24 30
24 28
18 75
16 12
50 75
13 9
41 75
39 75
77 75
22 75
36 75
21 75
30 75
56 75
