0
93
72 60
76 66
60 79
76 79
66 79
63 79
76 64
61 79
78 79
75 79
71 79
60 64
70 74
76 70
74 64
69 79
72 65
62 64
77 64
66 69
63 73
69 64
72 76
70 64
76 63
61 66
75 65
71 65
77 65
71 63
62 77
66 77
60 77
69 77
78 73
62 70
66 70
72 67
74 67
61 67
71 69
72 62
68 74
61 62
78 62
71 74
78 60
72 61
61 60
45 42
54 42
47 42
41 51
54 43
40 43
52 43
45 58
52 49
56 49
44 49
48 49
50 49
40 46
48 46
53 44
40 48
40 57
59 40
39 38
26 38
24 39
36 38
29 38
24 21
32 33
27 25
21 25
20 36
31 21
27 39
28 39
26 39
24 30
26 31
32 31
24 37
34 20
22 23
24 34
27 23
20 23
32 37
26 28
