0
100
60 22
28 71
10 71
13 71
4 71
26 71
5 71
46 45
47 71
46 29
46 71
55 71
68 71
45 71
64 71
49 29
66 29
19 29
39 29
23 29
2 71
58 71
58 67
4 29
60 71
29 71
23 67
42 71
67 71
54 71
7 71
13 48
48 71
19 71
34 71
44 71
70 71
15 51
4 51
51 71
30 71
56 71
40 71
49 71
24 71
8 71
32 71
9 71
0 14
50 57
57 71
58 14
69 14
4 27
14 71
18 71
23 71
60 41
12 71
22 6
3 71
2 43
43 71
56 22
35 71
17 71
39 71
41 71
15 71
13 6
50 71
27 71
22 71
60 6
20 6
33 71
31 71
65 71
11 6
4 6
7 6
49 6
67 6
23 6
8 6
53 37
7 21
58 6
54 37
61 6
24 37
2 21
56 6
15 37
20 12
2 31
63 6
50 37
5 37
36 31
