5
49
26
10
27
50
85
54 99
8 99
40 98
52 75
11 98
29 58
58 98
1 86
62 44
45 86
44 86
70 96
87 63
74 28
11 28
47 28
30 63
6 14
67 95
8 95
82 51
13 95
3 95
57 56
61 55
25 93
57 93
36 55
82 93
69 40
21 40
41 70
54 77
2 77
7 77
13 77
35 82
74 48
9 82
35 59
73 33
87 54
11 43
5 43
87 30
66 45
79 45
23 94
1 44
90 94
83 87
76 65
3 65
68 65
78 61
74 71
5 73
61 73
79 12
69 5
11 31
69 64
25 85
13 64
78 85
74 53
79 22
53 22
1 57
4 20
7 32
6 2
78 7
47 76
66 81
19 76
34 89
34 23
47 23
19 53
4 13
25 67
37 35
72 35
6 37
