0
100
34 80
8 80
20 80
7 80
44 80
30 80
68 80
21 24
12 24
34 71
19 59
68 24
23 80
24 80
69 80
59 80
58 80
51 80
46 5
18 80
5 80
33 15
7 74
8 15
32 15
15 80
26 80
29 80
54 80
73 80
36 80
74 80
72 28
52 80
43 38
42 80
25 80
56 80
70 28
17 38
48 9
7 3
71 28
60 80
43 57
4 80
28 80
59 3
79 80
46 80
63 80
3 80
73 9
14 9
50 80
2 80
8 9
34 9
26 9
72 77
76 9
21 80
64 9
65 80
7 9
27 9
41 9
77 80
70 9
59 9
41 11
43 80
19 11
57 80
61 80
74 9
1 9
17 11
41 80
56 11
64 11
41 77
15 11
26 77
71 9
71 11
2 77
51 11
14 11
0 11
49 80
67 77
59 77
61 11
5 9
9 80
48 80
64 80
53 11
76 80
