0
100
50 53
49 52
49 51
50 52
48 51
47 50
49 50
44 47
45 48
46 47
46 48
44 45
49 48
42 45
49 47
43 45
44 46
42 44
41 43
42 43
38 41
40 43
42 41
39 41
38 37
38 40
42 40
34 37
35 37
36 37
39 37
36 38
34 36
35 38
35 36
30 33
31 33
35 33
29 32
30 32
31 32
34 32
34 33
30 31
29 31
27 28
24 25
26 28
25 28
29 28
27 30
24 26
23 26
27 29
25 26
24 27
22 25
21 23
22 23
20 23
18 21
22 24
19 22
19 21
20 21
17 20
18 20
16 19
18 19
15 18
12 14
15 17
14 17
16 17
12 13
11 13
13 16
11 14
15 16
15 14
10 13
9 12
11 12
7 10
8 11
8 10
9 10
7 9
6 8
6 9
5 8
2 5
6 7
3 5
4 7
6 5
0 2
2 4
3 4
3 6
