0
100
75 99
68 99
47 99
28 99
42 99
97 58
34 99
57 99
23 99
59 58
90 84
89 84
79 58
57 58
1 58
20 61
31 99
92 84
82 58
96 84
11 99
59 99
67 99
61 58
18 99
54 99
21 99
77 84
90 58
14 61
92 99
21 84
66 99
79 99
61 99
72 80
62 99
25 99
91 84
38 99
16 58
0 99
96 99
32 58
32 84
80 99
72 99
45 99
82 46
69 84
96 93
6 99
33 58
46 99
63 99
93 99
37 99
53 99
35 99
97 19
86 84
94 99
53 70
67 70
3 74
38 19
50 84
19 58
67 84
67 58
81 70
3 70
85 99
59 70
1 84
24 58
71 99
96 74
39 84
38 84
82 99
90 70
86 58
69 95
20 94
5 99
92 58
35 22
2 58
20 79
85 70
38 58
96 95
32 63
96 79
89 70
94 58
36 99
46 58
74 84
