0
100
57 69
24 69
46 69
11 67
4 67
9 48
10 67
3 67
20 23
0 25
9 4
64 4
0 33
17 4
1 4
15 33
25 4
15 4
34 33
36 41
1 41
9 50
7 25
6 57
16 25
14 57
1 14
34 14
13 14
58 14
58 39
10 39
2 39
19 38
52 3
2 35
11 38
5 3
68 3
8 3
6 38
6 18
46 3
44 27
16 10
5 10
30 45
16 45
56 45
17 45
9 45
52 1
0 12
2 1
34 1
66 1
6 12
58 1
11 28
2 28
44 65
0 64
7 64
52 64
66 64
51 58
37 58
47 58
34 62
16 62
2 62
56 6
7 6
40 29
20 29
68 63
53 29
21 54
52 61
15 61
0 15
51 19
16 15
2 15
2 47
49 16
60 30
13 24
68 5
2 5
43 31
42 5
49 37
9 13
43 46
51 13
11 7
42 7
2 7
68 7
