0
100
89 99
97 98
88 98
79 89
87 88
97 88
78 88
77 78
87 78
69 79
68 78
59 69
57 67
58 68
48 58
67 68
77 68
48 49
57 58
49 59
49 58
66 67
77 67
66 76
85 76
86 76
75 76
86 77
96 87
86 87
86 96
94 95
85 86
84 85
94 85
55 65
74 75
65 75
56 66
84 75
57 66
63 64
64 65
63 73
56 65
73 74
64 74
82 83
83 74
93 84
92 83
93 94
73 83
82 92
81 91
80 90
82 91
62 72
80 71
80 81
62 71
63 72
71 72
70 71
61 71
73 82
72 81
63 54
53 54
55 64
44 54
45 54
46 55
45 55
57 56
46 56
48 57
48 47
46 47
37 47
28 38
28 29
37 38
29 38
39 38
28 19
9 19
8 18
28 18
17 18
8 9
36 27
17 27
28 27
37 27
25 26
17 26
36 26
35 26
6 16
