0
100
32 53
28 74
16 71
65 46
16 67
15 74
55 34
43 74
17 44
73 74
46 74
14 44
54 74
12 66
26 44
66 74
71 74
33 74
48 74
58 74
65 44
32 74
38 58
44 74
17 74
40 74
38 74
65 23
42 74
47 23
20 49
48 30
31 11
11 74
51 30
31 74
52 30
0 20
7 37
25 74
40 20
23 74
30 74
57 74
12 59
59 74
19 3
5 3
52 35
16 55
6 1
35 74
10 74
26 70
46 3
55 74
3 74
1 74
16 56
56 74
48 20
24 74
20 74
67 74
21 74
0 40
60 74
2 74
69 74
4 74
45 74
61 34
16 34
51 74
5 34
8 74
21 34
36 74
9 18
52 74
7 74
18 74
27 74
68 34
64 74
32 63
12 74
29 74
39 74
16 74
61 37
34 74
70 74
48 37
49 74
14 74
6 74
52 63
9 74
33 63
