0
97
6 99
11 99
62 99
4 40
60 13
35 88
7 88
18 36
88 36
84 9
84 65
6 2
18 65
85 2
26 65
28 65
34 2
89 1
3 84
88 84
70 1
68 95
69 6
49 6
5 7
7 6
16 6
97 6
18 48
52 19
21 19
98 48
96 48
18 93
49 80
61 7
69 51
50 51
81 51
91 53
85 53
46 45
78 45
53 45
83 43
26 56
24 56
67 10
33 96
20 58
78 96
10 96
18 25
57 15
5 86
86 62
21 62
55 22
17 28
3 61
66 12
94 12
8 49
94 87
38 44
30 42
4 44
67 72
4 98
71 98
27 26
8 75
60 24
50 75
92 82
64 82
66 82
16 82
50 31
64 71
0 32
38 32
70 91
38 67
35 91
67 32
81 91
68 11
78 83
70 58
55 10
63 46
76 46
85 18
89 69
60 4
20 63
