0
100
63 99
34 99
49 99
58 99
39 99
0 99
52 99
60 99
75 99
33 99
66 99
46 99
23 99
85 99
55 99
29 99
34 69
42 99
10 99
85 27
43 99
69 99
79 99
74 27
16 27
61 99
76 27
27 99
82 99
82 87
87 99
80 78
40 99
24 78
95 99
47 88
88 99
29 78
70 99
86 99
14 78
65 99
78 99
73 99
89 99
22 45
16 99
1 57
45 99
38 57
62 57
12 99
62 99
94 99
32 99
25 99
76 99
1 99
95 84
23 57
8 84
5 99
2 84
97 57
16 57
21 72
43 84
67 57
95 67
47 93
72 99
8 57
13 84
58 93
85 93
60 84
76 67
47 99
93 99
4 99
79 57
48 84
23 84
42 67
51 67
46 67
61 57
58 67
24 57
80 99
25 57
0 67
9 57
14 99
68 99
9 99
33 57
74 14
6 99
69 90
