5
20
62
13
35
15
100
24 79
65 79
4 79
34 79
70 28
34 28
10 28
14 79
55 28
65 28
4 28
28 79
47 79
41 54
10 78
7 79
10 8
60 8
41 79
25 8
37 54
51 54
66 79
51 79
11 78
54 79
77 8
12 8
78 79
27 79
33 79
64 8
30 79
37 79
47 63
63 79
23 8
71 79
11 79
12 48
26 8
33 8
64 52
52 79
3 48
65 8
53 8
10 54
37 8
32 54
61 8
12 72
10 48
34 8
72 8
21 54
29 8
4 54
71 8
18 8
7 54
41 16
65 54
55 18
55 54
68 28
63 54
16 48
24 8
6 54
10 68
50 8
69 54
33 59
32 48
4 68
24 28
47 67
24 54
7 68
72 28
55 48
53 48
29 54
68 8
37 28
22 54
46 59
39 28
25 48
3 54
46 67
67 8
29 48
37 48
31 28
64 48
2 48
50 54
12 28
