0
100
65 99
28 99
24 45
31 99
81 25
45 99
98 80
58 99
71 80
8 46
80 99
0 99
81 1
11 46
24 38
46 99
41 99
27 1
42 89
48 99
38 99
67 99
89 99
9 99
1 99
44 3
63 49
63 99
39 90
93 3
55 99
95 99
64 99
42 69
75 3
69 99
81 99
39 24
44 99
87 29
54 99
78 29
60 3
86 87
92 99
29 3
6 3
87 99
30 20
34 15
15 99
19 99
98 3
0 3
84 99
21 50
68 99
50 99
39 3
71 53
30 53
53 99
17 3
65 3
66 3
13 26
56 3
9 3
26 3
90 3
21 3
12 13
72 3
0 12
9 33
8 99
28 3
81 3
35 3
86 3
39 13
13 99
74 3
78 99
2 99
61 3
52 99
33 99
88 99
35 99
60 46
38 3
31 26
16 46
92 46
4 26
73 50
50 3
43 99
39 26
