0
100
17 54
52 54
40 54
34 54
19 54
20 54
26 54
33 54
25 54
14 54
17 29
38 54
40 35
26 29
18 54
30 6
29 54
10 54
6 54
17 35
33 35
46 54
11 54
25 35
8 35
22 54
8 54
2 35
5 54
0 35
0 44
43 54
52 35
40 44
0 9
27 54
21 32
21 54
34 35
47 54
5 44
23 54
45 54
32 54
23 35
15 35
1 35
35 54
42 54
51 54
1 54
50 54
11 44
23 44
15 54
2 54
20 44
18 44
8 16
50 12
30 48
51 16
48 54
40 24
53 54
41 12
36 44
23 12
42 16
26 16
30 54
43 44
7 44
42 44
36 54
33 12
50 44
24 44
16 54
26 12
50 33
45 44
21 49
40 49
26 44
48 44
0 21
42 12
39 12
14 44
40 33
47 44
21 3
13 44
26 3
17 3
31 12
29 44
43 49
43 12
