5
80
38
7
92
95
100
60 99
45 22
3 22
3 97
33 22
66 22
13 97
18 22
26 4
51 4
34 97
40 4
2 4
61 4
17 4
77 8
51 8
0 49
98 8
37 21
74 59
81 79
3 79
36 32
41 19
16 79
56 19
13 19
19 32
9 28
50 32
57 28
28 79
65 32
87 47
25 47
20 19
81 34
70 34
2 34
50 34
51 63
60 63
57 63
23 26
16 84
45 26
45 84
33 26
57 84
65 84
2 26
23 64
1 87
86 87
68 87
69 87
65 78
60 87
5 55
11 55
13 56
36 56
81 64
43 64
62 64
41 82
89 64
82 64
6 68
46 68
57 65
17 65
91 65
51 65
83 88
86 88
29 2
36 2
41 2
75 2
17 76
35 76
20 76
36 90
36 58
41 90
58 90
46 90
57 10
86 82
1 82
69 24
43 77
35 77
54 77
5 40
93 40
1 40
14 40
