0
100
23 93
34 93
54 93
53 93
67 93
20 93
89 93
65 93
81 93
38 93
7 74
2 93
77 17
84 93
28 93
28 17
65 17
1 74
49 79
21 30
30 93
19 74
21 26
41 17
74 93
5 79
14 79
5 23
91 17
48 37
79 93
18 26
37 93
4 23
45 93
81 23
2 85
2 31
82 46
24 26
21 23
27 17
64 23
33 17
1 17
29 17
59 17
0 93
63 83
23 17
85 26
56 93
50 79
26 93
83 93
11 79
63 79
49 47
57 78
31 93
14 17
78 17
90 93
74 17
55 93
63 17
55 79
47 17
17 93
91 93
3 93
45 46
22 93
13 33
46 93
18 93
37 33
36 93
52 33
72 93
57 93
1 33
33 93
69 93
7 93
9 93
52 93
86 93
68 93
7 50
15 93
2 39
47 93
21 93
59 50
77 93
10 93
63 93
49 93
50 93
