0
100
40 99
13 87
49 87
87 99
80 85
98 99
59 99
83 99
88 99
52 85
45 85
10 51
40 62
51 85
54 73
57 69
48 73
36 69
96 69
40 84
59 69
48 69
13 73
77 69
58 84
52 73
39 22
60 22
82 73
4 84
84 69
4 33
41 77
80 77
13 33
70 33
67 77
7 33
94 33
24 33
6 33
13 89
83 33
51 77
4 89
54 77
67 33
16 77
9 95
35 33
89 33
60 95
82 77
66 95
61 33
39 95
13 95
81 62
51 62
37 62
8 62
67 12
75 12
74 91
29 12
25 12
2 12
27 28
58 12
63 28
28 12
10 12
63 91
51 12
86 91
52 91
56 1
20 91
58 1
1 91
61 8
56 8
27 47
16 26
7 8
94 89
39 8
63 89
80 26
89 8
55 8
42 50
61 26
98 47
54 26
50 47
24 47
87 47
2 39
51 19
