0
100
35 99
58 99
54 99
93 99
15 99
4 79
3 99
48 52
65 79
7 99
43 79
33 99
83 99
0 99
33 18
18 99
58 52
93 79
79 99
31 99
12 99
82 99
52 99
50 99
68 99
16 99
61 60
49 99
65 99
60 99
67 64
9 43
32 99
34 99
65 43
91 99
88 99
31 30
29 99
43 99
96 99
87 99
90 70
34 74
49 64
21 99
81 99
14 55
14 30
72 74
12 66
81 70
70 64
30 99
74 99
59 99
66 13
9 99
66 99
34 64
44 55
81 13
3 55
31 56
73 99
27 55
93 13
36 99
38 74
90 74
48 55
96 74
44 99
9 64
92 99
71 99
56 99
5 64
87 64
41 13
21 74
81 24
92 24
18 74
68 42
74 64
95 64
98 70
58 55
41 70
1 70
42 99
66 24
13 99
53 99
1 99
12 70
75 99
95 55
3 64
