0
100
45 99
0 89
0 99
98 57
80 99
76 99
7 89
57 99
65 8
89 99
59 99
58 99
44 99
8 99
87 99
25 56
15 99
73 99
37 56
77 56
49 56
62 99
12 99
0 62
45 56
46 56
38 99
48 41
48 99
20 99
12 56
18 56
94 56
6 11
0 48
65 89
95 6
23 56
56 99
69 99
7 99
42 99
41 99
81 99
4 99
65 99
13 99
96 99
78 99
84 6
67 99
17 99
21 6
52 6
84 99
77 6
95 69
54 99
3 99
40 99
49 99
58 86
40 6
31 99
0 35
6 99
10 99
72 99
21 55
45 21
79 30
82 99
85 30
33 99
67 30
46 99
2 99
83 99
47 99
35 99
29 99
94 99
33 30
52 30
3 30
63 30
80 30
25 30
72 82
95 82
24 30
53 99
83 30
37 99
43 30
20 10
21 99
34 30
68 99
91 30
