0
100
58 99
64 99
12 99
48 99
76 82
67 85
82 99
85 99
68 99
63 99
87 31
51 99
71 99
57 99
8 99
90 99
14 99
23 99
83 99
0 89
1 99
29 99
60 99
50 99
92 99
49 99
16 99
95 99
23 81
87 99
81 99
96 89
89 99
35 99
77 53
76 99
53 99
77 99
46 99
59 99
74 99
31 21
9 99
61 99
72 99
33 99
43 99
34 99
69 44
75 99
83 44
20 99
98 99
54 99
27 99
10 44
55 99
31 99
71 44
12 44
73 99
62 44
15 99
73 44
43 44
5 99
94 99
87 44
97 87
47 79
45 99
62 99
26 24
17 99
7 94
87 79
13 79
28 99
10 99
13 99
30 99
39 99
57 44
16 44
20 24
58 79
37 44
61 44
80 94
29 44
75 44
94 44
40 44
48 79
92 44
24 99
64 44
1 30
18 99
60 44
