0
100
0 57
52 99
92 59
0 92
69 88
69 76
0 69
0 66
0 64
52 88
0 52
9 75
9 57
56 57
56 8
48 76
48 8
33 76
33 75
33 3
21 57
7 88
7 16
1 25
70 99
70 59
74 89
70 74
70 66
65 99
65 89
70 65
22 99
23 8
23 3
9 3
9 72
9 45
9 44
9 38
26 88
9 26
13 99
13 88
13 3
6 99
6 93
6 91
87 35
6 87
80 88
6 80
6 77
6 62
6 60
6 58
41 76
41 59
6 41
34 99
6 34
31 88
6 31
6 28
6 19
15 99
15 59
6 15
11 99
11 57
6 11
6 10
5 75
5 16
75 99
95 59
39 25
26 35
56 89
56 76
56 59
56 87
86 88
56 86
64 8
48 88
48 91
48 77
48 55
54 99
54 59
54 35
48 54
48 38
48 34
11 35
33 87
33 62
33 41
19 59
