0
100
15 99
39 99
1 99
63 99
23 48
34 62
80 13
62 99
86 99
66 48
64 5
46 5
82 5
55 5
12 37
36 55
44 55
18 55
37 55
6 24
25 56
26 10
91 10
60 94
71 94
14 94
49 44
34 89
51 44
50 36
93 87
41 87
81 58
71 87
17 58
41 58
81 12
93 23
0 11
43 23
92 18
38 40
75 11
34 33
27 33
68 88
16 9
4 65
45 14
27 9
63 65
50 25
51 25
31 62
95 13
75 13
59 13
79 51
43 98
45 49
19 72
93 72
60 72
96 72
93 73
31 73
69 28
52 38
2 28
82 19
32 80
27 67
32 47
8 6
15 97
39 97
27 26
61 64
7 64
29 71
95 71
29 53
74 81
8 53
30 53
31 43
42 90
4 3
92 3
34 3
68 90
66 84
75 35
17 84
52 86
2 4
79 39
42 15
42 83
70 54
