0
100
71 99
17 99
77 99
47 22
22 99
55 99
21 99
91 99
48 39
0 73
82 39
39 99
43 34
52 99
34 99
73 99
98 99
43 99
59 99
52 65
76 99
87 99
56 65
64 65
25 65
23 99
65 99
16 99
70 69
11 99
69 99
0 99
70 99
62 99
2 99
63 78
79 78
25 99
12 99
61 99
92 99
56 78
44 99
87 78
98 68
0 68
81 6
55 78
74 68
51 6
93 99
87 6
67 99
93 78
50 99
47 19
7 99
7 68
78 99
29 99
52 11
42 41
41 68
56 68
19 99
67 68
72 99
24 99
28 99
19 68
38 99
83 99
88 99
66 99
13 86
86 99
15 99
4 99
85 68
8 68
62 68
37 99
43 75
15 68
81 68
60 75
57 68
46 75
70 68
53 68
55 68
75 68
66 68
33 68
76 21
38 68
21 68
64 68
22 68
33 29
