5
2
89
19
68
44
100
58 94
65 94
54 26
26 94
22 94
13 94
80 94
16 94
91 94
71 56
9 94
75 94
17 94
59 56
4 6
56 94
52 94
93 94
53 94
4 94
33 45
66 94
45 94
61 94
28 94
57 94
27 94
47 94
15 94
14 94
20 94
4 12
85 12
5 94
35 12
82 94
70 77
61 12
77 94
49 94
5 12
35 94
69 94
10 12
86 94
67 12
60 94
74 12
54 12
67 94
43 12
6 94
23 94
30 12
32 94
33 63
63 94
55 94
66 39
22 12
46 39
70 12
5 88
88 39
38 94
51 39
52 12
25 94
76 39
32 39
52 39
69 12
51 94
15 39
83 39
7 26
37 12
81 94
39 94
8 12
83 94
10 94
46 94
6 12
22 84
20 12
13 12
79 24
58 12
24 94
0 93
0 14
84 94
64 12
61 7
87 94
9 12
81 12
71 94
71 93
