0
100
41 93
58 93
19 82
51 33
90 93
7 93
33 93
48 93
47 93
62 70
70 93
89 93
56 78
2 78
4 93
78 93
42 93
20 93
3 93
6 93
5 93
53 93
29 93
68 93
21 39
7 43
70 43
42 39
92 39
71 39
82 43
87 60
88 43
25 43
58 39
59 37
24 27
74 43
66 43
88 27
37 39
62 38
25 27
81 43
89 27
39 43
68 43
28 27
37 27
6 27
90 27
58 43
68 27
30 43
23 27
15 79
85 79
55 43
63 27
56 62
18 43
4 43
40 27
62 43
0 87
50 27
77 43
46 36
51 43
59 43
54 27
33 79
54 79
92 27
63 72
2 36
65 27
61 72
27 43
88 79
70 79
45 79
26 79
18 52
48 83
62 52
85 74
44 83
17 41
87 79
17 83
38 79
57 52
6 79
44 52
74 52
22 83
37 52
61 83
83 79
