5
86
52
71
68
43
100
46 42
80 42
12 40
49 99
37 42
54 40
76 99
17 84
2 40
6 42
33 15
66 84
42 99
79 99
16 99
3 77
77 99
66 99
98 5
14 99
92 99
35 99
81 5
44 99
54 44
44 5
23 99
7 99
95 5
94 99
81 99
10 5
3 99
39 5
6 9
56 46
6 99
35 5
96 99
39 46
39 82
16 9
67 5
59 99
46 9
74 25
70 99
31 53
80 9
82 99
1 5
26 9
26 34
54 5
93 99
95 99
2 9
80 34
41 25
12 99
66 25
12 53
32 96
51 99
87 34
19 9
98 38
59 34
8 5
9 99
66 50
7 97
3 19
13 85
90 50
40 53
19 5
14 53
96 53
46 85
0 5
12 38
58 5
63 99
50 5
35 97
82 5
87 38
85 99
28 99
95 53
72 45
8 97
24 97
45 38
4 97
4 99
56 97
4 38
92 97
