0
100
90 99
31 99
35 99
45 99
75 99
42 99
78 99
93 39
38 99
73 99
92 99
18 99
0 21
7 99
39 99
33 99
97 21
97 99
54 99
20 99
23 21
21 99
80 99
20 64
0 99
40 99
26 64
64 99
89 99
87 99
16 99
65 99
2 99
24 99
53 99
93 99
96 99
70 99
26 99
5 99
28 99
74 99
32 91
91 99
32 99
52 99
34 99
41 99
79 99
47 99
61 99
27 99
81 99
57 99
59 99
55 99
12 62
71 99
90 62
10 99
14 99
15 99
51 99
75 62
62 99
88 99
97 13
37 99
60 99
36 38
13 99
43 63
94 99
56 63
11 99
95 99
40 63
14 63
17 99
17 63
83 99
79 4
69 99
4 99
22 99
17 23
56 99
6 66
63 99
84 99
72 99
57 23
0 35
7 23
0 23
81 23
37 23
52 23
55 23
70 23
