0
100
61 97
60 97
50 97
52 97
49 97
85 97
69 97
68 97
77 97
45 76
35 76
4 76
51 97
83 97
34 76
6 95
91 97
70 97
3 76
53 97
36 76
87 97
90 97
19 76
20 76
20 95
28 76
7 76
55 97
90 30
47 76
16 95
50 19
38 76
30 76
6 76
19 95
36 95
40 76
79 97
58 97
56 97
5 76
84 97
2 95
41 95
26 95
47 86
75 97
72 97
48 95
54 97
43 95
86 97
22 95
38 95
42 76
2 76
84 18
80 33
47 95
56 33
74 97
49 33
12 76
64 18
37 95
86 18
28 95
75 18
16 76
80 97
42 95
80 18
66 33
30 95
49 44
66 97
88 18
71 97
85 33
73 97
62 33
78 97
63 97
14 95
37 76
21 95
15 76
49 18
96 44
18 76
80 44
67 97
47 83
68 44
74 44
23 76
25 76
71 33
