0
100
32 98
61 98
40 98
15 98
68 45
45 98
91 98
92 98
67 98
0 36
24 37
38 98
36 43
8 98
68 98
21 5
53 98
0 87
43 98
57 37
72 98
6 29
6 37
82 38
96 98
38 37
24 98
11 5
59 98
7 37
5 98
82 37
25 98
7 98
37 98
78 98
74 98
93 98
57 98
50 1
31 1
67 1
4 82
92 69
82 98
12 1
45 1
32 1
6 1
96 1
69 98
60 90
28 98
12 49
56 90
80 98
1 98
12 98
65 41
52 98
41 98
55 98
49 98
3 98
34 98
92 89
48 98
46 98
86 98
76 98
18 89
78 88
27 89
66 98
18 98
61 89
77 98
7 89
30 98
17 89
65 88
11 89
40 89
34 88
83 20
88 98
56 2
2 98
51 20
56 98
23 98
80 20
74 89
0 26
35 20
22 89
34 89
15 89
79 98
11 20
