0
100
50 99
48 99
2 4
41 4
8 99
51 99
72 19
64 4
4 99
66 26
84 26
26 99
2 99
40 20
44 23
15 20
68 99
40 23
89 20
93 23
74 94
8 23
33 23
43 20
45 20
37 94
10 20
63 23
80 23
64 20
32 94
26 20
31 94
77 94
11 94
62 88
95 88
86 94
86 88
84 94
21 94
17 88
14 94
87 88
16 94
44 39
91 94
89 88
0 5
39 88
2 88
75 54
54 88
15 46
58 88
81 46
93 5
44 36
72 5
79 5
22 46
64 88
28 88
8 88
4 88
84 22
36 46
5 88
53 22
21 22
87 30
22 88
98 46
39 1
29 30
7 30
1 46
96 46
64 30
14 30
13 30
15 30
77 30
3 30
81 2
58 2
8 2
73 2
41 2
80 2
78 2
93 61
15 61
95 61
79 29
29 61
62 61
28 2
36 2
58 83
