0
100
43 99
59 87
20 99
87 99
66 99
6 99
49 99
65 93
93 80
78 67
46 99
75 80
67 80
34 80
27 80
59 97
83 80
88 99
70 99
42 99
28 80
11 73
51 80
33 80
97 99
53 73
70 80
80 99
16 99
28 99
78 69
69 92
70 92
83 92
59 98
35 98
78 92
31 48
1 98
48 92
87 98
6 92
85 92
34 92
26 92
79 63
87 92
9 92
88 92
28 63
18 2
16 92
25 63
60 92
53 84
31 2
41 63
17 63
16 56
96 2
84 92
75 32
27 98
29 88
67 63
59 32
47 2
20 2
21 92
67 90
60 88
93 32
86 63
86 2
16 32
66 70
44 72
4 32
5 98
38 56
56 98
52 63
94 32
36 88
27 90
55 88
82 85
16 46
83 98
85 32
67 88
61 2
82 2
65 46
62 32
6 2
98 92
61 76
25 32
40 70
