0
100
0 23
50 93
82 93
82 51
82 23
23 93
51 93
78 93
80 93
52 93
36 15
39 93
18 93
31 93
85 93
21 93
81 68
73 93
68 93
15 93
74 17
47 43
27 93
79 93
17 43
92 93
48 93
53 43
36 93
9 84
16 93
18 76
66 43
44 86
84 43
40 76
74 10
85 77
90 43
76 43
44 43
81 93
60 74
77 93
37 43
36 43
5 43
3 34
88 93
41 93
47 57
10 93
91 93
13 43
41 46
40 30
46 93
12 30
20 43
87 43
9 50
88 43
15 43
73 2
57 93
4 43
34 93
30 93
63 71
38 93
71 43
47 62
4 93
87 93
5 71
57 2
12 43
63 2
78 2
19 62
47 71
37 67
11 72
33 89
69 93
63 93
65 43
80 71
59 24
2 43
59 43
14 43
11 93
62 43
6 71
6 43
8 43
91 38
28 93
71 93
