0
100
27 99
40 99
92 41
34 99
41 99
90 63
26 99
39 99
90 99
52 99
29 99
16 99
10 99
59 99
19 99
82 76
40 76
21 76
20 76
95 99
63 99
88 99
6 56
61 62
84 76
62 99
34 56
96 99
25 99
92 99
34 76
56 76
33 99
32 76
88 76
97 99
91 76
96 76
35 99
69 99
57 99
69 76
76 99
93 18
54 99
5 99
35 18
31 99
78 99
60 99
33 22
77 99
3 29
11 99
61 18
9 99
77 18
18 99
48 22
72 99
22 99
57 4
4 99
32 99
6 82
51 99
44 99
24 99
71 99
8 99
98 99
89 87
34 85
82 87
87 99
82 99
72 89
12 99
91 85
67 99
19 85
89 99
1 99
93 99
71 85
33 29
29 85
90 85
53 66
73 85
66 99
21 85
77 85
32 85
69 85
21 66
81 85
14 85
96 85
33 85
