0
100
75 67
87 99
74 99
67 99
78 99
97 98
51 99
74 73
73 98
82 17
40 17
4 70
75 16
5 16
15 16
33 55
10 18
16 17
31 18
10 9
56 55
55 18
74 24
20 19
29 92
74 92
91 92
87 94
3 95
70 94
97 96
91 95
84 83
84 20
82 83
67 20
15 20
23 24
33 32
21 20
39 83
2 71
8 83
24 20
85 71
32 83
8 71
72 71
69 70
23 70
50 16
85 86
48 49
86 50
36 50
73 50
12 50
72 51
52 51
87 86
33 86
3 10
4 10
33 38
11 10
23 37
36 37
1 39
23 38
14 38
43 38
47 38
56 39
5 39
40 39
97 77
27 77
78 77
75 76
63 62
74 62
2 61
64 43
60 61
66 61
43 61
56 57
58 57
6 69
68 69
59 69
68 29
78 29
64 65
64 28
66 65
30 29
64 31
27 28
85 31
