0
100
63 99
84 1
74 38
0 99
35 99
88 41
75 1
32 1
78 99
74 99
18 13
75 38
98 41
93 44
7 1
70 99
0 1
88 1
84 38
38 99
63 1
80 41
33 1
20 41
58 99
88 35
88 12
89 1
16 41
35 1
69 41
9 1
41 99
94 92
88 99
63 92
80 1
28 1
8 1
92 1
11 99
10 1
10 99
55 1
44 73
2 1
23 1
21 73
82 73
93 99
30 99
73 1
97 1
38 1
28 25
96 99
49 99
90 1
89 99
88 81
18 81
42 99
82 99
16 99
85 62
44 99
68 1
29 3
58 24
98 3
25 99
44 1
61 99
88 3
28 99
24 1
3 99
55 99
77 1
61 64
35 81
26 81
12 1
33 99
64 1
10 81
45 99
95 1
34 81
93 81
36 45
85 99
42 81
21 45
14 1
13 81
51 13
96 81
81 99
48 1
