5
87
6
24
70
14
100
3 94
84 94
29 94
38 94
39 94
74 94
62 94
41 94
25 94
57 73
9 94
1 94
67 94
13 94
90 73
69 94
74 73
71 94
32 73
15 94
73 94
7 94
17 94
32 94
63 94
22 5
86 94
2 94
47 5
91 94
52 5
5 94
4 94
19 94
49 94
8 94
52 94
21 94
82 94
18 94
35 94
60 94
44 94
45 94
28 94
40 94
47 94
37 94
77 94
53 94
81 94
72 79
76 94
46 94
84 79
57 94
42 79
34 79
47 79
78 79
16 79
22 94
12 94
51 94
72 94
90 94
32 79
36 79
68 94
11 94
42 94
92 79
16 94
54 79
23 79
43 94
58 94
0 79
39 79
65 94
31 94
67 79
52 48
43 79
12 79
47 48
54 94
28 48
45 61
92 94
92 48
53 79
7 64
56 79
63 79
5 79
55 94
41 48
74 64
90 79
