0
100
0 99
1 99
98 99
98 97
95 97
0 98
94 96
92 93
94 95
94 93
89 91
90 91
88 90
87 89
86 88
85 87
84 86
83 85
82 84
81 83
79 81
79 80
80 82
77 78
76 78
75 77
75 76
72 74
73 74
71 73
70 72
69 71
68 70
66 67
67 69
66 68
64 65
63 65
62 64
61 63
60 62
60 61
55 57
56 57
58 59
58 57
54 56
54 55
51 53
52 53
49 51
50 52
48 50
46 48
47 49
45 47
44 46
44 45
42 43
41 43
40 42
38 40
39 41
37 39
35 37
36 38
34 36
32 34
33 35
31 33
30 32
28 30
29 31
26 28
27 29
25 27
25 26
22 24
23 24
21 23
20 22
19 21
18 20
17 19
16 18
15 17
14 16
13 15
12 14
11 13
11 12
9 10
8 10
7 9
5 7
6 8
5 6
2 4
3 4
0 2
