0
100
26 99
44 99
38 99
96 99
35 99
73 99
15 99
36 97
80 99
72 97
75 23
44 23
21 23
82 52
52 23
5 88
73 60
51 82
88 60
18 60
11 16
58 49
34 49
82 33
50 33
62 72
89 4
51 67
11 72
5 9
42 36
67 72
80 72
3 29
95 4
34 4
4 72
75 43
7 9
9 72
59 72
43 69
68 69
58 69
7 6
88 31
64 76
53 22
39 22
43 79
83 12
56 63
20 12
40 63
88 29
81 92
93 14
64 11
89 14
75 84
51 11
20 84
85 88
82 88
68 88
19 88
48 42
7 61
5 98
34 98
36 98
85 90
64 90
39 90
73 90
44 20
40 20
70 27
66 78
95 78
28 62
41 96
70 62
93 86
83 62
53 62
51 96
93 54
24 50
48 85
81 64
37 13
57 64
75 13
18 13
56 85
2 85
37 35
18 52
66 91
