0
100
67 99
86 99
64 5
47 99
44 99
46 26
46 5
10 31
50 53
55 99
0 53
26 99
5 99
19 1
9 53
80 53
83 99
58 31
10 9
77 99
1 31
4 40
45 53
56 71
9 99
36 71
56 53
31 99
76 99
45 99
28 53
2 53
25 53
10 52
84 99
12 99
93 53
67 53
64 53
52 99
35 53
73 53
84 53
73 99
10 99
1 99
64 99
20 53
98 78
37 90
20 99
14 99
36 53
90 99
65 78
86 53
15 99
77 53
13 99
78 53
33 99
17 53
27 53
83 53
74 25
85 11
26 53
72 99
38 53
66 99
28 11
61 53
19 99
89 99
10 53
91 99
0 99
25 99
63 99
69 11
68 11
56 11
17 99
94 53
71 53
37 99
92 53
64 28
91 53
81 11
2 32
82 99
27 99
31 53
30 11
28 99
37 11
74 99
15 40
8 99
