5
9
51
48
37
55
100
56 59
58 44
58 10
8 59
36 4
33 59
10 44
52 44
49 59
5 59
44 59
46 40
21 24
41 59
26 59
52 59
40 59
4 59
11 57
28 59
16 59
57 59
13 59
6 59
45 59
30 59
2 59
0 59
7 59
32 42
42 59
10 59
3 34
15 59
11 59
15 39
14 39
36 59
41 39
39 59
23 59
34 59
14 29
17 59
38 59
43 59
41 31
29 59
53 59
31 59
32 59
36 35
50 22
22 59
32 27
54 59
0 56
19 59
58 35
3 2
25 27
25 59
12 59
36 27
14 59
47 59
18 59
56 27
45 27
3 59
20 27
50 59
21 59
23 35
1 59
22 35
29 27
50 27
1 27
23 27
22 27
56 35
44 27
0 27
19 27
24 59
49 35
47 27
3 53
20 35
44 35
21 35
11 35
8 53
11 27
52 26
28 35
28 24
26 35
18 35
