0
100
51 92
41 92
29 92
68 92
81 92
89 92
76 92
11 92
42 92
6 92
3 92
19 60
61 92
40 92
23 92
90 92
12 60
36 92
60 92
79 92
38 30
13 92
10 19
71 12
30 92
25 24
38 92
26 92
19 24
0 92
57 92
66 24
90 24
74 17
17 92
25 18
87 24
58 18
89 24
84 92
62 92
56 88
24 92
21 92
74 92
44 92
39 92
15 92
5 92
68 70
66 92
68 31
64 92
73 88
4 92
71 92
29 70
70 88
47 92
31 88
2 92
81 88
65 92
39 88
2 78
49 78
78 92
72 92
76 88
29 62
31 92
62 88
67 88
71 88
19 5
68 82
26 43
82 92
77 43
19 92
5 88
4 88
74 43
74 28
38 10
43 92
16 88
58 92
4 28
20 88
71 83
10 91
30 88
89 88
34 28
21 88
79 28
27 92
91 88
29 88
