0
100
0 99
70 76
86 99
82 76
80 99
25 99
22 64
53 76
22 99
68 76
21 4
15 64
4 76
21 99
61 76
23 16
7 64
7 76
64 99
36 93
3 99
37 76
79 99
9 60
97 1
61 99
97 5
11 99
40 93
93 99
37 68
35 76
68 16
2 99
71 60
65 16
32 89
79 60
73 23
48 1
26 54
92 99
29 16
6 76
81 76
73 60
21 43
92 54
34 99
13 32
42 76
59 76
60 99
36 16
66 99
29 84
57 89
3 16
83 99
87 76
96 76
82 99
20 99
16 76
53 99
50 1
13 76
46 1
2 54
50 78
32 76
42 99
66 94
81 88
40 54
76 99
5 99
80 54
73 10
36 94
19 62
54 99
62 99
32 99
58 99
39 75
12 10
65 99
81 99
57 99
23 75
25 75
85 99
24 99
86 75
80 75
24 75
96 75
22 10
11 10
