0
100
96 99
95 99
89 98
97 99
90 98
93 98
91 98
94 98
87 92
88 92
95 92
85 92
86 92
97 92
93 96
87 91
89 96
86 91
97 91
90 96
88 91
94 96
85 91
87 94
93 95
97 94
90 95
85 94
89 95
88 94
89 86
90 86
93 86
83 84
73 78
81 84
67 78
66 78
83 78
83 79
67 84
71 84
79 78
69 80
67 74
81 78
83 80
83 72
81 77
72 84
80 84
71 78
76 77
82 77
71 74
74 84
67 77
83 77
76 80
72 78
69 77
75 80
70 80
71 77
79 77
79 80
82 67
81 67
65 79
79 72
66 74
75 74
65 74
70 74
76 72
69 74
81 72
69 81
66 83
76 83
76 81
73 83
73 81
71 81
66 79
68 79
70 79
70 67
68 67
71 73
68 70
76 73
68 73
82 73
71 70
66 82
68 82
65 82
68 66
68 69
