0
100
30 93
76 93
50 93
37 93
34 93
87 13
90 93
89 93
44 93
88 29
83 93
29 93
47 93
13 93
90 55
53 55
26 55
67 93
61 54
72 55
8 93
80 93
54 93
46 55
61 93
40 68
69 55
68 55
58 6
17 7
40 2
11 93
88 55
7 6
5 6
15 93
88 93
2 93
85 55
70 6
77 14
11 55
6 93
15 55
40 7
69 68
84 55
19 14
27 55
27 5
36 93
40 93
77 71
89 14
68 71
86 14
5 93
77 93
14 55
10 55
84 93
67 71
39 93
19 55
40 1
71 55
34 73
48 55
81 93
67 55
73 93
60 93
45 55
32 85
35 93
1 55
43 93
90 2
85 93
59 55
89 2
71 93
17 55
1 93
78 93
3 93
34 55
53 93
13 55
12 93
75 93
33 93
2 55
92 93
0 48
58 93
69 93
0 79
89 55
83 55
