0
100
77 99
0 25
22 99
29 25
15 99
25 99
91 99
74 99
18 99
7 99
95 99
96 99
96 21
21 99
20 99
73 99
13 99
8 28
68 71
31 99
0 71
28 99
6 1
10 5
5 99
67 99
78 76
76 99
69 71
16 99
10 99
68 66
18 1
94 99
3 1
6 88
1 99
2 99
93 99
87 99
96 71
56 66
75 71
62 71
57 90
68 46
79 99
90 99
78 66
55 66
46 71
6 99
66 99
23 99
61 88
91 71
97 71
92 88
19 88
88 99
30 99
83 99
84 99
61 71
39 71
12 99
72 99
89 99
65 71
8 99
45 71
80 99
95 71
93 65
82 99
58 65
54 71
3 85
88 71
81 85
24 99
37 71
37 65
98 27
9 99
53 58
79 85
68 65
86 99
44 65
90 71
9 85
74 65
70 53
40 34
92 99
92 58
43 63
70 65
37 50
