5
82
27
53
58
45
100
58 19
32 93
11 93
23 39
39 93
19 93
43 93
37 80
17 93
14 80
37 93
46 93
80 93
86 93
36 93
55 93
13 93
9 93
14 65
88 93
54 93
38 72
20 93
65 93
73 6
75 93
6 93
25 12
92 12
18 93
74 12
20 12
24 12
54 12
21 91
34 12
33 91
88 91
17 12
59 91
60 12
14 12
48 91
56 8
74 91
62 12
9 91
87 8
40 2
8 12
65 12
92 66
32 91
43 91
23 79
85 79
87 91
80 91
67 66
38 79
5 36
54 91
56 79
6 66
43 66
20 66
62 66
91 12
23 66
39 66
38 66
83 66
52 36
75 66
70 66
50 36
50 66
63 36
31 66
36 66
89 66
60 66
57 66
80 66
56 91
7 79
55 79
70 91
1 91
85 91
79 91
83 10
55 10
52 15
86 91
20 91
10 91
50 49
37 15
67 91
