0
100
0 79
77 79
52 50
78 79
19 1
1 79
60 72
27 24
1 72
0 24
3 72
2 7
72 50
0 26
58 24
68 7
0 20
2 20
3 5
5 20
3 20
71 76
2 70
70 69
74 76
0 69
77 76
40 69
1 69
4 47
21 69
18 47
45 76
75 47
2 73
1 73
75 73
0 73
67 73
0 66
0 48
4 73
2 66
0 16
25 66
2 16
11 73
2 19
2 63
3 43
43 48
33 3
33 48
53 66
3 63
1 48
16 73
66 73
1 63
4 63
1 41
19 63
22 63
4 23
2 12
4 17
0 19
3 12
2 17
0 17
4 62
23 41
60 12
38 17
31 12
4 27
17 41
64 49
0 49
65 49
1 49
34 51
2 43
3 51
57 51
4 51
1 43
28 43
71 62
27 62
13 62
59 62
2 45
21 45
0 78
2 61
61 78
64 72
70 72
37 32
