0
100
81 93
35 41
89 93
41 93
35 93
1 93
2 93
18 93
65 93
56 93
86 93
4 93
51 93
32 93
53 93
62 93
0 93
46 93
11 20
81 20
70 93
57 93
87 20
75 93
11 92
26 93
84 20
26 20
87 93
22 20
67 93
76 24
27 92
12 8
37 20
43 93
12 93
22 77
79 22
29 93
86 92
71 77
46 47
76 34
44 77
24 20
34 20
52 8
73 50
56 84
8 93
20 93
75 50
50 93
52 93
77 93
70 17
17 93
91 92
12 50
75 6
13 92
29 92
5 77
59 50
62 92
54 6
51 50
57 92
4 6
62 50
39 77
14 6
70 92
61 77
17 50
50 92
17 92
47 6
81 92
90 92
42 77
32 6
12 92
40 92
69 92
15 92
9 92
81 77
41 6
48 73
14 92
46 6
91 6
79 92
82 92
55 77
91 77
4 77
65 77
