0
100
60 99
48 99
78 99
23 99
49 99
20 99
0 58
79 99
77 99
0 92
11 58
90 99
76 99
44 58
34 58
87 99
15 99
6 99
93 83
52 58
92 99
94 83
9 58
66 99
52 99
67 58
76 83
70 84
53 58
83 99
34 57
84 99
30 58
0 99
78 50
53 17
25 99
43 82
50 99
31 82
86 17
17 58
85 99
19 66
30 99
82 99
3 99
59 58
67 99
97 99
90 80
18 58
72 99
66 58
74 99
89 99
13 58
94 99
50 58
80 58
48 58
53 3
88 99
43 31
31 54
29 99
65 58
45 99
86 56
29 58
22 58
61 58
87 56
88 56
54 99
25 56
31 99
59 99
64 8
3 56
42 58
77 58
28 58
90 75
92 58
8 99
80 99
80 56
56 99
98 99
60 58
21 58
70 58
75 99
93 99
51 5
40 58
16 58
69 99
57 58
