0
100
40 99
10 2
14 2
50 2
49 99
2 99
94 76
5 93
16 35
1 87
97 73
55 26
71 93
73 35
26 87
54 93
49 93
54 19
74 87
58 87
31 93
16 87
13 93
88 87
14 19
42 60
58 60
26 60
36 60
75 60
67 66
61 66
10 79
29 66
55 51
81 79
36 92
12 79
22 60
0 85
57 79
54 85
81 85
83 85
44 37
24 37
49 21
14 21
61 21
43 75
43 64
97 75
58 90
14 90
13 64
65 64
50 15
76 90
81 39
54 15
49 39
28 39
38 90
6 90
75 64
90 64
88 92
26 92
22 92
54 25
58 51
97 98
51 25
14 98
8 25
91 25
58 25
74 98
81 98
43 20
40 20
43 30
10 30
74 20
44 20
18 30
13 30
41 20
13 11
53 11
6 11
10 36
43 36
32 36
8 84
14 84
23 86
12 56
41 86
26 56
