0
100
26 97
62 97
60 97
45 37
91 97
37 97
79 97
68 97
83 4
4 97
76 97
93 1
62 64
28 94
44 97
1 97
50 97
6 94
17 97
56 97
94 97
54 97
10 97
81 97
35 97
72 97
2 97
53 97
80 97
20 97
95 97
30 97
32 97
87 82
15 97
91 66
58 97
67 97
93 97
12 66
70 57
27 97
82 97
85 66
26 57
25 97
30 57
83 66
57 97
66 97
78 97
0 97
52 5
64 97
42 97
5 97
75 11
16 97
31 97
46 11
91 11
81 11
86 97
47 11
70 97
78 11
9 11
15 11
12 97
13 97
60 88
96 88
88 11
44 90
41 49
12 92
49 11
90 11
41 97
21 11
31 11
87 97
93 11
70 9
7 77
81 61
96 97
59 97
59 11
20 11
92 11
72 11
39 97
83 74
77 11
47 61
48 11
83 38
80 11
26 11
