0
100
26 99
42 99
28 99
78 99
73 99
92 38
25 99
28 35
12 99
92 44
68 99
27 99
16 63
38 99
11 99
44 99
36 29
97 99
55 99
86 99
89 99
82 99
29 99
51 99
65 99
91 99
37 99
96 99
95 99
93 99
3 99
36 99
18 99
2 99
13 99
75 99
0 99
74 99
58 99
69 1
56 99
69 99
5 99
50 99
36 11
1 99
20 99
23 99
60 99
17 90
17 61
33 99
66 99
10 99
51 61
76 99
69 90
86 61
61 99
6 99
83 99
66 45
96 90
42 6
84 6
79 90
15 99
40 99
32 90
37 6
7 99
22 99
54 90
19 77
80 77
90 99
24 99
3 77
8 99
52 77
49 99
71 99
55 77
62 99
53 77
35 77
80 57
39 77
57 99
73 77
14 77
83 77
24 88
12 88
44 77
52 99
35 99
53 88
53 46
69 21
