5
33
52
14
54
56
100
26 96
86 96
32 96
31 96
48 96
3 96
51 8
79 50
74 8
24 96
24 72
19 27
39 72
50 96
59 72
58 96
27 8
66 96
34 72
87 72
87 86
11 8
72 96
61 96
62 8
64 35
95 6
86 8
30 8
39 8
78 96
42 32
35 96
6 8
20 8
78 8
83 8
66 70
70 96
84 8
87 8
68 8
5 8
61 8
59 8
43 8
3 69
17 26
95 76
12 69
26 69
61 69
59 69
75 76
28 76
37 76
63 76
89 76
60 76
79 69
36 76
9 76
39 69
74 69
72 69
83 76
21 76
34 76
13 69
31 70
64 7
63 70
50 76
49 69
93 7
95 7
68 73
25 76
65 70
70 76
24 76
78 69
7 69
73 69
5 76
55 69
59 76
92 69
75 83
92 76
78 57
28 69
65 69
19 57
38 69
83 69
67 76
20 76
42 76
67 69
