0
100
11 95
61 95
61 31
7 3
64 95
25 31
7 55
57 95
91 31
62 95
81 52
31 95
3 95
70 95
52 95
74 95
16 95
13 95
68 85
79 95
44 95
14 95
85 95
25 95
77 95
56 68
41 95
68 95
56 78
76 95
21 95
66 95
45 95
78 95
62 28
17 95
40 28
28 95
58 95
73 95
32 95
88 95
20 95
16 51
92 95
51 95
22 94
67 95
35 59
0 95
59 95
23 19
19 95
83 88
61 87
35 95
71 95
55 95
32 93
24 80
82 95
32 94
80 95
38 95
87 94
66 65
69 95
4 93
65 95
82 93
37 95
74 93
94 95
41 93
47 95
79 93
61 86
89 93
7 10
86 10
23 95
47 10
64 45
9 95
86 93
47 29
4 45
75 95
75 45
54 95
54 29
88 93
90 40
57 93
65 29
46 93
26 29
18 95
69 93
22 93
