0
100
20 99
53 19
62 99
39 99
33 99
35 99
29 36
36 19
93 19
45 19
71 19
65 49
59 19
78 19
49 35
90 35
61 35
59 30
91 35
59 2
18 2
43 30
71 42
95 30
42 30
44 2
93 2
41 30
59 97
41 97
14 97
16 97
65 6
77 6
76 3
64 3
91 6
40 63
56 6
22 96
95 63
3 6
90 63
64 63
38 63
12 40
71 22
68 22
40 22
44 22
73 22
60 85
74 85
37 85
40 85
25 85
41 16
77 16
87 16
61 72
78 82
43 82
13 16
72 16
37 82
88 82
53 82
39 82
46 82
84 82
20 26
10 82
64 26
12 26
11 26
74 80
93 7
20 27
36 80
80 26
70 7
46 7
61 7
59 94
90 27
96 7
67 27
76 79
86 94
51 94
79 27
15 27
81 94
78 94
40 27
10 25
84 25
76 25
90 25
32 25
