0
100
36 91
57 91
20 32
32 91
41 91
33 91
40 91
63 18
18 91
70 91
8 33
89 64
8 84
33 64
64 91
11 91
19 91
7 16
54 50
50 91
58 71
14 16
39 91
28 91
78 16
21 91
44 83
67 38
44 16
25 90
88 91
31 16
27 87
9 54
8 87
16 91
90 91
9 91
83 91
31 91
24 30
30 91
8 91
89 91
42 91
33 85
85 91
48 91
34 91
7 91
26 91
82 91
81 91
56 91
67 91
37 91
86 91
0 17
15 91
0 91
77 91
56 14
56 43
43 91
63 74
14 91
63 91
17 91
27 1
74 91
62 75
20 91
1 91
35 91
75 91
24 91
59 91
78 91
72 91
25 91
58 91
4 91
31 68
43 2
2 91
53 68
14 68
9 65
65 68
80 91
56 68
9 53
24 68
20 69
46 91
66 53
76 68
7 53
34 69
19 69
