0
100
7 99
64 99
46 89
79 89
56 35
60 89
80 75
48 89
10 75
51 89
8 5
1 5
34 12
23 5
57 12
13 5
82 12
22 1
1 4
6 4
14 4
50 53
29 43
40 53
2 30
21 53
13 53
45 78
76 56
22 81
22 19
81 56
41 19
42 40
93 56
22 40
19 56
74 56
60 56
98 82
37 85
84 82
37 70
33 57
85 57
45 70
28 57
55 70
46 93
6 69
44 69
63 28
72 28
49 68
67 42
76 42
49 44
84 91
46 91
36 8
67 8
11 8
62 33
39 33
19 6
10 6
48 29
98 21
15 21
63 21
58 32
0 3
63 80
85 80
3 20
10 20
52 51
36 66
22 18
7 81
7 86
31 65
14 18
45 86
45 55
84 55
50 92
15 14
77 92
46 92
7 3
67 54
45 15
36 46
72 46
59 47
85 46
62 63
0 1
84 26
