0
96
44 99
2 97
22 97
45 25
38 99
29 25
0 20
20 5
7 10
5 25
24 23
32 23
94 82
82 72
7 35
22 21
95 40
8 21
89 40
34 40
44 40
0 1
76 1
33 39
38 39
2 1
3 1
4 1
34 39
65 39
86 1
17 20
77 20
24 70
46 42
9 42
84 42
52 34
92 55
22 58
80 81
3 81
16 12
73 12
27 9
5 12
2 30
5 9
22 30
32 31
7 8
37 8
11 8
78 8
68 78
6 29
18 19
3 29
7 26
24 29
49 29
17 16
2 4
11 4
5 4
75 4
92 4
6 17
2 41
45 41
10 22
17 22
15 14
66 67
24 17
63 88
45 50
76 54
98 54
24 87
24 53
66 65
2 62
24 62
61 62
43 45
82 44
69 44
82 57
73 57
66 71
2 18
7 18
74 18
3 84
2 3
