0
100
32 50
33 50
20 50
45 50
43 50
19 50
6 50
21 50
29 50
38 50
46 50
17 50
25 50
48 50
0 50
36 50
37 50
18 50
19 28
39 50
28 50
8 50
27 50
47 50
12 50
4 50
24 50
13 50
41 50
9 50
0 30
8 30
24 5
44 50
31 50
22 50
46 5
12 3
49 50
34 50
4 30
5 50
3 50
15 50
23 11
19 34
26 50
25 30
15 30
30 50
14 50
42 11
16 50
32 14
44 10
31 11
2 50
23 50
40 50
21 11
11 50
12 10
10 50
35 50
42 50
1 50
24 7
13 7
33 7
21 7
23 7
6 7
8 22
2 22
24 40
46 7
20 22
47 40
20 21
15 7
43 40
20 37
43 37
45 7
22 7
20 7
31 7
6 37
15 37
37 7
21 40
48 7
36 7
49 7
27 14
9 7
36 40
29 7
18 7
14 7
