0
100
11 99
33 99
9 99
27 99
49 99
48 99
62 99
96 94
94 99
89 67
1 67
84 99
1 99
28 99
42 34
11 71
19 51
19 73
51 99
18 4
19 71
36 99
14 67
63 67
58 99
45 71
45 67
21 71
21 54
15 67
25 99
86 99
56 99
77 54
19 8
3 67
38 54
28 71
53 99
34 54
54 99
5 67
62 67
79 71
17 99
18 8
24 8
95 99
40 37
30 71
21 99
33 8
96 69
27 8
47 99
0 8
12 67
70 8
71 99
84 37
98 67
2 67
89 99
48 8
22 37
75 99
28 37
83 67
63 76
16 99
8 99
30 37
5 37
25 67
48 37
64 76
47 76
34 99
97 87
35 37
96 87
53 87
18 76
44 99
61 67
7 67
62 76
77 67
89 37
84 76
49 87
47 67
92 99
30 67
59 67
98 87
2 37
43 87
87 99
45 76
