0
100
42 99
6 99
73 80
80 99
72 99
25 99
88 99
75 99
66 53
9 99
49 99
2 99
34 99
85 82
66 99
45 53
53 99
73 99
42 82
82 99
4 15
30 15
24 15
87 99
68 15
16 38
28 15
81 15
38 99
35 99
56 15
55 84
68 99
83 99
45 74
36 43
38 9
38 84
3 15
22 84
86 99
8 15
43 99
9 15
74 15
87 15
85 99
84 99
97 15
62 99
20 99
71 99
56 77
52 99
79 99
50 99
10 99
62 15
94 15
98 99
98 27
73 15
75 15
1 77
12 99
90 99
56 91
27 99
96 77
45 15
95 99
34 77
69 15
15 99
50 63
31 99
24 99
63 99
1 99
56 99
67 99
39 99
5 99
68 87
50 87
87 92
32 92
50 92
55 92
0 92
86 92
57 92
81 92
94 92
18 92
16 92
67 92
53 92
21 92
5 92
