0
99
50 79
84 99
22 99
79 99
72 95
77 95
85 35
72 38
66 38
81 34
39 34
73 61
56 74
59 61
87 70
55 70
49 61
26 86
27 94
72 74
15 94
54 20
52 17
2 13
90 13
30 91
12 17
76 91
12 5
19 14
5 89
6 89
0 51
37 28
53 14
69 39
39 62
32 62
54 51
57 21
81 21
3 59
47 93
15 18
47 18
57 4
82 93
93 6
47 4
84 16
52 92
36 16
41 92
1 50
11 55
81 56
68 56
82 8
33 8
44 41
57 87
68 25
1 25
67 77
83 28
28 2
36 32
73 83
9 23
42 90
11 43
29 5
45 42
15 52
44 98
76 31
7 31
30 96
60 64
36 64
65 33
88 48
40 97
63 48
7 29
88 24
75 24
19 3
46 58
75 80
71 80
69 10
9 10
46 71
45 78
63 7
60 26
0 37
84 66
