0
100
70 90
69 90
87 90
28 90
54 90
16 90
65 90
34 90
81 90
61 90
30 90
58 90
71 90
12 90
35 90
59 6
14 6
38 90
6 90
72 90
74 90
8 90
49 90
16 46
46 90
67 90
21 90
22 90
76 90
89 90
80 90
4 90
9 90
7 90
0 90
22 1
48 90
79 90
3 1
32 90
86 90
72 73
1 90
64 90
62 90
11 90
50 90
52 90
27 90
3 45
15 90
3 90
45 90
18 90
63 14
23 90
10 90
2 90
64 76
43 90
14 90
69 42
77 90
0 64
39 90
40 90
5 90
56 90
42 90
31 90
51 90
19 90
41 90
68 90
82 90
88 90
73 90
78 90
25 90
60 90
13 90
36 90
28 85
63 85
50 85
4 85
55 85
30 85
27 85
71 85
72 85
0 63
64 85
49 85
46 85
52 85
10 85
88 85
24 85
54 85
