0
100
18 94
51 94
73 94
49 94
93 94
4 94
59 94
62 94
8 94
87 6
32 94
22 6
85 87
34 94
84 94
6 94
47 94
12 11
87 94
91 11
13 11
84 11
16 11
80 11
28 11
76 11
59 11
63 11
34 11
90 11
64 11
54 74
74 11
83 11
67 11
43 11
68 11
54 10
14 11
89 11
37 10
71 10
93 10
9 10
17 10
26 10
4 10
22 10
47 10
83 10
90 10
41 64
0 18
65 64
19 64
22 64
89 64
73 64
1 64
33 64
5 64
17 64
4 64
85 64
89 40
37 64
13 40
47 64
39 40
15 64
77 48
87 64
14 64
32 58
43 64
47 40
91 40
76 40
41 40
67 64
82 64
45 64
63 64
38 64
40 64
79 64
43 44
89 44
28 64
14 44
54 44
26 44
71 44
82 44
61 44
15 44
62 44
63 44
45 44
91 44
