0
100
18 99
17 99
68 99
0 99
6 99
84 99
12 99
17 51
75 99
43 99
18 70
17 70
76 99
51 99
21 61
13 16
13 99
29 42
11 99
70 99
73 61
13 17
78 99
77 99
87 99
36 99
3 27
27 99
73 99
61 99
53 99
21 99
16 99
85 47
48 99
42 99
34 99
63 47
13 90
21 47
83 21
62 99
5 99
15 99
55 59
74 99
19 99
75 47
23 99
2 99
49 99
25 99
47 99
63 99
82 99
45 99
64 99
40 99
9 99
83 38
56 99
66 99
8 99
13 50
13 88
38 99
58 99
72 99
90 99
1 99
39 99
29 14
65 99
41 99
88 99
31 99
66 35
22 99
55 67
95 99
26 35
7 99
50 99
10 99
29 55
85 99
93 99
18 14
67 14
57 99
35 99
26 99
3 80
94 99
29 80
73 14
98 99
29 99
80 99
81 99
