0
100
6 99
22 99
48 99
79 99
27 99
78 99
25 61
14 99
39 99
62 61
24 61
51 61
80 99
75 99
22 20
70 61
66 99
86 61
50 61
36 99
16 99
43 29
78 61
93 61
81 99
74 61
9 61
72 99
68 20
98 54
14 20
75 61
16 20
24 54
50 20
82 99
92 20
37 20
0 17
65 20
74 20
73 99
54 61
52 17
6 88
25 76
20 99
72 90
12 99
98 99
21 17
92 90
51 76
3 52
6 61
38 99
55 90
15 88
59 28
15 28
17 99
98 61
76 99
34 88
95 3
80 57
10 99
7 23
68 30
39 84
16 23
65 23
48 30
96 90
31 28
18 61
30 61
18 28
63 99
71 61
70 99
25 3
83 88
65 99
28 99
59 61
49 99
59 23
22 3
89 99
0 97
18 23
37 90
7 99
35 61
88 61
63 23
1 23
89 90
66 26
