0
100
11 96
94 64
64 96
40 96
74 96
18 96
9 96
58 96
5 96
32 96
94 96
21 96
78 96
20 96
61 96
11 34
27 21
10 96
34 96
82 96
25 29
29 96
25 96
80 96
42 96
89 96
83 88
58 10
2 88
74 95
65 96
28 96
55 70
30 96
68 88
75 96
51 96
54 96
38 96
28 77
31 96
18 88
12 70
77 88
95 96
49 36
74 4
90 96
74 62
11 70
3 88
12 88
74 88
31 87
86 96
70 96
91 96
1 36
33 76
62 88
57 36
72 85
45 43
5 76
43 88
8 88
36 96
87 88
16 4
14 88
29 88
26 96
65 67
27 34
38 22
10 88
27 96
79 96
11 22
33 88
58 35
78 88
20 4
34 4
27 67
47 22
57 96
43 96
6 96
85 96
7 88
7 4
63 96
35 88
58 38
27 94
56 4
58 2
88 96
57 4
