0
100
61 65
63 65
61 59
58 65
62 60
62 65
63 60
0 63
61 55
59 65
56 60
61 60
58 57
63 57
59 60
61 57
62 57
61 53
62 53
54 53
63 53
62 49
61 49
63 49
46 45
37 41
50 49
46 42
43 42
43 39
37 38
39 41
34 38
35 39
52 48
35 36
43 44
35 31
44 40
30 31
27 31
26 27
23 27
14 15
22 23
16 20
14 18
29 24
19 23
17 18
15 19
21 22
21 25
30 26
33 29
35 34
62 7
61 64
52 56
8 63
61 7
3 2
61 54
62 56
6 63
62 58
3 63
1 63
3 7
7 63
61 56
5 63
52 51
9 63
55 63
54 63
50 63
52 63
61 11
62 11
51 63
4 63
62 55
10 63
10 11
62 12
61 12
2 63
58 63
59 63
8 12
56 63
11 63
16 12
8 7
0 61
62 5
10 6
61 6
62 6
