0
100
83 88
67 88
58 88
83 4
34 4
44 4
12 4
2 4
46 84
61 84
52 5
28 84
25 54
70 84
5 84
36 84
83 1
83 54
41 54
65 54
67 1
58 1
64 1
6 27
26 5
36 5
65 5
67 5
7 27
41 27
70 5
52 27
27 5
79 32
26 34
39 55
19 48
85 32
19 25
29 48
18 55
14 50
15 78
15 48
50 5
48 32
55 5
28 34
0 24
60 34
39 76
68 78
53 34
9 63
30 63
60 63
25 63
46 76
83 76
28 76
64 10
19 10
82 59
62 59
10 59
69 11
70 59
66 11
53 59
36 24
11 59
69 75
67 75
38 75
12 75
31 48
25 48
21 48
53 48
33 68
87 68
65 68
16 74
21 68
73 74
36 74
41 81
82 74
81 68
30 27
31 27
77 80
7 80
46 80
87 80
47 40
40 80
35 80
0 69
16 31
