0
100
52 99
0 99
95 99
92 99
6 99
45 99
36 99
44 99
66 64
95 64
78 99
28 64
34 99
24 99
63 64
58 99
90 64
93 55
90 99
41 99
82 99
96 99
23 99
67 99
87 64
37 99
2 64
30 64
23 69
69 99
31 64
54 55
32 64
16 55
59 64
67 64
83 64
51 55
55 64
66 99
98 99
29 64
80 99
68 26
26 99
80 38
78 64
68 99
13 64
16 99
72 57
28 99
85 99
59 99
21 99
90 38
4 99
80 87
18 64
30 57
35 64
85 64
84 99
93 64
57 64
23 38
24 33
38 64
84 64
53 40
87 99
35 10
41 10
79 99
79 64
15 99
93 99
10 99
26 64
53 99
1 99
69 64
68 43
40 33
78 62
92 62
3 99
65 43
34 33
58 62
11 99
80 64
16 64
17 99
6 64
52 43
40 99
18 99
31 99
75 99
