0
100
35 95
55 95
94 68
66 25
50 95
26 29
62 95
65 95
52 95
39 11
3 25
25 95
68 95
66 11
27 11
92 11
4 28
75 11
35 28
34 89
89 95
82 28
21 11
37 28
13 95
79 95
49 28
79 11
28 95
45 11
46 11
88 95
60 11
62 11
63 29
76 29
45 95
66 95
17 11
61 95
70 11
7 11
53 95
37 95
71 11
17 38
21 38
77 95
26 38
52 38
29 11
93 95
39 9
92 38
65 59
74 38
7 9
87 11
36 11
46 9
87 9
38 95
74 9
49 9
17 9
0 9
78 5
37 40
76 5
18 5
55 41
41 9
80 40
35 9
73 40
23 9
63 9
69 5
80 9
70 9
34 43
65 5
77 9
40 9
13 9
39 15
18 30
30 5
15 9
92 9
77 24
87 5
42 24
4 24
7 5
90 9
18 24
19 24
64 5
84 2
