5
72
5
55
4
69
100
69 21
7 73
0 73
69 20
21 73
58 73
3 73
58 68
43 42
42 68
71 73
13 73
17 9
62 73
20 73
19 68
49 68
64 9
6 68
8 73
30 59
43 73
67 73
64 68
15 73
1 73
47 68
57 68
17 68
60 68
28 59
45 68
40 73
11 9
49 73
35 68
70 68
42 63
8 68
49 9
47 73
68 73
13 63
24 59
53 63
39 64
23 73
15 63
63 73
12 59
7 46
23 9
50 73
29 9
16 9
28 9
59 73
15 9
20 9
47 9
8 9
61 46
70 9
60 13
46 73
45 73
35 73
57 73
43 9
28 73
19 18
66 9
49 25
18 9
30 25
45 9
16 73
11 73
61 9
2 9
14 9
27 73
56 9
47 18
21 9
36 25
10 73
26 9
7 9
10 9
1 9
18 73
25 73
39 9
65 73
48 73
33 9
10 62
3 9
67 9
