0
100
88 98
65 98
69 98
86 98
0 72
27 98
1 98
56 98
81 98
80 98
32 98
84 98
74 98
36 98
89 98
61 98
54 98
18 98
26 98
50 98
30 98
77 57
13 98
89 82
40 98
83 98
16 98
93 98
76 49
73 98
86 57
15 57
20 57
59 98
34 49
66 49
49 98
96 98
93 57
69 80
34 57
79 57
37 98
80 57
61 57
60 45
62 57
69 55
33 45
87 22
37 45
73 45
73 75
79 66
50 57
52 98
43 57
57 98
39 71
87 98
87 71
3 55
29 98
39 55
63 98
24 98
0 98
86 55
86 47
78 98
78 64
20 64
20 55
54 71
54 64
24 64
48 71
18 47
67 64
33 17
22 71
30 29
17 47
47 98
30 71
65 31
36 71
89 71
79 55
72 71
41 55
43 94
12 98
58 64
93 25
2 98
8 55
43 64
93 55
17 71
