0
100
17 99
85 76
34 99
76 99
56 99
31 99
20 81
78 99
45 81
22 38
78 38
86 38
89 38
81 99
1 99
60 38
47 38
27 28
68 28
45 28
11 63
58 5
73 96
78 5
57 96
16 67
66 36
52 96
63 96
25 5
32 96
5 96
97 87
66 87
62 87
40 35
72 35
11 75
50 76
20 70
91 70
45 70
35 70
79 76
76 70
23 59
11 59
11 30
29 30
84 59
30 59
86 31
42 59
86 59
15 59
22 94
52 31
94 31
95 54
79 54
71 54
74 54
33 21
56 21
46 21
36 21
40 88
86 21
52 21
67 5
34 88
50 24
52 88
71 88
40 43
95 43
34 43
16 18
7 43
24 43
81 43
68 18
44 18
15 18
69 18
52 18
6 3
98 18
17 65
27 3
45 65
78 65
90 65
22 19
86 65
6 19
86 19
91 19
98 19
29 64
