0
100
14 99
0 37
65 99
96 99
41 79
28 79
5 9
87 99
74 57
80 70
57 99
2 70
14 74
9 99
89 81
20 17
68 79
20 82
48 81
79 99
68 69
58 99
13 99
22 81
89 69
81 99
66 69
62 99
97 69
36 70
64 69
43 99
1 69
77 99
14 75
51 70
84 69
94 70
63 69
27 69
55 70
86 99
46 99
80 95
71 70
58 70
90 69
83 99
93 69
40 95
97 95
11 99
89 70
26 95
16 88
77 10
59 70
68 29
44 99
69 99
5 70
93 70
22 29
16 10
88 70
39 10
23 70
44 79
79 70
62 54
6 95
10 99
43 15
97 29
54 99
94 16
19 70
16 95
95 70
5 57
32 29
25 57
56 57
16 57
36 99
73 70
68 70
40 99
64 42
60 70
64 99
24 57
21 99
12 98
53 99
54 57
68 42
29 70
26 99
57 70
