0
100
74 5
20 99
13 99
94 99
5 99
38 33
78 99
65 99
33 99
39 99
23 99
31 80
83 37
14 93
80 1
8 1
74 37
31 40
25 79
22 79
53 1
79 1
81 37
13 71
26 51
81 51
71 1
19 51
5 37
29 1
20 51
44 66
7 66
44 41
52 97
41 37
87 48
12 75
44 54
70 51
61 66
37 1
24 51
66 1
12 48
74 95
9 48
74 54
54 1
90 48
84 63
3 66
56 57
95 48
56 63
66 48
63 48
43 48
38 34
44 48
19 36
38 49
69 75
25 75
34 48
12 49
23 49
75 48
36 48
61 49
90 49
25 45
13 45
22 45
38 45
45 49
30 33
35 33
60 33
77 33
19 33
30 83
74 18
64 93
7 33
28 18
18 40
93 33
55 33
65 33
54 33
94 33
70 40
20 40
73 40
72 98
55 98
2 40
39 40
18 98
