0
100
92 93
90 96
93 96
95 96
94 96
90 92
86 88
86 87
87 92
91 92
94 92
93 95
94 95
87 90
87 91
85 89
88 89
85 87
84 85
81 85
86 85
83 85
75 77
77 82
83 82
81 82
80 82
80 84
81 84
83 84
83 86
74 77
79 81
80 81
83 81
79 76
79 77
76 81
77 81
79 78
75 78
73 78
76 78
80 78
73 77
74 78
75 76
80 77
74 76
76 77
79 80
73 76
71 76
75 74
71 74
72 74
72 73
75 73
70 73
71 73
75 79
70 74
69 73
73 74
66 67
68 67
62 65
64 67
64 65
65 67
62 67
69 67
71 67
70 67
66 72
71 72
69 72
70 72
71 75
69 70
62 63
64 66
66 71
66 70
68 69
66 69
63 66
59 63
64 63
58 63
66 65
62 68
59 61
61 62
58 62
59 62
58 64
50 56
53 55
55 56
