0
100
49 67
51 94
7 94
12 94
15 94
62 94
45 94
78 94
78 67
18 94
41 94
23 73
11 94
73 94
33 67
66 67
48 94
81 94
14 94
26 67
19 67
70 67
13 67
32 94
59 94
37 67
43 94
59 27
12 67
89 94
14 27
85 27
22 94
27 94
35 94
60 67
66 94
5 94
5 67
20 67
64 94
75 61
69 63
75 67
72 94
87 94
1 2
88 63
9 94
9 55
63 94
84 94
20 2
61 94
24 2
54 94
64 2
55 67
88 67
7 67
93 2
71 65
50 94
77 94
31 94
91 94
71 67
65 94
80 2
38 67
24 94
23 52
82 2
67 94
92 94
88 94
57 94
93 94
42 94
28 94
69 94
46 94
52 94
55 94
84 26
23 94
20 94
17 94
26 94
74 94
51 44
62 44
44 94
21 94
60 94
10 94
53 94
76 94
30 94
54 90
