0
100
47 95
83 95
42 95
81 95
24 95
78 39
14 95
57 39
68 39
32 95
20 23
23 95
39 95
45 95
64 95
57 54
6 95
54 95
69 90
90 95
62 32
78 3
38 95
41 95
78 16
20 95
40 95
16 95
3 95
63 95
50 33
1 33
89 33
35 33
92 33
51 33
2 33
55 33
90 33
58 37
41 33
7 5
40 33
56 5
57 5
78 43
57 29
15 5
81 37
11 33
69 5
78 37
5 33
19 37
93 37
19 33
69 34
58 33
85 33
73 45
37 33
55 38
56 34
81 33
34 33
38 45
72 79
25 79
30 33
57 45
79 33
78 45
72 45
56 17
17 45
2 80
14 29
0 45
15 45
93 45
81 80
66 45
64 29
92 45
29 45
80 45
74 45
54 45
11 45
41 45
79 45
42 45
62 46
77 45
63 46
35 46
58 46
21 45
57 6
1 46
