0
100
21 96
72 96
38 96
66 96
65 96
71 17
18 96
17 96
28 96
6 96
85 96
69 96
11 96
54 96
91 84
8 96
84 96
3 96
47 50
24 96
61 50
92 57
44 50
50 96
84 19
27 30
85 19
36 19
49 96
15 19
31 96
30 19
35 96
58 96
46 96
63 7
82 19
47 96
87 96
56 19
0 19
54 16
14 7
91 16
51 16
38 93
93 19
63 19
26 7
14 19
80 96
23 96
72 16
55 96
42 19
81 96
77 7
55 19
57 96
26 16
51 7
46 16
74 96
44 96
66 19
19 96
71 96
54 2
20 16
92 2
87 16
26 51
70 2
34 96
51 96
26 96
78 96
30 89
58 16
2 96
30 96
9 96
56 96
94 89
64 89
53 80
92 96
65 37
90 96
89 16
3 64
47 45
29 45
95 16
29 96
41 96
67 96
74 21
53 40
33 16
