0
98
0 99
98 97
96 97
94 93
91 93
94 95
96 95
90 92
89 91
88 90
87 89
85 86
87 88
87 86
83 84
80 82
83 82
81 82
80 81
77 79
76 78
78 79
75 76
75 77
71 72
72 74
75 74
71 73
66 68
68 70
69 70
67 69
64 66
64 65
65 67
64 63
61 63
61 62
59 60
61 60
56 58
57 58
53 54
55 56
56 57
53 55
50 52
51 52
49 51
47 49
47 48
48 50
45 46
43 44
44 46
41 43
42 43
41 42
36 38
38 40
39 41
37 39
35 37
34 35
32 34
35 36
32 33
29 31
30 31
29 30
24 26
25 26
29 28
27 28
24 25
22 23
21 23
20 22
19 21
18 20
18 19
14 13
15 17
16 17
14 16
13 15
8 10
9 10
11 12
11 13
7 9
3 5
5 6
6 8
5 7
2 4
1 3
0 2
