0
100
0 21
10 98
2 98
47 98
21 98
60 98
74 71
12 98
3 98
26 98
78 71
84 64
71 98
22 98
17 98
8 45
81 98
23 57
29 98
25 57
46 97
79 82
69 97
12 92
92 98
2 53
82 98
97 98
72 53
69 59
39 98
63 98
57 98
59 98
44 31
83 53
45 98
79 53
4 98
96 53
11 98
84 89
10 53
53 98
31 98
8 36
58 98
63 50
17 54
69 98
65 36
63 13
75 3
79 54
23 89
8 65
17 75
44 98
54 98
83 19
42 19
19 98
78 50
47 73
2 50
73 36
89 98
81 13
65 98
13 98
36 98
70 50
7 50
5 50
61 50
16 50
77 50
9 50
85 50
25 50
26 71
62 71
71 50
0 50
0 6
84 50
62 33
33 50
62 50
74 97
6 50
8 27
22 50
88 80
80 50
96 97
37 50
17 50
17 97
97 50
