0
100
54 98
0 98
3 98
36 98
22 98
10 57
57 98
25 98
42 98
0 66
61 98
9 98
33 66
15 79
87 66
79 66
37 98
23 98
16 66
37 77
9 66
41 98
5 98
66 98
24 98
50 98
60 98
17 98
21 98
22 62
67 62
54 62
85 62
24 62
15 62
21 62
26 62
54 86
91 62
0 86
58 62
0 81
54 16
16 81
42 62
42 90
37 90
25 96
61 68
71 62
23 62
3 97
23 68
14 95
51 62
14 77
14 97
78 62
1 96
61 86
5 96
97 62
47 77
15 77
83 62
21 77
31 95
63 96
23 77
31 86
41 96
23 96
51 90
50 81
5 93
36 77
0 96
5 62
15 86
77 62
16 96
48 95
49 12
12 62
75 62
16 90
3 81
41 86
15 68
4 86
9 81
60 81
13 68
9 68
65 62
65 68
36 90
1 86
49 7
17 81
