0
100
98 99
97 99
55 95
95 99
96 99
70 94
83 79
73 97
97 94
84 94
91 94
88 79
69 94
57 79
68 94
60 79
73 79
61 94
72 94
89 94
68 79
91 86
90 79
86 94
87 89
89 79
78 94
75 94
76 94
84 79
95 79
77 79
88 94
77 94
81 56
66 94
87 94
98 79
74 94
98 94
75 81
60 94
78 92
63 94
83 76
88 92
84 76
68 56
83 71
66 71
55 94
62 94
75 76
61 81
63 81
62 95
92 79
69 57
77 71
77 76
73 57
71 79
61 79
81 94
58 56
90 94
63 76
76 79
75 79
68 77
93 94
61 67
56 94
69 79
91 92
83 94
74 79
58 94
97 79
73 94
62 79
70 65
59 79
96 94
70 79
91 79
83 92
68 61
64 86
72 65
86 79
66 79
64 94
66 61
85 94
95 94
83 61
87 85
59 94
63 79
