0
100
11 25
44 58
67 81
49 25
66 25
17 81
78 81
49 5
48 81
21 25
75 81
44 81
55 81
25 81
21 81
72 81
79 81
77 65
74 64
53 65
64 65
0 41
70 65
46 65
11 65
54 55
2 55
77 50
55 65
19 65
41 65
68 65
18 65
78 65
56 7
69 65
30 65
63 65
29 65
16 7
23 7
39 7
44 7
75 7
49 8
66 35
62 35
1 67
30 7
1 61
42 10
3 35
58 67
54 61
66 61
75 35
8 7
15 13
14 10
78 5
71 10
54 13
36 5
5 10
79 10
13 10
26 35
25 10
63 10
39 10
15 10
66 10
3 10
59 35
58 35
4 35
36 35
63 35
19 14
18 14
72 14
56 14
46 14
17 14
77 14
2 14
63 14
4 14
34 14
44 14
11 14
57 14
53 6
49 14
45 6
80 6
76 6
62 12
51 6
69 6
