0
100
30 97
80 97
11 97
66 40
53 97
22 24
8 97
40 97
68 97
72 46
35 97
46 97
81 24
2 97
19 97
23 24
95 97
31 6
36 97
40 21
79 31
6 97
78 24
10 21
85 21
66 83
66 31
87 21
26 24
7 97
8 31
21 97
57 64
14 24
96 24
79 24
39 97
22 83
79 70
66 71
48 70
70 31
83 97
44 31
2 43
19 51
31 97
44 12
19 24
3 12
56 64
1 97
38 24
65 3
12 24
61 24
26 42
73 24
3 64
22 56
49 15
56 24
50 97
53 82
89 97
15 24
49 42
43 64
23 64
86 24
76 24
89 24
84 64
91 97
37 82
64 97
5 42
41 42
5 24
69 24
44 24
16 24
10 42
33 97
83 24
49 97
65 34
73 28
86 42
34 97
86 18
87 24
87 47
2 24
28 97
18 24
41 97
8 42
2 42
51 24
